#
# There is insufficient memory for the Java Runtime Environment to continue.
# Native memory allocation (malloc) failed to allocate 2093536 bytes. Error detail: Chunk::new
# Possible reasons:
#   The system is out of physical RAM or swap space
#   This process is running with CompressedOops enabled, and the Java Heap may be blocking the growth of the native heap
# Possible solutions:
#   Reduce memory load on the system
#   Increase physical memory or swap space
#   Check if swap backing store is full
#   Decrease Java heap size (-Xmx/-Xms)
#   Decrease number of Java threads
#   Decrease Java thread stack sizes (-Xss)
#   Set larger code cache with -XX:ReservedCodeCacheSize=
#   JVM is running with Unscaled Compressed Oops mode in which the Java heap is
#     placed in the first 4GB address space. The Java Heap base address is the
#     maximum limit for the native heap growth. Please use -XX:HeapBaseMinAddress
#     to set the Java Heap base and to place the Java Heap above 4GB virtual address.
# This output file may be truncated or incomplete.
#
#  Out of Memory Error (arena.cpp:168), pid=20412, tid=14864
#
# JRE version: OpenJDK Runtime Environment Temurin-21.0.8+9 (21.0.8+9) (build 21.0.8+9-LTS)
# Java VM: OpenJDK 64-Bit Server VM Temurin-21.0.8+9 (21.0.8+9-LTS, mixed mode, sharing, tiered, compressed oops, compressed class ptrs, parallel gc, windows-amd64)
# No core dump will be written. Minidumps are not enabled by default on client versions of Windows
#

---------------  S U M M A R Y ------------

Command Line: --add-modules=ALL-SYSTEM --add-opens=java.base/java.util=ALL-UNNAMED --add-opens=java.base/java.lang=ALL-UNNAMED --add-opens=java.base/sun.nio.fs=ALL-UNNAMED -Declipse.application=org.eclipse.jdt.ls.core.id1 -Dosgi.bundles.defaultStartLevel=4 -Declipse.product=org.eclipse.jdt.ls.core.product -Djava.import.generatesMetadataFilesAtProjectRoot=false -DDetectVMInstallationsJob.disabled=true -Dfile.encoding=utf8 -XX:+UseParallelGC -XX:GCTimeRatio=4 -XX:AdaptiveSizePolicyWeight=90 -Dsun.zip.disableMemoryMapping=true -Xmx2G -Xms100m -Xlog:disable -javaagent:c:\Users\sangt\.vscode\extensions\redhat.java-1.47.0-win32-x64\lombok\lombok-1.18.39-4050.jar c:\Users\sangt\.vscode\extensions\redhat.java-1.47.0-win32-x64\server\plugins\org.eclipse.equinox.launcher_1.7.100.v20251014-1222.jar -configuration c:\Users\sangt\AppData\Roaming\Code\User\globalStorage\redhat.java\1.47.0\config_ss_win -data c:\Users\sangt\AppData\Roaming\Code\User\workspaceStorage\7d1134707a68a00be3cd60c05c6d889f\redhat.java\ss_ws --pipe=\\.\pipe\lsp-81aadc48de7b459e854f7a3e4d7b984c-sock

Host: 11th Gen Intel(R) Core(TM) i5-11400H @ 2.70GHz, 12 cores, 19G,  Windows 11 , 64 bit Build 26100 (10.0.26100.6725)
Time: Fri Nov  7 12:40:51 2025 SE Asia Standard Time elapsed time: 7.066112 seconds (0d 0h 0m 7s)

---------------  T H R E A D  ---------------

Current thread (0x00000170ff858880):  JavaThread "C2 CompilerThread1" daemon [_thread_in_native, id=14864, stack(0x000000569ad00000,0x000000569ae00000) (1024K)]


Current CompileTask:
C2:7066 2574       4       org.lombokweb.asm.ClassReader::readMethod (1070 bytes)

Stack: [0x000000569ad00000,0x000000569ae00000]
Native frames: (J=compiled Java code, j=interpreted, Vv=VM code, C=native code)
V  [jvm.dll+0x6d2449]
V  [jvm.dll+0x8ae341]
V  [jvm.dll+0x8b08be]
V  [jvm.dll+0x8b0fa3]
V  [jvm.dll+0x280c96]
V  [jvm.dll+0xc581d]
V  [jvm.dll+0xc5d53]
V  [jvm.dll+0x3b919c]
V  [jvm.dll+0x1e1213]
V  [jvm.dll+0x249022]
V  [jvm.dll+0x2484af]
V  [jvm.dll+0x1c89ee]
V  [jvm.dll+0x257d4d]
V  [jvm.dll+0x2562ea]
V  [jvm.dll+0x3f2d16]
V  [jvm.dll+0x857e6b]
V  [jvm.dll+0x6d0b0d]
C  [ucrtbase.dll+0x37b0]
C  [KERNEL32.DLL+0x2e8d7]
C  [ntdll.dll+0x8c53c]


---------------  P R O C E S S  ---------------

Threads class SMR info:
_java_thread_list=0x00000170da073320, length=20, elements={
0x00000170f9c6e4d0, 0x00000170f9c19170, 0x00000170f9c1ba50, 0x00000170f9c1da40,
0x00000170f9c1e690, 0x00000170ff4f2480, 0x00000170ff4f6290, 0x00000170ff4fa630,
0x00000170ff501130, 0x00000170f9cdb180, 0x00000170ff858880, 0x00000170ff81fde0,
0x00000170d86e5570, 0x00000170d89b5ca0, 0x00000170d8610e00, 0x00000170d8718660,
0x00000170d8aa8e50, 0x00000170d8e0d350, 0x00000170d8b0f090, 0x00000170dac49ca0
}

Java Threads: ( => current thread )
  0x00000170f9c6e4d0 JavaThread "main"                              [_thread_blocked, id=4956, stack(0x000000569a000000,0x000000569a100000) (1024K)]
  0x00000170f9c19170 JavaThread "Reference Handler"          daemon [_thread_blocked, id=19796, stack(0x000000569a400000,0x000000569a500000) (1024K)]
  0x00000170f9c1ba50 JavaThread "Finalizer"                  daemon [_thread_blocked, id=15764, stack(0x000000569a500000,0x000000569a600000) (1024K)]
  0x00000170f9c1da40 JavaThread "Signal Dispatcher"          daemon [_thread_blocked, id=13448, stack(0x000000569a600000,0x000000569a700000) (1024K)]
  0x00000170f9c1e690 JavaThread "Attach Listener"            daemon [_thread_blocked, id=4724, stack(0x000000569a700000,0x000000569a800000) (1024K)]
  0x00000170ff4f2480 JavaThread "Service Thread"             daemon [_thread_blocked, id=23576, stack(0x000000569a800000,0x000000569a900000) (1024K)]
  0x00000170ff4f6290 JavaThread "Monitor Deflation Thread"   daemon [_thread_blocked, id=6956, stack(0x000000569a900000,0x000000569aa00000) (1024K)]
  0x00000170ff4fa630 JavaThread "C2 CompilerThread0"         daemon [_thread_blocked, id=7716, stack(0x000000569aa00000,0x000000569ab00000) (1024K)]
  0x00000170ff501130 JavaThread "C1 CompilerThread0"         daemon [_thread_blocked, id=7292, stack(0x000000569ab00000,0x000000569ac00000) (1024K)]
  0x00000170f9cdb180 JavaThread "Common-Cleaner"             daemon [_thread_blocked, id=21960, stack(0x000000569ac00000,0x000000569ad00000) (1024K)]
=>0x00000170ff858880 JavaThread "C2 CompilerThread1"         daemon [_thread_in_native, id=14864, stack(0x000000569ad00000,0x000000569ae00000) (1024K)]
  0x00000170ff81fde0 JavaThread "Notification Thread"        daemon [_thread_blocked, id=11948, stack(0x000000569ae00000,0x000000569af00000) (1024K)]
  0x00000170d86e5570 JavaThread "Active Thread: Equinox Container: 3eac9a60-cbc0-4bc6-a22b-996a16e881db"        [_thread_blocked, id=8628, stack(0x000000569b600000,0x000000569b700000) (1024K)]
  0x00000170d89b5ca0 JavaThread "Framework Event Dispatcher: Equinox Container: 3eac9a60-cbc0-4bc6-a22b-996a16e881db" daemon [_thread_blocked, id=2512, stack(0x000000569b700000,0x000000569b800000) (1024K)]
  0x00000170d8610e00 JavaThread "Start Level: Equinox Container: 3eac9a60-cbc0-4bc6-a22b-996a16e881db" daemon [_thread_in_Java, id=12420, stack(0x000000569b800000,0x000000569b900000) (1024K)]
  0x00000170d8718660 JavaThread "SCR Component Actor"        daemon [_thread_blocked, id=19988, stack(0x000000569af00000,0x000000569b000000) (1024K)]
  0x00000170d8aa8e50 JavaThread "Worker-JM"                         [_thread_blocked, id=8612, stack(0x000000569bb00000,0x000000569bc00000) (1024K)]
  0x00000170d8e0d350 JavaThread "Worker-0"                          [_thread_blocked, id=17680, stack(0x000000569be00000,0x000000569bf00000) (1024K)]
  0x00000170d8b0f090 JavaThread "Worker-1"                          [_thread_blocked, id=6504, stack(0x000000569bf00000,0x000000569c000000) (1024K)]
  0x00000170dac49ca0 JavaThread "Worker-2"                          [_thread_blocked, id=24172, stack(0x000000569c000000,0x000000569c100000) (1024K)]
Total: 20

Other Threads:
  0x00000170f9c04520 VMThread "VM Thread"                           [id=22120, stack(0x000000569a300000,0x000000569a400000) (1024K)]
  0x00000170f9afc950 WatcherThread "VM Periodic Task Thread"        [id=12148, stack(0x000000569a200000,0x000000569a300000) (1024K)]
  0x00000170f9c8cff0 WorkerThread "GC Thread#0"                     [id=23736, stack(0x000000569a100000,0x000000569a200000) (1024K)]
  0x00000170d827bf10 WorkerThread "GC Thread#1"                     [id=3604, stack(0x000000569b000000,0x000000569b100000) (1024K)]
  0x00000170d8342940 WorkerThread "GC Thread#2"                     [id=23884, stack(0x000000569b100000,0x000000569b200000) (1024K)]
  0x00000170d8342ce0 WorkerThread "GC Thread#3"                     [id=8556, stack(0x000000569b200000,0x000000569b300000) (1024K)]
  0x00000170d8343080 WorkerThread "GC Thread#4"                     [id=24544, stack(0x000000569b300000,0x000000569b400000) (1024K)]
  0x00000170d87945a0 WorkerThread "GC Thread#5"                     [id=5748, stack(0x000000569b400000,0x000000569b500000) (1024K)]
  0x00000170d8794940 WorkerThread "GC Thread#6"                     [id=18084, stack(0x000000569b500000,0x000000569b600000) (1024K)]
  0x00000170d89dbf80 WorkerThread "GC Thread#7"                     [id=20952, stack(0x000000569b900000,0x000000569ba00000) (1024K)]
  0x00000170d87174b0 WorkerThread "GC Thread#8"                     [id=3104, stack(0x000000569bc00000,0x000000569bd00000) (1024K)]
  0x00000170d8716290 WorkerThread "GC Thread#9"                     [id=8844, stack(0x000000569bd00000,0x000000569be00000) (1024K)]
Total: 12

Threads with active compile tasks:
C2 CompilerThread1  7085 2574       4       org.lombokweb.asm.ClassReader::readMethod (1070 bytes)
Total: 1

VM state: not at safepoint (normal execution)

VM Mutex/Monitor currently owned by a thread: None

Heap address: 0x0000000080000000, size: 2048 MB, Compressed Oops mode: 32-bit

CDS archive(s) mapped at: [0x0000017093000000-0x0000017093ba0000-0x0000017093ba0000), size 12189696, SharedBaseAddress: 0x0000017093000000, ArchiveRelocationMode: 1.
Compressed class space mapped at: 0x0000017094000000-0x00000170d4000000, reserved size: 1073741824
Narrow klass base: 0x0000017093000000, Narrow klass shift: 0, Narrow klass range: 0x100000000

GC Precious Log:
 CardTable entry size: 512
 CPUs: 12 total, 12 available
 Memory: 20117M
 Large Page Support: Disabled
 NUMA Support: Disabled
 Compressed Oops: Enabled (32-bit)
 Alignments: Space 512K, Generation 512K, Heap 2M
 Heap Min Capacity: 100M
 Heap Initial Capacity: 100M
 Heap Max Capacity: 2G
 Pre-touch: Disabled
 Parallel Workers: 10

Heap:
 PSYoungGen      total 28672K, used 17437K [0x00000000d5580000, 0x00000000d7b00000, 0x0000000100000000)
  eden space 23552K, 74% used [0x00000000d5580000,0x00000000d6687478,0x00000000d6c80000)
  from space 5120K, 0% used [0x00000000d7300000,0x00000000d7300000,0x00000000d7800000)
  to   space 6656K, 0% used [0x00000000d6c80000,0x00000000d6c80000,0x00000000d7300000)
 ParOldGen       total 68608K, used 9778K [0x0000000080000000, 0x0000000084300000, 0x00000000d5580000)
  object space 68608K, 14% used [0x0000000080000000,0x000000008098cb28,0x0000000084300000)
 Metaspace       used 23671K, committed 24256K, reserved 1114112K
  class space    used 2301K, committed 2560K, reserved 1048576K

Card table byte_map: [0x00000170f9610000,0x00000170f9a20000] _byte_map_base: 0x00000170f9210000

Marking Bits: (ParMarkBitMap*) 0x00007ffd6cb2a340
 Begin Bits: [0x000001708f000000, 0x0000017091000000)
 End Bits:   [0x0000017091000000, 0x0000017093000000)

Polling page: 0x00000170f7a90000

Metaspace:

Usage:
  Non-class:     20.87 MB used.
      Class:      2.25 MB used.
       Both:     23.12 MB used.

Virtual space:
  Non-class space:       64.00 MB reserved,      21.19 MB ( 33%) committed,  1 nodes.
      Class space:        1.00 GB reserved,       2.50 MB ( <1%) committed,  1 nodes.
             Both:        1.06 GB reserved,      23.69 MB (  2%) committed. 

Chunk freelists:
   Non-Class:  10.50 MB
       Class:  13.45 MB
        Both:  23.95 MB

MaxMetaspaceSize: unlimited
CompressedClassSpaceSize: 1.00 GB
Initial GC threshold: 21.00 MB
Current GC threshold: 35.00 MB
CDS: on
 - commit_granule_bytes: 65536.
 - commit_granule_words: 8192.
 - virtual_space_node_default_size: 8388608.
 - enlarge_chunks_in_place: 1.
 - use_allocation_guard: 0.


Internal statistics:

num_allocs_failed_limit: 3.
num_arena_births: 482.
num_arena_deaths: 14.
num_vsnodes_births: 2.
num_vsnodes_deaths: 0.
num_space_committed: 379.
num_space_uncommitted: 0.
num_chunks_returned_to_freelist: 17.
num_chunks_taken_from_freelist: 1324.
num_chunk_merges: 7.
num_chunk_splits: 854.
num_chunks_enlarged: 577.
num_inconsistent_stats: 0.

CodeHeap 'non-profiled nmethods': size=120000Kb used=1351Kb max_used=1351Kb free=118649Kb
 bounds [0x0000017087ad0000, 0x0000017087d40000, 0x000001708f000000]
CodeHeap 'profiled nmethods': size=120000Kb used=5941Kb max_used=5941Kb free=114058Kb
 bounds [0x0000017080000000, 0x00000170805d0000, 0x0000017087530000]
CodeHeap 'non-nmethods': size=5760Kb used=1324Kb max_used=1370Kb free=4435Kb
 bounds [0x0000017087530000, 0x00000170877a0000, 0x0000017087ad0000]
CodeCache: size=245760Kb, used=8616Kb, max_used=8662Kb, free=237142Kb
 total_blobs=3580, nmethods=2979, adapters=507, full_count=0
Compilation: enabled, stopped_count=0, restarted_count=0

Compilation events (20 events):
Event: 6.037 Thread 0x00000170ff501130 nmethod 2973 0x00000170805c8790 code [0x00000170805c8920, 0x00000170805c8a88]
Event: 6.037 Thread 0x00000170ff501130 2969       3       java.util.ArrayList::rangeCheckForAdd (26 bytes)
Event: 6.037 Thread 0x00000170ff501130 nmethod 2969 0x00000170805c8b10 code [0x00000170805c8d80, 0x00000170805c9590]
Event: 6.037 Thread 0x00000170ff501130 2974       1       com.sun.org.apache.xerces.internal.dom.DocumentImpl::setMutationEvents (6 bytes)
Event: 6.037 Thread 0x00000170ff501130 nmethod 2974 0x0000017087c13e10 code [0x0000017087c13fa0, 0x0000017087c14070]
Event: 6.037 Thread 0x00000170ff856670 nmethod 2942 0x0000017087c14110 code [0x0000017087c142a0, 0x0000017087c14400]
Event: 6.037 Thread 0x00000170ff501130 2975       3       com.sun.org.apache.xerces.internal.dom.NodeImpl::ownerDocument (23 bytes)
Event: 6.037 Thread 0x00000170ff856670 2931       4       java.util.TreeMap::clear (21 bytes)
Event: 6.037 Thread 0x00000170ff501130 nmethod 2975 0x00000170805c9910 code [0x00000170805c9ae0, 0x00000170805c9eb0]
Event: 6.038 Thread 0x00000170ff501130 2976       3       com.sun.org.apache.xerces.internal.dom.DeferredDocumentImpl::clearChunkValue (69 bytes)
Event: 6.038 Thread 0x00000170ff856670 nmethod 2931 0x0000017087c14510 code [0x0000017087c146a0, 0x0000017087c14730]
Event: 6.038 Thread 0x00000170ff501130 nmethod 2976 0x00000170805c9f90 code [0x00000170805ca180, 0x00000170805ca870]
Event: 6.038 Thread 0x00000170ff501130 2970       3       java.util.ArrayList::add (65 bytes)
Event: 6.038 Thread 0x00000170ff501130 nmethod 2970 0x00000170805cab10 code [0x00000170805cad20, 0x00000170805cb388]
Event: 6.038 Thread 0x00000170ff501130 2977       1       org.eclipse.text.templates.TemplatePersistenceData::getId (5 bytes)
Event: 6.038 Thread 0x00000170ff501130 nmethod 2977 0x0000017087c14810 code [0x0000017087c149a0, 0x0000017087c14a68]
Event: 6.043 Thread 0x00000170ff501130 2978       3       java.util.HashSet::isEmpty (8 bytes)
Event: 6.043 Thread 0x00000170ff501130 nmethod 2978 0x00000170805cb610 code [0x00000170805cb7c0, 0x00000170805cba08]
Event: 6.045 Thread 0x00000170ff501130 2979       3       java.util.regex.Pattern$Node::<init> (12 bytes)
Event: 6.045 Thread 0x00000170ff501130 nmethod 2979 0x00000170805cbb10 code [0x00000170805cbcc0, 0x00000170805cbe48]

GC Heap History (14 events):
Event: 0.794 GC heap before
{Heap before GC invocations=1 (full 0):
 PSYoungGen      total 29696K, used 25600K [0x00000000d5580000, 0x00000000d7680000, 0x0000000100000000)
  eden space 25600K, 100% used [0x00000000d5580000,0x00000000d6e80000,0x00000000d6e80000)
  from space 4096K, 0% used [0x00000000d7280000,0x00000000d7280000,0x00000000d7680000)
  to   space 4096K, 0% used [0x00000000d6e80000,0x00000000d6e80000,0x00000000d7280000)
 ParOldGen       total 68608K, used 0K [0x0000000080000000, 0x0000000084300000, 0x00000000d5580000)
  object space 68608K, 0% used [0x0000000080000000,0x0000000080000000,0x0000000084300000)
 Metaspace       used 4354K, committed 4608K, reserved 1114112K
  class space    used 473K, committed 576K, reserved 1048576K
}
Event: 0.803 GC heap after
{Heap after GC invocations=1 (full 0):
 PSYoungGen      total 29696K, used 3264K [0x00000000d5580000, 0x00000000d7680000, 0x0000000100000000)
  eden space 25600K, 0% used [0x00000000d5580000,0x00000000d5580000,0x00000000d6e80000)
  from space 4096K, 79% used [0x00000000d6e80000,0x00000000d71b0158,0x00000000d7280000)
  to   space 4096K, 0% used [0x00000000d7280000,0x00000000d7280000,0x00000000d7680000)
 ParOldGen       total 68608K, used 16K [0x0000000080000000, 0x0000000084300000, 0x00000000d5580000)
  object space 68608K, 0% used [0x0000000080000000,0x0000000080004000,0x0000000084300000)
 Metaspace       used 4354K, committed 4608K, reserved 1114112K
  class space    used 473K, committed 576K, reserved 1048576K
}
Event: 1.429 GC heap before
{Heap before GC invocations=2 (full 0):
 PSYoungGen      total 29696K, used 28864K [0x00000000d5580000, 0x00000000d7680000, 0x0000000100000000)
  eden space 25600K, 100% used [0x00000000d5580000,0x00000000d6e80000,0x00000000d6e80000)
  from space 4096K, 79% used [0x00000000d6e80000,0x00000000d71b0158,0x00000000d7280000)
  to   space 4096K, 0% used [0x00000000d7280000,0x00000000d7280000,0x00000000d7680000)
 ParOldGen       total 68608K, used 16K [0x0000000080000000, 0x0000000084300000, 0x00000000d5580000)
  object space 68608K, 0% used [0x0000000080000000,0x0000000080004000,0x0000000084300000)
 Metaspace       used 8233K, committed 8512K, reserved 1114112K
  class space    used 879K, committed 1024K, reserved 1048576K
}
Event: 1.435 GC heap after
{Heap after GC invocations=2 (full 0):
 PSYoungGen      total 29696K, used 4087K [0x00000000d5580000, 0x00000000d7680000, 0x0000000100000000)
  eden space 25600K, 0% used [0x00000000d5580000,0x00000000d5580000,0x00000000d6e80000)
  from space 4096K, 99% used [0x00000000d7280000,0x00000000d767dea8,0x00000000d7680000)
  to   space 4096K, 0% used [0x00000000d6e80000,0x00000000d6e80000,0x00000000d7280000)
 ParOldGen       total 68608K, used 878K [0x0000000080000000, 0x0000000084300000, 0x00000000d5580000)
  object space 68608K, 1% used [0x0000000080000000,0x00000000800db820,0x0000000084300000)
 Metaspace       used 8233K, committed 8512K, reserved 1114112K
  class space    used 879K, committed 1024K, reserved 1048576K
}
Event: 1.980 GC heap before
{Heap before GC invocations=3 (full 0):
 PSYoungGen      total 29696K, used 29687K [0x00000000d5580000, 0x00000000d7680000, 0x0000000100000000)
  eden space 25600K, 100% used [0x00000000d5580000,0x00000000d6e80000,0x00000000d6e80000)
  from space 4096K, 99% used [0x00000000d7280000,0x00000000d767dea8,0x00000000d7680000)
  to   space 4096K, 0% used [0x00000000d6e80000,0x00000000d6e80000,0x00000000d7280000)
 ParOldGen       total 68608K, used 878K [0x0000000080000000, 0x0000000084300000, 0x00000000d5580000)
  object space 68608K, 1% used [0x0000000080000000,0x00000000800db820,0x0000000084300000)
 Metaspace       used 13018K, committed 13568K, reserved 1114112K
  class space    used 1383K, committed 1600K, reserved 1048576K
}
Event: 1.985 GC heap after
{Heap after GC invocations=3 (full 0):
 PSYoungGen      total 29696K, used 4089K [0x00000000d5580000, 0x00000000d7680000, 0x0000000100000000)
  eden space 25600K, 0% used [0x00000000d5580000,0x00000000d5580000,0x00000000d6e80000)
  from space 4096K, 99% used [0x00000000d6e80000,0x00000000d727e568,0x00000000d7280000)
  to   space 4096K, 0% used [0x00000000d7280000,0x00000000d7280000,0x00000000d7680000)
 ParOldGen       total 68608K, used 2745K [0x0000000080000000, 0x0000000084300000, 0x00000000d5580000)
  object space 68608K, 4% used [0x0000000080000000,0x00000000802ae458,0x0000000084300000)
 Metaspace       used 13018K, committed 13568K, reserved 1114112K
  class space    used 1383K, committed 1600K, reserved 1048576K
}
Event: 2.271 GC heap before
{Heap before GC invocations=4 (full 0):
 PSYoungGen      total 29696K, used 29689K [0x00000000d5580000, 0x00000000d7680000, 0x0000000100000000)
  eden space 25600K, 100% used [0x00000000d5580000,0x00000000d6e80000,0x00000000d6e80000)
  from space 4096K, 99% used [0x00000000d6e80000,0x00000000d727e568,0x00000000d7280000)
  to   space 4096K, 0% used [0x00000000d7280000,0x00000000d7280000,0x00000000d7680000)
 ParOldGen       total 68608K, used 2745K [0x0000000080000000, 0x0000000084300000, 0x00000000d5580000)
  object space 68608K, 4% used [0x0000000080000000,0x00000000802ae458,0x0000000084300000)
 Metaspace       used 16159K, committed 16832K, reserved 1114112K
  class space    used 1688K, committed 1984K, reserved 1048576K
}
Event: 2.274 GC heap after
{Heap after GC invocations=4 (full 0):
 PSYoungGen      total 29696K, used 4092K [0x00000000d5580000, 0x00000000d7680000, 0x0000000100000000)
  eden space 25600K, 0% used [0x00000000d5580000,0x00000000d5580000,0x00000000d6e80000)
  from space 4096K, 99% used [0x00000000d7280000,0x00000000d767f190,0x00000000d7680000)
  to   space 4096K, 0% used [0x00000000d6e80000,0x00000000d6e80000,0x00000000d7280000)
 ParOldGen       total 68608K, used 4694K [0x0000000080000000, 0x0000000084300000, 0x00000000d5580000)
  object space 68608K, 6% used [0x0000000080000000,0x0000000080495928,0x0000000084300000)
 Metaspace       used 16159K, committed 16832K, reserved 1114112K
  class space    used 1688K, committed 1984K, reserved 1048576K
}
Event: 2.512 GC heap before
{Heap before GC invocations=5 (full 0):
 PSYoungGen      total 29696K, used 29692K [0x00000000d5580000, 0x00000000d7680000, 0x0000000100000000)
  eden space 25600K, 100% used [0x00000000d5580000,0x00000000d6e80000,0x00000000d6e80000)
  from space 4096K, 99% used [0x00000000d7280000,0x00000000d767f190,0x00000000d7680000)
  to   space 4096K, 0% used [0x00000000d6e80000,0x00000000d6e80000,0x00000000d7280000)
 ParOldGen       total 68608K, used 4694K [0x0000000080000000, 0x0000000084300000, 0x00000000d5580000)
  object space 68608K, 6% used [0x0000000080000000,0x0000000080495928,0x0000000084300000)
 Metaspace       used 20237K, committed 20928K, reserved 1114112K
  class space    used 1984K, committed 2304K, reserved 1048576K
}
Event: 2.516 GC heap after
{Heap after GC invocations=5 (full 0):
 PSYoungGen      total 29184K, used 4088K [0x00000000d5580000, 0x00000000d7800000, 0x0000000100000000)
  eden space 25088K, 0% used [0x00000000d5580000,0x00000000d5580000,0x00000000d6e00000)
  from space 4096K, 99% used [0x00000000d6e80000,0x00000000d727e2b8,0x00000000d7280000)
  to   space 5120K, 0% used [0x00000000d7300000,0x00000000d7300000,0x00000000d7800000)
 ParOldGen       total 68608K, used 4779K [0x0000000080000000, 0x0000000084300000, 0x00000000d5580000)
  object space 68608K, 6% used [0x0000000080000000,0x00000000804aada8,0x0000000084300000)
 Metaspace       used 20237K, committed 20928K, reserved 1114112K
  class space    used 1984K, committed 2304K, reserved 1048576K
}
Event: 2.650 GC heap before
{Heap before GC invocations=6 (full 0):
 PSYoungGen      total 29184K, used 21103K [0x00000000d5580000, 0x00000000d7800000, 0x0000000100000000)
  eden space 25088K, 67% used [0x00000000d5580000,0x00000000d661db48,0x00000000d6e00000)
  from space 4096K, 99% used [0x00000000d6e80000,0x00000000d727e2b8,0x00000000d7280000)
  to   space 5120K, 0% used [0x00000000d7300000,0x00000000d7300000,0x00000000d7800000)
 ParOldGen       total 68608K, used 4779K [0x0000000080000000, 0x0000000084300000, 0x00000000d5580000)
  object space 68608K, 6% used [0x0000000080000000,0x00000000804aada8,0x0000000084300000)
 Metaspace       used 20847K, committed 21504K, reserved 1114112K
  class space    used 2015K, committed 2368K, reserved 1048576K
}
Event: 2.653 GC heap after
{Heap after GC invocations=6 (full 0):
 PSYoungGen      total 28672K, used 5096K [0x00000000d5580000, 0x00000000d7b00000, 0x0000000100000000)
  eden space 23552K, 0% used [0x00000000d5580000,0x00000000d5580000,0x00000000d6c80000)
  from space 5120K, 99% used [0x00000000d7300000,0x00000000d77fa310,0x00000000d7800000)
  to   space 6656K, 0% used [0x00000000d6c80000,0x00000000d6c80000,0x00000000d7300000)
 ParOldGen       total 68608K, used 5584K [0x0000000080000000, 0x0000000084300000, 0x00000000d5580000)
  object space 68608K, 8% used [0x0000000080000000,0x00000000805742b8,0x0000000084300000)
 Metaspace       used 20847K, committed 21504K, reserved 1114112K
  class space    used 2015K, committed 2368K, reserved 1048576K
}
Event: 2.653 GC heap before
{Heap before GC invocations=7 (full 1):
 PSYoungGen      total 28672K, used 5096K [0x00000000d5580000, 0x00000000d7b00000, 0x0000000100000000)
  eden space 23552K, 0% used [0x00000000d5580000,0x00000000d5580000,0x00000000d6c80000)
  from space 5120K, 99% used [0x00000000d7300000,0x00000000d77fa310,0x00000000d7800000)
  to   space 6656K, 0% used [0x00000000d6c80000,0x00000000d6c80000,0x00000000d7300000)
 ParOldGen       total 68608K, used 5584K [0x0000000080000000, 0x0000000084300000, 0x00000000d5580000)
  object space 68608K, 8% used [0x0000000080000000,0x00000000805742b8,0x0000000084300000)
 Metaspace       used 20847K, committed 21504K, reserved 1114112K
  class space    used 2015K, committed 2368K, reserved 1048576K
}
Event: 2.672 GC heap after
{Heap after GC invocations=7 (full 1):
 PSYoungGen      total 28672K, used 0K [0x00000000d5580000, 0x00000000d7b00000, 0x0000000100000000)
  eden space 23552K, 0% used [0x00000000d5580000,0x00000000d5580000,0x00000000d6c80000)
  from space 5120K, 0% used [0x00000000d7300000,0x00000000d7300000,0x00000000d7800000)
  to   space 6656K, 0% used [0x00000000d6c80000,0x00000000d6c80000,0x00000000d7300000)
 ParOldGen       total 68608K, used 9778K [0x0000000080000000, 0x0000000084300000, 0x00000000d5580000)
  object space 68608K, 14% used [0x0000000080000000,0x000000008098cb28,0x0000000084300000)
 Metaspace       used 20834K, committed 21504K, reserved 1114112K
  class space    used 2011K, committed 2368K, reserved 1048576K
}

Dll operation events (11 events):
Event: 0.018 Loaded shared library c:\Users\sangt\.vscode\extensions\redhat.java-1.47.0-win32-x64\jre\21.0.8-win32-x86_64\bin\java.dll
Event: 0.056 Loaded shared library c:\Users\sangt\.vscode\extensions\redhat.java-1.47.0-win32-x64\jre\21.0.8-win32-x86_64\bin\zip.dll
Event: 0.123 Loaded shared library C:\Users\sangt\.vscode\extensions\redhat.java-1.47.0-win32-x64\jre\21.0.8-win32-x86_64\bin\instrument.dll
Event: 0.128 Loaded shared library C:\Users\sangt\.vscode\extensions\redhat.java-1.47.0-win32-x64\jre\21.0.8-win32-x86_64\bin\net.dll
Event: 0.133 Loaded shared library C:\Users\sangt\.vscode\extensions\redhat.java-1.47.0-win32-x64\jre\21.0.8-win32-x86_64\bin\nio.dll
Event: 0.137 Loaded shared library C:\Users\sangt\.vscode\extensions\redhat.java-1.47.0-win32-x64\jre\21.0.8-win32-x86_64\bin\zip.dll
Event: 0.166 Loaded shared library C:\Users\sangt\.vscode\extensions\redhat.java-1.47.0-win32-x64\jre\21.0.8-win32-x86_64\bin\jimage.dll
Event: 0.262 Loaded shared library c:\Users\sangt\.vscode\extensions\redhat.java-1.47.0-win32-x64\jre\21.0.8-win32-x86_64\bin\verify.dll
Event: 1.378 Loaded shared library C:\Users\sangt\AppData\Roaming\Code\User\globalStorage\redhat.java\1.47.0\config_ss_win\org.eclipse.equinox.launcher\org.eclipse.equinox.launcher.win32.win32.x86_64_1.2.1400.v20250801-0854\eclipse_11916.dll
Event: 2.016 Loaded shared library C:\Users\sangt\.vscode\extensions\redhat.java-1.47.0-win32-x64\jre\21.0.8-win32-x86_64\bin\management.dll
Event: 2.019 Loaded shared library C:\Users\sangt\.vscode\extensions\redhat.java-1.47.0-win32-x64\jre\21.0.8-win32-x86_64\bin\management_ext.dll

Deoptimization events (20 events):
Event: 2.757 Thread 0x00000170d8610e00 Uncommon trap: trap_request=0xffffffc6 fr.pc=0x0000017087b7f918 relative=0x0000000000000ab8
Event: 2.757 Thread 0x00000170d8610e00 Uncommon trap: reason=bimorphic_or_optimized_type_check action=maybe_recompile pc=0x0000017087b7f918 method=java.util.HashMap.putVal(ILjava/lang/Object;Ljava/lang/Object;ZZ)Ljava/lang/Object; @ 56 c2
Event: 2.757 Thread 0x00000170d8610e00 DEOPT PACKING pc=0x0000017087b7f918 sp=0x000000569b8fdbe0
Event: 2.757 Thread 0x00000170d8610e00 DEOPT UNPACKING pc=0x0000017087586da2 sp=0x000000569b8fdae0 mode 2
Event: 2.757 Thread 0x00000170d8610e00 Uncommon trap: trap_request=0xffffffc6 fr.pc=0x0000017087b7f918 relative=0x0000000000000ab8
Event: 2.757 Thread 0x00000170d8610e00 Uncommon trap: reason=bimorphic_or_optimized_type_check action=maybe_recompile pc=0x0000017087b7f918 method=java.util.HashMap.putVal(ILjava/lang/Object;Ljava/lang/Object;ZZ)Ljava/lang/Object; @ 56 c2
Event: 2.757 Thread 0x00000170d8610e00 DEOPT PACKING pc=0x0000017087b7f918 sp=0x000000569b8fdbe0
Event: 2.757 Thread 0x00000170d8610e00 DEOPT UNPACKING pc=0x0000017087586da2 sp=0x000000569b8fdae0 mode 2
Event: 2.757 Thread 0x00000170d8610e00 Uncommon trap: trap_request=0xffffffc6 fr.pc=0x0000017087b7f918 relative=0x0000000000000ab8
Event: 2.757 Thread 0x00000170d8610e00 Uncommon trap: reason=bimorphic_or_optimized_type_check action=maybe_recompile pc=0x0000017087b7f918 method=java.util.HashMap.putVal(ILjava/lang/Object;Ljava/lang/Object;ZZ)Ljava/lang/Object; @ 56 c2
Event: 2.757 Thread 0x00000170d8610e00 DEOPT PACKING pc=0x0000017087b7f918 sp=0x000000569b8fdbe0
Event: 2.757 Thread 0x00000170d8610e00 DEOPT UNPACKING pc=0x0000017087586da2 sp=0x000000569b8fdae0 mode 2
Event: 2.757 Thread 0x00000170d8610e00 Uncommon trap: trap_request=0xffffffc6 fr.pc=0x0000017087b7f918 relative=0x0000000000000ab8
Event: 2.757 Thread 0x00000170d8610e00 Uncommon trap: reason=bimorphic_or_optimized_type_check action=maybe_recompile pc=0x0000017087b7f918 method=java.util.HashMap.putVal(ILjava/lang/Object;Ljava/lang/Object;ZZ)Ljava/lang/Object; @ 56 c2
Event: 2.757 Thread 0x00000170d8610e00 DEOPT PACKING pc=0x0000017087b7f918 sp=0x000000569b8fdbe0
Event: 2.757 Thread 0x00000170d8610e00 DEOPT UNPACKING pc=0x0000017087586da2 sp=0x000000569b8fdae0 mode 2
Event: 2.777 Thread 0x00000170d8610e00 Uncommon trap: trap_request=0xffffff45 fr.pc=0x0000017087bfb898 relative=0x0000000000000918
Event: 2.777 Thread 0x00000170d8610e00 Uncommon trap: reason=unstable_if action=reinterpret pc=0x0000017087bfb898 method=java.util.regex.Pattern$BmpCharPropertyGreedy.match(Ljava/util/regex/Matcher;ILjava/lang/CharSequence;)Z @ 12 c2
Event: 2.777 Thread 0x00000170d8610e00 DEOPT PACKING pc=0x0000017087bfb898 sp=0x000000569b8fd890
Event: 2.777 Thread 0x00000170d8610e00 DEOPT UNPACKING pc=0x0000017087586da2 sp=0x000000569b8fd778 mode 2

Classes loaded (20 events):
Event: 6.026 Loading class com/sun/org/apache/xml/internal/serializer/WriterToUTF8Buffered done
Event: 6.026 Loading class com/sun/org/apache/xml/internal/serializer/WriterToASCI
Event: 6.026 Loading class com/sun/org/apache/xml/internal/serializer/WriterToASCI done
Event: 6.030 Loading class com/sun/org/apache/xerces/internal/dom/DeferredDocumentImpl
Event: 6.030 Loading class com/sun/org/apache/xerces/internal/dom/DeferredNode
Event: 6.030 Loading class com/sun/org/apache/xerces/internal/dom/DeferredNode done
Event: 6.030 Loading class com/sun/org/apache/xerces/internal/dom/DeferredDocumentImpl done
Event: 6.031 Loading class com/sun/org/apache/xerces/internal/dom/DeferredDocumentImpl$RefCount
Event: 6.031 Loading class com/sun/org/apache/xerces/internal/dom/DeferredDocumentImpl$RefCount done
Event: 6.034 Loading class com/sun/org/apache/xerces/internal/dom/DeepNodeListImpl
Event: 6.034 Loading class com/sun/org/apache/xerces/internal/dom/DeepNodeListImpl done
Event: 6.034 Loading class com/sun/org/apache/xerces/internal/dom/DeferredElementImpl
Event: 6.034 Loading class com/sun/org/apache/xerces/internal/dom/DeferredElementImpl done
Event: 6.034 Loading class com/sun/org/apache/xerces/internal/dom/DeferredAttrImpl
Event: 6.035 Loading class com/sun/org/apache/xerces/internal/dom/DeferredAttrImpl done
Event: 6.036 Loading class com/sun/org/apache/xerces/internal/dom/DeferredTextImpl
Event: 6.036 Loading class com/sun/org/apache/xerces/internal/dom/DeferredTextImpl done
Event: 6.049 Loading class java/lang/StackTraceElement$HashedModules
Event: 6.049 Loading class java/lang/StackTraceElement$HashedModules done
Event: 6.054 Loading class java/io/FileOutputStream$1

Classes unloaded (7 events):
Event: 2.656 Thread 0x00000170f9c04520 Unloading class 0x000001709418d000 'java/lang/invoke/LambdaForm$MH+0x000001709418d000'
Event: 2.656 Thread 0x00000170f9c04520 Unloading class 0x000001709418cc00 'java/lang/invoke/LambdaForm$MH+0x000001709418cc00'
Event: 2.656 Thread 0x00000170f9c04520 Unloading class 0x000001709418c800 'java/lang/invoke/LambdaForm$MH+0x000001709418c800'
Event: 2.656 Thread 0x00000170f9c04520 Unloading class 0x000001709418c400 'java/lang/invoke/LambdaForm$MH+0x000001709418c400'
Event: 2.656 Thread 0x00000170f9c04520 Unloading class 0x000001709418c000 'java/lang/invoke/LambdaForm$BMH+0x000001709418c000'
Event: 2.656 Thread 0x00000170f9c04520 Unloading class 0x000001709418bc00 'java/lang/invoke/LambdaForm$DMH+0x000001709418bc00'
Event: 2.656 Thread 0x00000170f9c04520 Unloading class 0x000001709418ac00 'java/lang/invoke/LambdaForm$DMH+0x000001709418ac00'

Classes redefined (0 events):
No events

Internal exceptions (20 events):
Event: 2.149 Thread 0x00000170d8610e00 Exception <a 'java/lang/NoSuchMethodError'{0x00000000d6023ef0}: 'void java.lang.invoke.DirectMethodHandle$Holder.invokeSpecial(java.lang.Object, java.lang.Object, java.lang.Object, java.lang.Object, java.lang.Object)'> (0x00000000d6023ef0) 
thrown [s\src\hotspot\share\interpreter\linkResolver.cpp, line 773]
Event: 2.191 Thread 0x00000170d8610e00 Exception <a 'java/lang/NoSuchMethodError'{0x00000000d62e6988}: 'double java.lang.invoke.DirectMethodHandle$Holder.invokeStatic(java.lang.Object, java.lang.Object)'> (0x00000000d62e6988) 
thrown [s\src\hotspot\share\interpreter\linkResolver.cpp, line 773]
Event: 2.192 Thread 0x00000170d8610e00 Exception <a 'java/lang/NoSuchMethodError'{0x00000000d62ea048}: 'double java.lang.invoke.DirectMethodHandle$Holder.invokeStaticInit(java.lang.Object, java.lang.Object)'> (0x00000000d62ea048) 
thrown [s\src\hotspot\share\interpreter\linkResolver.cpp, line 773]
Event: 2.288 Thread 0x00000170d8610e00 Exception <a 'java/io/FileNotFoundException'{0x00000000d59b2c30}> (0x00000000d59b2c30) 
thrown [s\src\hotspot\share\prims\jni.cpp, line 520]
Event: 2.288 Thread 0x00000170d8610e00 Exception <a 'java/io/FileNotFoundException'{0x00000000d59b3a60}> (0x00000000d59b3a60) 
thrown [s\src\hotspot\share\prims\jni.cpp, line 520]
Event: 2.288 Thread 0x00000170d8610e00 Exception <a 'java/io/FileNotFoundException'{0x00000000d59b4990}> (0x00000000d59b4990) 
thrown [s\src\hotspot\share\prims\jni.cpp, line 520]
Event: 2.405 Thread 0x00000170d8610e00 Exception <a 'java/lang/NoSuchMethodError'{0x00000000d6346d80}: 'int java.lang.invoke.DirectMethodHandle$Holder.invokeStaticInit(java.lang.Object, java.lang.Object, java.lang.Object)'> (0x00000000d6346d80) 
thrown [s\src\hotspot\share\interpreter\linkResolver.cpp, line 773]
Event: 2.449 Thread 0x00000170d8610e00 Implicit null exception at 0x0000017087be3a75 to 0x0000017087be3b88
Event: 2.523 Thread 0x00000170d8610e00 Exception <a 'java/io/FileNotFoundException'{0x00000000d55cf3e8}> (0x00000000d55cf3e8) 
thrown [s\src\hotspot\share\prims\jni.cpp, line 520]
Event: 2.524 Thread 0x00000170d8610e00 Exception <a 'java/lang/NoSuchMethodError'{0x00000000d55d6c60}: 'java.lang.Object java.lang.invoke.DirectMethodHandle$Holder.newInvokeSpecial(java.lang.Object, int, java.lang.Object, java.lang.Object)'> (0x00000000d55d6c60) 
thrown [s\src\hotspot\share\interpreter\linkResolver.cpp, line 773]
Event: 2.564 Thread 0x00000170d8610e00 Exception <a 'java/io/FileNotFoundException'{0x00000000d617e078}> (0x00000000d617e078) 
thrown [s\src\hotspot\share\prims\jni.cpp, line 520]
Event: 2.722 Thread 0x00000170d8610e00 Exception <a 'java/io/FileNotFoundException'{0x00000000d5846680}> (0x00000000d5846680) 
thrown [s\src\hotspot\share\prims\jni.cpp, line 520]
Event: 2.768 Thread 0x00000170d8610e00 Exception <a 'sun/nio/fs/WindowsException'{0x00000000d5a20df0}> (0x00000000d5a20df0) 
thrown [s\src\hotspot\share\prims\jni.cpp, line 520]
Event: 2.768 Thread 0x00000170d8610e00 Exception <a 'sun/nio/fs/WindowsException'{0x00000000d5a24ad8}> (0x00000000d5a24ad8) 
thrown [s\src\hotspot\share\prims\jni.cpp, line 520]
Event: 2.791 Thread 0x00000170d8610e00 Exception <a 'sun/nio/fs/WindowsException'{0x00000000d5af22c8}> (0x00000000d5af22c8) 
thrown [s\src\hotspot\share\prims\jni.cpp, line 520]
Event: 3.816 Thread 0x00000170d8610e00 Exception <a 'java/lang/NoSuchMethodError'{0x00000000d5be8088}: 'java.lang.Object java.lang.invoke.DirectMethodHandle$Holder.invokeStaticInit(java.lang.Object, int, int, int, int)'> (0x00000000d5be8088) 
thrown [s\src\hotspot\share\interpreter\linkResolver.cpp, line 773]
Event: 4.844 Thread 0x00000170d8610e00 Exception <a 'java/lang/NoSuchMethodError'{0x00000000d5cbf4d0}: 'java.lang.Object java.lang.invoke.DirectMethodHandle$Holder.invokeStaticInit(java.lang.Object, java.lang.Object, int, int, int, int)'> (0x00000000d5cbf4d0) 
thrown [s\src\hotspot\share\interpreter\linkResolver.cpp, line 773]
Event: 5.903 Thread 0x00000170d8610e00 Exception <a 'sun/nio/fs/WindowsException'{0x00000000d5fc84e8}> (0x00000000d5fc84e8) 
thrown [s\src\hotspot\share\prims\jni.cpp, line 520]
Event: 5.904 Thread 0x00000170d8610e00 Exception <a 'sun/nio/fs/WindowsException'{0x00000000d5fd0c40}> (0x00000000d5fd0c40) 
thrown [s\src\hotspot\share\prims\jni.cpp, line 520]
Event: 5.960 Thread 0x00000170d8610e00 Exception <a 'java/lang/ClassNotFoundException'{0x00000000d6296c00}: com/sun/org/apache/xml/internal/serializer/spi/XMLEntitiesProvider> (0x00000000d6296c00) 
thrown [s\src\hotspot\share\classfile\systemDictionary.cpp, line 312]

ZGC Phase Switch (0 events):
No events

VM Operations (20 events):
Event: 2.059 Executing VM operation: HandshakeAllThreads (Deoptimize) done
Event: 2.271 Executing VM operation: ParallelGCFailedAllocation (Allocation Failure)
Event: 2.274 Executing VM operation: ParallelGCFailedAllocation (Allocation Failure) done
Event: 2.512 Executing VM operation: ParallelGCFailedAllocation (Allocation Failure)
Event: 2.516 Executing VM operation: ParallelGCFailedAllocation (Allocation Failure) done
Event: 2.650 Executing VM operation: CollectForMetadataAllocation (Metadata GC Threshold)
Event: 2.672 Executing VM operation: CollectForMetadataAllocation (Metadata GC Threshold) done
Event: 2.756 Executing VM operation: HandshakeAllThreads (Deoptimize)
Event: 2.757 Executing VM operation: HandshakeAllThreads (Deoptimize) done
Event: 3.757 Executing VM operation: Cleanup
Event: 3.809 Executing VM operation: Cleanup done
Event: 4.821 Executing VM operation: Cleanup
Event: 4.821 Executing VM operation: Cleanup done
Event: 4.855 Executing VM operation: HandshakeAllThreads (Deoptimize)
Event: 4.855 Executing VM operation: HandshakeAllThreads (Deoptimize) done
Event: 5.862 Executing VM operation: Cleanup
Event: 5.862 Executing VM operation: Cleanup done
Event: 6.035 Executing VM operation: HandshakeAllThreads (Deoptimize)
Event: 6.035 Executing VM operation: HandshakeAllThreads (Deoptimize) done
Event: 7.048 Executing VM operation: Cleanup

Memory protections (0 events):
No events

Nmethod flushes (0 events):
No events

Events (20 events):
Event: 0.059 Thread 0x00000170f9c6e4d0 Thread added: 0x00000170ff4fa630
Event: 0.060 Thread 0x00000170f9c6e4d0 Thread added: 0x00000170ff501130
Event: 0.087 Thread 0x00000170f9c6e4d0 Thread added: 0x00000170f9cdb180
Event: 0.254 Thread 0x00000170ff501130 Thread added: 0x00000170ff858880
Event: 0.383 Thread 0x00000170f9c6e4d0 Thread added: 0x00000170ff81fde0
Event: 0.480 Thread 0x00000170ff501130 Thread added: 0x00000170ff857ae0
Event: 1.183 Thread 0x00000170f9c6e4d0 Thread added: 0x00000170d86e5570
Event: 1.368 Thread 0x00000170f9c6e4d0 Thread added: 0x00000170d89b5ca0
Event: 1.373 Thread 0x00000170f9c6e4d0 Thread added: 0x00000170d8610e00
Event: 1.484 Thread 0x00000170ff857ae0 Thread exited: 0x00000170ff857ae0
Event: 1.570 Thread 0x00000170d8610e00 Thread added: 0x00000170d8718660
Event: 1.674 Thread 0x00000170ff501130 Thread added: 0x00000170ff8581b0
Event: 1.879 Thread 0x00000170d8610e00 Thread added: 0x00000170d8aa8e50
Event: 2.118 Thread 0x00000170d8610e00 Thread added: 0x00000170d8e0d350
Event: 2.134 Thread 0x00000170d8610e00 Thread added: 0x00000170d8b0f090
Event: 2.457 Thread 0x00000170ff8581b0 Thread exited: 0x00000170ff8581b0
Event: 2.711 Thread 0x00000170d8610e00 Thread added: 0x00000170d9507c00
Event: 2.797 Thread 0x00000170d9507c00 Thread exited: 0x00000170d9507c00
Event: 4.867 Thread 0x00000170ff501130 Thread added: 0x00000170ff856670
Event: 6.043 Thread 0x00000170d8b0f090 Thread added: 0x00000170dac49ca0


Dynamic libraries:
0x00007ff663f00000 - 0x00007ff663f0e000 	c:\Users\sangt\.vscode\extensions\redhat.java-1.47.0-win32-x64\jre\21.0.8-win32-x86_64\bin\java.exe
0x00007ffdfe420000 - 0x00007ffdfe688000 	C:\WINDOWS\SYSTEM32\ntdll.dll
0x00007ffdfde70000 - 0x00007ffdfdf39000 	C:\WINDOWS\System32\KERNEL32.DLL
0x00007ffdfbca0000 - 0x00007ffdfc092000 	C:\WINDOWS\System32\KERNELBASE.dll
0x00007ffdfb5b0000 - 0x00007ffdfb6fb000 	C:\WINDOWS\System32\ucrtbase.dll
0x00007ffdc7710000 - 0x00007ffdc7728000 	c:\Users\sangt\.vscode\extensions\redhat.java-1.47.0-win32-x64\jre\21.0.8-win32-x86_64\bin\jli.dll
0x00007ffdcd150000 - 0x00007ffdcd16e000 	c:\Users\sangt\.vscode\extensions\redhat.java-1.47.0-win32-x64\jre\21.0.8-win32-x86_64\bin\VCRUNTIME140.dll
0x00007ffdfd410000 - 0x00007ffdfd5d5000 	C:\WINDOWS\System32\USER32.dll
0x00007ffdfb9b0000 - 0x00007ffdfb9d7000 	C:\WINDOWS\System32\win32u.dll
0x00007ffdfd6e0000 - 0x00007ffdfd70b000 	C:\WINDOWS\System32\GDI32.dll
0x00007ffdfb880000 - 0x00007ffdfb9ad000 	C:\WINDOWS\System32\gdi32full.dll
0x00007ffdfba80000 - 0x00007ffdfbb23000 	C:\WINDOWS\System32\msvcp_win.dll
0x00007ffdd7dc0000 - 0x00007ffdd8053000 	C:\WINDOWS\WinSxS\amd64_microsoft.windows.common-controls_6595b64144ccf1df_6.0.26100.6725_none_3e085828e334708b\COMCTL32.dll
0x00007ffdfd710000 - 0x00007ffdfd7b9000 	C:\WINDOWS\System32\msvcrt.dll
0x00007ffdfe390000 - 0x00007ffdfe3bf000 	C:\WINDOWS\System32\IMM32.DLL
0x00007ffdd69c0000 - 0x00007ffdd69cc000 	c:\Users\sangt\.vscode\extensions\redhat.java-1.47.0-win32-x64\jre\21.0.8-win32-x86_64\bin\vcruntime140_1.dll
0x00007ffdafbc0000 - 0x00007ffdafc4d000 	c:\Users\sangt\.vscode\extensions\redhat.java-1.47.0-win32-x64\jre\21.0.8-win32-x86_64\bin\msvcp140.dll
0x00007ffd6be70000 - 0x00007ffd6cc07000 	c:\Users\sangt\.vscode\extensions\redhat.java-1.47.0-win32-x64\jre\21.0.8-win32-x86_64\bin\server\jvm.dll
0x00007ffdfdf60000 - 0x00007ffdfe014000 	C:\WINDOWS\System32\ADVAPI32.dll
0x00007ffdfc410000 - 0x00007ffdfc4b6000 	C:\WINDOWS\System32\sechost.dll
0x00007ffdfe020000 - 0x00007ffdfe138000 	C:\WINDOWS\System32\RPCRT4.dll
0x00007ffdfc390000 - 0x00007ffdfc404000 	C:\WINDOWS\System32\WS2_32.dll
0x00007ffdfae20000 - 0x00007ffdfae7e000 	C:\WINDOWS\SYSTEM32\POWRPROF.dll
0x00007ffdf0d90000 - 0x00007ffdf0d9b000 	C:\WINDOWS\SYSTEM32\VERSION.dll
0x00007ffdee290000 - 0x00007ffdee2c5000 	C:\WINDOWS\SYSTEM32\WINMM.dll
0x00007ffdfae00000 - 0x00007ffdfae14000 	C:\WINDOWS\SYSTEM32\UMPDC.dll
0x00007ffdfa380000 - 0x00007ffdfa39b000 	C:\WINDOWS\SYSTEM32\kernel.appcore.dll
0x00007ffdd69b0000 - 0x00007ffdd69ba000 	c:\Users\sangt\.vscode\extensions\redhat.java-1.47.0-win32-x64\jre\21.0.8-win32-x86_64\bin\jimage.dll
0x00007ffdf8970000 - 0x00007ffdf8bb2000 	C:\WINDOWS\SYSTEM32\DBGHELP.DLL
0x00007ffdfc530000 - 0x00007ffdfc8ab000 	C:\WINDOWS\System32\combase.dll
0x00007ffdfc280000 - 0x00007ffdfc357000 	C:\WINDOWS\System32\OLEAUT32.dll
0x00007ffdd6b50000 - 0x00007ffdd6b8c000 	C:\WINDOWS\SYSTEM32\dbgcore.DLL
0x00007ffdfb9e0000 - 0x00007ffdfba78000 	C:\WINDOWS\System32\bcryptPrimitives.dll
0x00007ffddbae0000 - 0x00007ffddbaef000 	c:\Users\sangt\.vscode\extensions\redhat.java-1.47.0-win32-x64\jre\21.0.8-win32-x86_64\bin\instrument.dll
0x00007ffdc72f0000 - 0x00007ffdc730f000 	c:\Users\sangt\.vscode\extensions\redhat.java-1.47.0-win32-x64\jre\21.0.8-win32-x86_64\bin\java.dll
0x00007ffdfc930000 - 0x00007ffdfd07c000 	C:\WINDOWS\System32\SHELL32.dll
0x00007ffdfbb30000 - 0x00007ffdfbc9b000 	C:\WINDOWS\System32\wintypes.dll
0x00007ffdf91f0000 - 0x00007ffdf9a4d000 	C:\WINDOWS\SYSTEM32\windows.storage.dll
0x00007ffdfd5e0000 - 0x00007ffdfd6d2000 	C:\WINDOWS\System32\SHCORE.dll
0x00007ffdfc8b0000 - 0x00007ffdfc912000 	C:\WINDOWS\System32\shlwapi.dll
0x00007ffdfb4d0000 - 0x00007ffdfb4f9000 	C:\WINDOWS\SYSTEM32\profapi.dll
0x00007ffdcd540000 - 0x00007ffdcd558000 	c:\Users\sangt\.vscode\extensions\redhat.java-1.47.0-win32-x64\jre\21.0.8-win32-x86_64\bin\zip.dll
0x00007ffdd9a40000 - 0x00007ffdd9a50000 	C:\Users\sangt\.vscode\extensions\redhat.java-1.47.0-win32-x64\jre\21.0.8-win32-x86_64\bin\net.dll
0x00007ffdf44b0000 - 0x00007ffdf45cf000 	C:\WINDOWS\SYSTEM32\WINHTTP.dll
0x00007ffdfa8f0000 - 0x00007ffdfa95b000 	C:\WINDOWS\system32\mswsock.dll
0x00007ffdc1a40000 - 0x00007ffdc1a56000 	C:\Users\sangt\.vscode\extensions\redhat.java-1.47.0-win32-x64\jre\21.0.8-win32-x86_64\bin\nio.dll
0x00007ffddb4e0000 - 0x00007ffddb4f0000 	c:\Users\sangt\.vscode\extensions\redhat.java-1.47.0-win32-x64\jre\21.0.8-win32-x86_64\bin\verify.dll
0x00007ffda9890000 - 0x00007ffda98d4000 	C:\Users\sangt\AppData\Roaming\Code\User\globalStorage\redhat.java\1.47.0\config_ss_win\org.eclipse.equinox.launcher\org.eclipse.equinox.launcher.win32.win32.x86_64_1.2.1400.v20250801-0854\eclipse_11916.dll
0x00007ffdfd260000 - 0x00007ffdfd3f8000 	C:\WINDOWS\System32\ole32.dll
0x00007ffdd2d10000 - 0x00007ffdd2d1a000 	C:\Users\sangt\.vscode\extensions\redhat.java-1.47.0-win32-x64\jre\21.0.8-win32-x86_64\bin\management.dll
0x00007ffdd20f0000 - 0x00007ffdd20fb000 	C:\Users\sangt\.vscode\extensions\redhat.java-1.47.0-win32-x64\jre\21.0.8-win32-x86_64\bin\management_ext.dll
0x00007ffdfd400000 - 0x00007ffdfd408000 	C:\WINDOWS\System32\PSAPI.DLL
0x00007ffdfaba0000 - 0x00007ffdfabbb000 	C:\WINDOWS\SYSTEM32\CRYPTSP.dll
0x00007ffdfa2e0000 - 0x00007ffdfa31b000 	C:\WINDOWS\system32\rsaenh.dll
0x00007ffdfa990000 - 0x00007ffdfa9bb000 	C:\WINDOWS\SYSTEM32\USERENV.dll
0x00007ffdfb4a0000 - 0x00007ffdfb4c6000 	C:\WINDOWS\SYSTEM32\bcrypt.dll
0x00007ffdfabc0000 - 0x00007ffdfabcc000 	C:\WINDOWS\SYSTEM32\CRYPTBASE.dll
0x00007ffdf9d50000 - 0x00007ffdf9d84000 	C:\WINDOWS\SYSTEM32\IPHLPAPI.DLL
0x00007ffdfc920000 - 0x00007ffdfc92a000 	C:\WINDOWS\System32\NSI.dll

JVMTI agents:
c:\Users\sangt\.vscode\extensions\redhat.java-1.47.0-win32-x64\lombok\lombok-1.18.39-4050.jar path:c:\Users\sangt\.vscode\extensions\redhat.java-1.47.0-win32-x64\jre\21.0.8-win32-x86_64\bin\instrument.dll, loaded, initialized, instrumentlib options:none

dbghelp: loaded successfully - version: 4.0.5 - missing functions: none
symbol engine: initialized successfully - sym options: 0x614 - pdb path: .;c:\Users\sangt\.vscode\extensions\redhat.java-1.47.0-win32-x64\jre\21.0.8-win32-x86_64\bin;C:\WINDOWS\SYSTEM32;C:\WINDOWS\WinSxS\amd64_microsoft.windows.common-controls_6595b64144ccf1df_6.0.26100.6725_none_3e085828e334708b;c:\Users\sangt\.vscode\extensions\redhat.java-1.47.0-win32-x64\jre\21.0.8-win32-x86_64\bin\server;C:\Users\sangt\AppData\Roaming\Code\User\globalStorage\redhat.java\1.47.0\config_ss_win\org.eclipse.equinox.launcher\org.eclipse.equinox.launcher.win32.win32.x86_64_1.2.1400.v20250801-0854

VM Arguments:
jvm_args: --add-modules=ALL-SYSTEM --add-opens=java.base/java.util=ALL-UNNAMED --add-opens=java.base/java.lang=ALL-UNNAMED --add-opens=java.base/sun.nio.fs=ALL-UNNAMED -Declipse.application=org.eclipse.jdt.ls.core.id1 -Dosgi.bundles.defaultStartLevel=4 -Declipse.product=org.eclipse.jdt.ls.core.product -Djava.import.generatesMetadataFilesAtProjectRoot=false -DDetectVMInstallationsJob.disabled=true -Dfile.encoding=utf8 -XX:+UseParallelGC -XX:GCTimeRatio=4 -XX:AdaptiveSizePolicyWeight=90 -Dsun.zip.disableMemoryMapping=true -Xmx2G -Xms100m -Xlog:disable -javaagent:c:\Users\sangt\.vscode\extensions\redhat.java-1.47.0-win32-x64\lombok\lombok-1.18.39-4050.jar 
java_command: c:\Users\sangt\.vscode\extensions\redhat.java-1.47.0-win32-x64\server\plugins\org.eclipse.equinox.launcher_1.7.100.v20251014-1222.jar -configuration c:\Users\sangt\AppData\Roaming\Code\User\globalStorage\redhat.java\1.47.0\config_ss_win -data c:\Users\sangt\AppData\Roaming\Code\User\workspaceStorage\7d1134707a68a00be3cd60c05c6d889f\redhat.java\ss_ws --pipe=\\.\pipe\lsp-81aadc48de7b459e854f7a3e4d7b984c-sock
java_class_path (initial): c:\Users\sangt\.vscode\extensions\redhat.java-1.47.0-win32-x64\server\plugins\org.eclipse.equinox.launcher_1.7.100.v20251014-1222.jar
Launcher Type: SUN_STANDARD

[Global flags]
    uintx AdaptiveSizePolicyWeight                 = 90                                        {product} {command line}
     intx CICompilerCount                          = 4                                         {product} {ergonomic}
    uintx GCTimeRatio                              = 4                                         {product} {command line}
   size_t InitialHeapSize                          = 104857600                                 {product} {command line}
   size_t MaxHeapSize                              = 2147483648                                {product} {command line}
   size_t MaxNewSize                               = 715653120                                 {product} {ergonomic}
   size_t MinHeapDeltaBytes                        = 524288                                    {product} {ergonomic}
   size_t MinHeapSize                              = 104857600                                 {product} {command line}
   size_t NewSize                                  = 34603008                                  {product} {ergonomic}
    uintx NonNMethodCodeHeapSize                   = 5839372                                {pd product} {ergonomic}
    uintx NonProfiledCodeHeapSize                  = 122909434                              {pd product} {ergonomic}
   size_t OldSize                                  = 70254592                                  {product} {ergonomic}
    uintx ProfiledCodeHeapSize                     = 122909434                              {pd product} {ergonomic}
    uintx ReservedCodeCacheSize                    = 251658240                              {pd product} {ergonomic}
     bool SegmentedCodeCache                       = true                                      {product} {ergonomic}
   size_t SoftMaxHeapSize                          = 2147483648                             {manageable} {ergonomic}
     bool UseCompressedOops                        = true                           {product lp64_product} {ergonomic}
     bool UseLargePagesIndividualAllocation        = false                                  {pd product} {ergonomic}
     bool UseParallelGC                            = true                                      {product} {command line}

Logging:
Log output configuration:
 #0: stdout all=off uptime,level,tags foldmultilines=false
 #1: stderr all=off uptime,level,tags foldmultilines=false

Environment Variables:
PATH=C:\Program Files\Eclipse Adoptium\jdk-17.0.15.6-hotspot\bin;C:\Python313\Scripts\;C:\Python313\;C:\Program Files\Common Files\Oracle\Java\javapath;C:\windows\system32;C:\windows;C:\windows\System32\Wbem;C:\windows\System32\WindowsPowerShell\v1.0\;C:\windows\System32\OpenSSH\;C:\Program Files (x86)\NVIDIA Corporation\PhysX\Common;C:\Program Files\NVIDIA Corporation\NVIDIA NvDLISR;C:\WINDOWS\system32;C:\WINDOWS;C:\WINDOWS\System32\Wbem;C:\WINDOWS\System32\WindowsPowerShell\v1.0\;C:\WINDOWS\System32\OpenSSH\;C:\Program Files\HP\HP One Agent;C:\WINDOWS\system32;C:\WINDOWS;C:\WINDOWS\System32\Wbem;C:\WINDOWS\System32\WindowsPowerShell\v1.0\;C:\WINDOWS\System32\OpenSSH\;C:\Program Files\nodejs\;C:\ProgramData\chocolatey\bin;C:\Program Files\MySQL\MySQL Server 9.2\bin;C:\Users\sangt\AppData\Local\Microsoft\WindowsApps;C:\Users\sangt\AppData\Roaming\npm;C:\Users\sangt\Downloads\flutter_windows_3.29.3-stable\flutter\bin;C:\Program Files\dotnet\;C:\Users\sangt\AppData\Local\Android\Sdk\platform-tools;C:\Program Files\Git\cmd;C:\Users\sangt\AppData\Local\Android\Sdk\flutter\bin;D:\;C:\Program Files\Docker\Docker\resources\bin;C:\Users\sangt\AppData\Local\Microsoft\WindowsApps;C:\Users\sangt\AppData\Roaming\npm;E:\Microsoft VS Code\bin;C:\tools\dart-sdk\bin;C:\Users\sangt\AppData\Local\Pub\Cache\bin;C:\Users\sangt\.dotnet\tools;C:\Users\sangt\AppData\Local\Android\Sdk\flutter\bin;C:\Users\sangt\AppData\Local\Android\Sdk\platform-tools;C:\Users\sangt\AppData\Local\Android\Sdk\emulator;C:\Users\sangt\AppData\Local\Android\Sdk\tools;C:\Users\sangt\AppData\Local\Android\Sdk\tools\bin;;C:\Program Files\JetBrains\WebStorm 2025.1.1\bin;
USERNAME=sangtran
OS=Windows_NT
PROCESSOR_IDENTIFIER=Intel64 Family 6 Model 141 Stepping 1, GenuineIntel
TMP=C:\Users\sangt\AppData\Local\Temp
TEMP=C:\Users\sangt\AppData\Local\Temp




Periodic native trim disabled

---------------  S Y S T E M  ---------------

OS:
 Windows 11 , 64 bit Build 26100 (10.0.26100.6725)
OS uptime: 0 days 1:12 hours
Hyper-V role detected

CPU: total 12 (initial active 12) (6 cores per cpu, 2 threads per core) family 6 model 141 stepping 1 microcode 0x4e, cx8, cmov, fxsr, ht, mmx, 3dnowpref, sse, sse2, sse3, ssse3, sse4.1, sse4.2, popcnt, lzcnt, tsc, tscinvbit, avx, avx2, aes, erms, clmul, bmi1, bmi2, adx, avx512f, avx512dq, avx512cd, avx512bw, avx512vl, sha, fma, vzeroupper, avx512_vpopcntdq, avx512_vpclmulqdq, avx512_vaes, avx512_vnni, clflush, clflushopt, clwb, avx512_vbmi2, avx512_vbmi, hv, rdtscp, rdpid, fsrm, gfni, avx512_bitalg, f16c, cet_ibt, cet_ss, avx512_ifma
Processor Information for the first 12 processors :
  Max Mhz: 2688, Current Mhz: 2688, Mhz Limit: 2688

Memory: 4k page, system-wide physical 20117M (2109M free)
TotalPageFile size 28309M (AvailPageFile size 14M)
current process WorkingSet (physical memory assigned to process): 166M, peak: 171M
current process commit charge ("private bytes"): 310M, peak: 316M

vm_info: OpenJDK 64-Bit Server VM (21.0.8+9-LTS) for windows-amd64 JRE (21.0.8+9-LTS), built on 2025-07-15T00:00:00Z by "admin" with MS VC++ 17.7 (VS2022)

END.
