#
# There is insufficient memory for the Java Runtime Environment to continue.
# Native memory allocation (malloc) failed to allocate 1261136 bytes. Error detail: Chunk::new
# Possible reasons:
#   The system is out of physical RAM or swap space
#   This process is running with CompressedOops enabled, and the Java Heap may be blocking the growth of the native heap
# Possible solutions:
#   Reduce memory load on the system
#   Increase physical memory or swap space
#   Check if swap backing store is full
#   Decrease Java heap size (-Xmx/-Xms)
#   Decrease number of Java threads
#   Decrease Java thread stack sizes (-Xss)
#   Set larger code cache with -XX:ReservedCodeCacheSize=
#   JVM is running with Zero Based Compressed Oops mode in which the Java heap is
#     placed in the first 32GB address space. The Java Heap base address is the
#     maximum limit for the native heap growth. Please use -XX:HeapBaseMinAddress
#     to set the Java Heap base and to place the Java Heap above 32GB virtual address.
# This output file may be truncated or incomplete.
#
#  Out of Memory Error (arena.cpp:191), pid=2548, tid=2044
#
# JRE version: OpenJDK Runtime Environment Temurin-17.0.15+6 (17.0.15+6) (build 17.0.15+6)
# Java VM: OpenJDK 64-Bit Server VM Temurin-17.0.15+6 (17.0.15+6, mixed mode, sharing, tiered, compressed oops, compressed class ptrs, g1 gc, windows-amd64)
# No core dump will be written. Minidumps are not enabled by default on client versions of Windows
#

---------------  S U M M A R Y ------------

Command Line: org.jetbrains.kotlin.cli.jvm.K2JVMCompiler @C:\Users\sangt\AppData\Local\Android\Sdk\flutter\packages\flutter_tools\gradle\build\20251107_15031085766428511829.compiler.options

Host: 11th Gen Intel(R) Core(TM) i5-11400H @ 2.70GHz, 12 cores, 19G,  Windows 11 , 64 bit Build 26100 (10.0.26100.6725)
Time: Fri Nov  7 12:43:23 2025 SE Asia Standard Time elapsed time: 14.758845 seconds (0d 0h 0m 14s)

---------------  T H R E A D  ---------------

Current thread (0x0000015bf9fd8c20):  JavaThread "C2 CompilerThread1" daemon [_thread_in_native, id=2044, stack(0x00000010fb400000,0x00000010fb500000)]


Current CompileTask:
C2:  14758 12532       4       sun.invoke.util.BytecodeDescriptor::unparseSig (49 bytes)

Stack: [0x00000010fb400000,0x00000010fb500000]
Native frames: (J=compiled Java code, j=interpreted, Vv=VM code, C=native code)
V  [jvm.dll+0x682fc9]
V  [jvm.dll+0x839878]
V  [jvm.dll+0x83b323]
V  [jvm.dll+0x83b993]
V  [jvm.dll+0x24725f]
V  [jvm.dll+0xacea4]
V  [jvm.dll+0xad53c]
V  [jvm.dll+0x365c1f]
V  [jvm.dll+0x32fe58]
V  [jvm.dll+0x32f2da]
V  [jvm.dll+0x21824f]
V  [jvm.dll+0x21768f]
V  [jvm.dll+0x1a31b0]
V  [jvm.dll+0x227a9c]
V  [jvm.dll+0x225bfb]
V  [jvm.dll+0x7ef018]
V  [jvm.dll+0x7e94dc]
V  [jvm.dll+0x681ea7]
C  [ucrtbase.dll+0x37b0]
C  [KERNEL32.DLL+0x2e8d7]
C  [ntdll.dll+0x8c53c]


---------------  P R O C E S S  ---------------

Threads class SMR info:
_java_thread_list=0x0000015bfe4bd270, length=14, elements={
0x0000015b8bd5d880, 0x0000015bb31bffd0, 0x0000015bb31c0b90, 0x0000015bb31d6d70,
0x0000015bb31d7730, 0x0000015bb31d9100, 0x0000015bb31d9ac0, 0x0000015bb31e5be0,
0x0000015bb31ebaf0, 0x0000015bb31fccb0, 0x0000015bb376c1e0, 0x0000015bb376e970,
0x0000015bf9fd8c20, 0x0000015bfc37e4e0
}

Java Threads: ( => current thread )
  0x0000015b8bd5d880 JavaThread "main" [_thread_blocked, id=9444, stack(0x00000010f9900000,0x00000010f9a00000)]
  0x0000015bb31bffd0 JavaThread "Reference Handler" daemon [_thread_blocked, id=24436, stack(0x00000010fa000000,0x00000010fa100000)]
  0x0000015bb31c0b90 JavaThread "Finalizer" daemon [_thread_blocked, id=7052, stack(0x00000010fa100000,0x00000010fa200000)]
  0x0000015bb31d6d70 JavaThread "Signal Dispatcher" daemon [_thread_blocked, id=4924, stack(0x00000010fa200000,0x00000010fa300000)]
  0x0000015bb31d7730 JavaThread "Attach Listener" daemon [_thread_blocked, id=21124, stack(0x00000010fa300000,0x00000010fa400000)]
  0x0000015bb31d9100 JavaThread "Service Thread" daemon [_thread_blocked, id=10592, stack(0x00000010fa400000,0x00000010fa500000)]
  0x0000015bb31d9ac0 JavaThread "Monitor Deflation Thread" daemon [_thread_blocked, id=4708, stack(0x00000010fa500000,0x00000010fa600000)]
  0x0000015bb31e5be0 JavaThread "C2 CompilerThread0" daemon [_thread_blocked, id=14720, stack(0x00000010fa600000,0x00000010fa700000)]
  0x0000015bb31ebaf0 JavaThread "C1 CompilerThread0" daemon [_thread_blocked, id=19540, stack(0x00000010fa700000,0x00000010fa800000)]
  0x0000015bb31fccb0 JavaThread "Sweeper thread" daemon [_thread_blocked, id=8924, stack(0x00000010fa800000,0x00000010fa900000)]
  0x0000015bb376c1e0 JavaThread "Notification Thread" daemon [_thread_blocked, id=10484, stack(0x00000010fa900000,0x00000010faa00000)]
  0x0000015bb376e970 JavaThread "Common-Cleaner" daemon [_thread_blocked, id=21316, stack(0x00000010fab00000,0x00000010fac00000)]
=>0x0000015bf9fd8c20 JavaThread "C2 CompilerThread1" daemon [_thread_in_native, id=2044, stack(0x00000010fb400000,0x00000010fb500000)]
  0x0000015bfc37e4e0 JavaThread "C2 CompilerThread2" daemon [_thread_blocked, id=24840, stack(0x00000010fbf00000,0x00000010fc000000)]

Other Threads:
  0x0000015bb31bcaa0 VMThread "VM Thread" [stack: 0x00000010f9f00000,0x00000010fa000000] [id=8596] _threads_hazard_ptr=0x0000015bfe4bd270
  0x0000015bb376e6d0 WatcherThread [stack: 0x00000010faa00000,0x00000010fab00000] [id=23796]
  0x0000015b8bdd38e0 GCTaskThread "GC Thread#0" [stack: 0x00000010f9a00000,0x00000010f9b00000] [id=21744]
  0x0000015bf91df960 GCTaskThread "GC Thread#1" [stack: 0x00000010fac00000,0x00000010fad00000] [id=24932]
  0x0000015bf91dfc20 GCTaskThread "GC Thread#2" [stack: 0x00000010fad00000,0x00000010fae00000] [id=24936]
  0x0000015bf91dfee0 GCTaskThread "GC Thread#3" [stack: 0x00000010fae00000,0x00000010faf00000] [id=24940]
  0x0000015bf91e2240 GCTaskThread "GC Thread#4" [stack: 0x00000010faf00000,0x00000010fb000000] [id=24944]
  0x0000015bf91e2500 GCTaskThread "GC Thread#5" [stack: 0x00000010fb000000,0x00000010fb100000] [id=24948]
  0x0000015bf91e27c0 GCTaskThread "GC Thread#6" [stack: 0x00000010fb100000,0x00000010fb200000] [id=24952]
  0x0000015bf9a6f5f0 GCTaskThread "GC Thread#7" [stack: 0x00000010fb600000,0x00000010fb700000] [id=17172]
  0x0000015bf9a6fe30 GCTaskThread "GC Thread#8" [stack: 0x00000010fb700000,0x00000010fb800000] [id=24428]
  0x0000015bf9a70670 GCTaskThread "GC Thread#9" [stack: 0x00000010fb800000,0x00000010fb900000] [id=25452]
  0x0000015b8bddf240 ConcurrentGCThread "G1 Main Marker" [stack: 0x00000010f9b00000,0x00000010f9c00000] [id=16452]
  0x0000015b8bde0b10 ConcurrentGCThread "G1 Conc#0" [stack: 0x00000010f9c00000,0x00000010f9d00000] [id=18280]
  0x0000015bf9a6f070 ConcurrentGCThread "G1 Conc#1" [stack: 0x00000010fb900000,0x00000010fba00000] [id=25448]
  0x0000015bf9a700f0 ConcurrentGCThread "G1 Conc#2" [stack: 0x00000010fba00000,0x00000010fbb00000] [id=25444]
  0x0000015bb307ac50 ConcurrentGCThread "G1 Refine#0" [stack: 0x00000010f9d00000,0x00000010f9e00000] [id=7488]
  0x0000015bfb386440 ConcurrentGCThread "G1 Refine#1" [stack: 0x00000010fb500000,0x00000010fb600000] [id=5112]
  0x0000015bfb385880 ConcurrentGCThread "G1 Refine#2" [stack: 0x00000010fbb00000,0x00000010fbc00000] [id=19576]
  0x0000015bfb386150 ConcurrentGCThread "G1 Refine#3" [stack: 0x00000010fbc00000,0x00000010fbd00000] [id=5108]
  0x0000015bfb384fb0 ConcurrentGCThread "G1 Refine#4" [stack: 0x00000010fbd00000,0x00000010fbe00000] [id=20076]
  0x0000015bfa900c20 ConcurrentGCThread "G1 Refine#5" [stack: 0x00000010fbe00000,0x00000010fbf00000] [id=20944]
  0x0000015bb307c530 ConcurrentGCThread "G1 Service" [stack: 0x00000010f9e00000,0x00000010f9f00000] [id=15568]

Threads with active compile tasks:
C1 CompilerThread0    14767 12656       3       org.jetbrains.kotlin.psi2ir.generators.SamConversionsKt::isSamType (55 bytes)
C2 CompilerThread1    14767 12532       4       sun.invoke.util.BytecodeDescriptor::unparseSig (49 bytes)

VM state: synchronizing (normal execution)

VM Mutex/Monitor currently owned by a thread:  ([mutex/lock_event])
[0x0000015b8bd583f0] Threads_lock - owner thread: 0x0000015bb31bcaa0

Heap address: 0x00000006c5800000, size: 5032 MB, Compressed Oops mode: Zero based, Oop shift amount: 3

CDS archive(s) mapped at: [0x0000015bb4000000-0x0000015bb4bb0000-0x0000015bb4bb0000), size 12255232, SharedBaseAddress: 0x0000015bb4000000, ArchiveRelocationMode: 1.
Compressed class space mapped at: 0x0000015bb5000000-0x0000015bf5000000, reserved size: 1073741824
Narrow klass base: 0x0000015bb4000000, Narrow klass shift: 0, Narrow klass range: 0x100000000

GC Precious Log:
 CPUs: 12 total, 12 available
 Memory: 20117M
 Large Page Support: Disabled
 NUMA Support: Disabled
 Compressed Oops: Enabled (Zero based)
 Heap Region Size: 4M
 Heap Min Capacity: 8M
 Heap Initial Capacity: 316M
 Heap Max Capacity: 5032M
 Pre-touch: Disabled
 Parallel Workers: 10
 Concurrent Workers: 3
 Concurrent Refinement Workers: 10
 Periodic GC: Disabled

Heap:
 garbage-first heap   total 180224K, used 108322K [0x00000006c5800000, 0x0000000800000000)
  region size 4096K, 7 young (28672K), 2 survivors (8192K)
 Metaspace       used 62317K, committed 62720K, reserved 1114112K
  class space    used 6911K, committed 7104K, reserved 1048576K

Heap Regions: E=young(eden), S=young(survivor), O=old, HS=humongous(starts), HC=humongous(continues), CS=collection set, F=free, OA=open archive, CA=closed archive, TAMS=top-at-mark-start (previous, next)
|   0|0x00000006c5800000, 0x00000006c5c00000, 0x00000006c5c00000|100%|HS|  |TAMS 0x00000006c5c00000, 0x00000006c5800000| Complete 
|   1|0x00000006c5c00000, 0x00000006c6000000, 0x00000006c6000000|100%| O|  |TAMS 0x00000006c6000000, 0x00000006c5c00000| Untracked 
|   2|0x00000006c6000000, 0x00000006c6400000, 0x00000006c6400000|100%|HS|  |TAMS 0x00000006c6400000, 0x00000006c6000000| Complete 
|   3|0x00000006c6400000, 0x00000006c6800000, 0x00000006c6800000|100%|HC|  |TAMS 0x00000006c6800000, 0x00000006c6400000| Complete 
|   4|0x00000006c6800000, 0x00000006c6c00000, 0x00000006c6c00000|100%| O|  |TAMS 0x00000006c6c00000, 0x00000006c6800000| Untracked 
|   5|0x00000006c6c00000, 0x00000006c7000000, 0x00000006c7000000|100%| O|  |TAMS 0x00000006c7000000, 0x00000006c6c00000| Untracked 
|   6|0x00000006c7000000, 0x00000006c7400000, 0x00000006c7400000|100%| O|  |TAMS 0x00000006c7400000, 0x00000006c7000000| Untracked 
|   7|0x00000006c7400000, 0x00000006c7800000, 0x00000006c7800000|100%| O|  |TAMS 0x00000006c7800000, 0x00000006c7400000| Untracked 
|   8|0x00000006c7800000, 0x00000006c7c00000, 0x00000006c7c00000|100%| O|  |TAMS 0x00000006c7c00000, 0x00000006c7800000| Untracked 
|   9|0x00000006c7c00000, 0x00000006c8000000, 0x00000006c8000000|100%| O|  |TAMS 0x00000006c8000000, 0x00000006c7c00000| Untracked 
|  10|0x00000006c8000000, 0x00000006c8400000, 0x00000006c8400000|100%| O|  |TAMS 0x00000006c8400000, 0x00000006c8000000| Untracked 
|  11|0x00000006c8400000, 0x00000006c8800000, 0x00000006c8800000|100%| O|  |TAMS 0x00000006c8800000, 0x00000006c8400000| Untracked 
|  12|0x00000006c8800000, 0x00000006c8c00000, 0x00000006c8c00000|100%| O|  |TAMS 0x00000006c8c00000, 0x00000006c8800000| Untracked 
|  13|0x00000006c8c00000, 0x00000006c9000000, 0x00000006c9000000|100%| O|  |TAMS 0x00000006c9000000, 0x00000006c8c00000| Untracked 
|  14|0x00000006c9000000, 0x00000006c9400000, 0x00000006c9400000|100%| O|  |TAMS 0x00000006c9400000, 0x00000006c9000000| Untracked 
|  15|0x00000006c9400000, 0x00000006c9800000, 0x00000006c9800000|100%| O|  |TAMS 0x00000006c9800000, 0x00000006c9400000| Untracked 
|  16|0x00000006c9800000, 0x00000006c9c00000, 0x00000006c9c00000|100%| O|  |TAMS 0x00000006c9c00000, 0x00000006c9800000| Untracked 
|  17|0x00000006c9c00000, 0x00000006ca000000, 0x00000006ca000000|100%| O|  |TAMS 0x00000006ca000000, 0x00000006c9c00000| Untracked 
|  18|0x00000006ca000000, 0x00000006ca400000, 0x00000006ca400000|100%| O|  |TAMS 0x00000006ca400000, 0x00000006ca000000| Untracked 
|  19|0x00000006ca400000, 0x00000006ca800000, 0x00000006ca800000|100%| O|  |TAMS 0x00000006ca528a00, 0x00000006ca400000| Untracked 
|  20|0x00000006ca800000, 0x00000006cabae200, 0x00000006cac00000| 92%| O|  |TAMS 0x00000006ca800000, 0x00000006ca800000| Untracked 
|  21|0x00000006cac00000, 0x00000006cac00000, 0x00000006cb000000|  0%| F|  |TAMS 0x00000006cac00000, 0x00000006cac00000| Untracked 
|  22|0x00000006cb000000, 0x00000006cb000000, 0x00000006cb400000|  0%| F|  |TAMS 0x00000006cb000000, 0x00000006cb000000| Untracked 
|  23|0x00000006cb400000, 0x00000006cb400000, 0x00000006cb800000|  0%| F|  |TAMS 0x00000006cb400000, 0x00000006cb400000| Untracked 
|  24|0x00000006cb800000, 0x00000006cb800000, 0x00000006cbc00000|  0%| F|  |TAMS 0x00000006cb800000, 0x00000006cb800000| Untracked 
|  25|0x00000006cbc00000, 0x00000006cbc00000, 0x00000006cc000000|  0%| F|  |TAMS 0x00000006cbc00000, 0x00000006cbc00000| Untracked 
|  26|0x00000006cc000000, 0x00000006cc000000, 0x00000006cc400000|  0%| F|  |TAMS 0x00000006cc000000, 0x00000006cc000000| Untracked 
|  27|0x00000006cc400000, 0x00000006cc400000, 0x00000006cc800000|  0%| F|  |TAMS 0x00000006cc400000, 0x00000006cc400000| Untracked 
|  28|0x00000006cc800000, 0x00000006cc800000, 0x00000006ccc00000|  0%| F|  |TAMS 0x00000006cc800000, 0x00000006cc800000| Untracked 
|  29|0x00000006ccc00000, 0x00000006cce1a7f0, 0x00000006cd000000| 52%| S|CS|TAMS 0x00000006ccc00000, 0x00000006ccc00000| Complete 
|  30|0x00000006cd000000, 0x00000006cd400000, 0x00000006cd400000|100%| S|CS|TAMS 0x00000006cd000000, 0x00000006cd000000| Complete 
|  31|0x00000006cd400000, 0x00000006cd400000, 0x00000006cd800000|  0%| F|  |TAMS 0x00000006cd400000, 0x00000006cd400000| Untracked 
|  32|0x00000006cd800000, 0x00000006cd800000, 0x00000006cdc00000|  0%| F|  |TAMS 0x00000006cd800000, 0x00000006cd800000| Untracked 
|  33|0x00000006cdc00000, 0x00000006cdc00000, 0x00000006ce000000|  0%| F|  |TAMS 0x00000006cdc00000, 0x00000006cdc00000| Untracked 
|  34|0x00000006ce000000, 0x00000006ce000000, 0x00000006ce400000|  0%| F|  |TAMS 0x00000006ce000000, 0x00000006ce000000| Untracked 
|  35|0x00000006ce400000, 0x00000006ce400000, 0x00000006ce800000|  0%| F|  |TAMS 0x00000006ce400000, 0x00000006ce400000| Untracked 
|  36|0x00000006ce800000, 0x00000006ce800000, 0x00000006cec00000|  0%| F|  |TAMS 0x00000006ce800000, 0x00000006ce800000| Untracked 
|  37|0x00000006cec00000, 0x00000006cec00000, 0x00000006cf000000|  0%| F|  |TAMS 0x00000006cec00000, 0x00000006cec00000| Untracked 
|  50|0x00000006d2000000, 0x00000006d2000000, 0x00000006d2400000|  0%| F|  |TAMS 0x00000006d2000000, 0x00000006d2000000| Untracked 
|  51|0x00000006d2400000, 0x00000006d25e71d0, 0x00000006d2800000| 47%| E|  |TAMS 0x00000006d2400000, 0x00000006d2400000| Complete 
|  52|0x00000006d2800000, 0x00000006d2c00000, 0x00000006d2c00000|100%| E|CS|TAMS 0x00000006d2800000, 0x00000006d2800000| Complete 
|  53|0x00000006d2c00000, 0x00000006d3000000, 0x00000006d3000000|100%| E|CS|TAMS 0x00000006d2c00000, 0x00000006d2c00000| Complete 
|  54|0x00000006d3000000, 0x00000006d3400000, 0x00000006d3400000|100%| E|CS|TAMS 0x00000006d3000000, 0x00000006d3000000| Complete 
|  78|0x00000006d9000000, 0x00000006d9400000, 0x00000006d9400000|100%| E|CS|TAMS 0x00000006d9000000, 0x00000006d9000000| Complete 

Card table byte_map: [0x0000015ba5730000,0x0000015ba6110000] _byte_map_base: 0x0000015ba2104000

Marking Bits (Prev, Next): (CMBitMap*) 0x0000015b8bdd3f00, (CMBitMap*) 0x0000015b8bdd3f40
 Prev Bits: [0x0000015ba6af0000, 0x0000015bab990000)
 Next Bits: [0x0000015bab990000, 0x0000015bb0830000)

Polling page: 0x0000015b8ba90000

Metaspace:

Usage:
  Non-class:     54.11 MB used.
      Class:      6.75 MB used.
       Both:     60.86 MB used.

Virtual space:
  Non-class space:       64.00 MB reserved,      54.31 MB ( 85%) committed,  1 nodes.
      Class space:        1.00 GB reserved,       6.94 MB ( <1%) committed,  1 nodes.
             Both:        1.06 GB reserved,      61.25 MB (  6%) committed. 

Chunk freelists:
   Non-Class:  9.00 MB
       Class:  8.89 MB
        Both:  17.89 MB

MaxMetaspaceSize: unlimited
CompressedClassSpaceSize: 1.00 GB
Initial GC threshold: 21.00 MB
Current GC threshold: 91.25 MB
CDS: on
MetaspaceReclaimPolicy: balanced
 - commit_granule_bytes: 65536.
 - commit_granule_words: 8192.
 - virtual_space_node_default_size: 8388608.
 - enlarge_chunks_in_place: 1.
 - new_chunks_are_fully_committed: 0.
 - uncommit_free_chunks: 1.
 - use_allocation_guard: 0.
 - handle_deallocations: 1.


Internal statistics:

num_allocs_failed_limit: 6.
num_arena_births: 462.
num_arena_deaths: 0.
num_vsnodes_births: 2.
num_vsnodes_deaths: 0.
num_space_committed: 978.
num_space_uncommitted: 0.
num_chunks_returned_to_freelist: 6.
num_chunks_taken_from_freelist: 2829.
num_chunk_merges: 6.
num_chunk_splits: 2145.
num_chunks_enlarged: 1816.
num_inconsistent_stats: 0.

CodeHeap 'non-profiled nmethods': size=120000Kb used=6122Kb max_used=6696Kb free=113877Kb
 bounds [0x0000015b9cb90000, 0x0000015b9d220000, 0x0000015ba40c0000]
CodeHeap 'profiled nmethods': size=120000Kb used=30429Kb max_used=32506Kb free=89570Kb
 bounds [0x0000015b950c0000, 0x0000015b97080000, 0x0000015b9c5f0000]
CodeHeap 'non-nmethods': size=5760Kb used=1397Kb max_used=1429Kb free=4362Kb
 bounds [0x0000015b9c5f0000, 0x0000015b9c860000, 0x0000015b9cb90000]
 total_blobs=11180 nmethods=10463 adapters=627
 compilation: enabled
              stopped_count=0, restarted_count=0
 full_count=0

Compilation events (20 events):
Event: 13.743 Thread 0x0000015bb31ebaf0 nmethod 12652 0x0000015b95bfbb90 code [0x0000015b95bfbec0, 0x0000015b95bfcf98]
Event: 13.743 Thread 0x0000015bb31ebaf0 12650       3       org.jetbrains.kotlin.ir.declarations.IrFactory::declarationCreated (8 bytes)
Event: 13.743 Thread 0x0000015bfc37e4e0 nmethod 12617 0x0000015b9d147b10 code [0x0000015b9d147ca0, 0x0000015b9d147d98]
Event: 13.743 Thread 0x0000015bfc37e4e0 12603       4       org.jetbrains.kotlin.types.FlexibleTypesKt::upperIfFlexible (57 bytes)
Event: 13.743 Thread 0x0000015bb31ebaf0 nmethod 12650 0x0000015b963dcc90 code [0x0000015b963dcea0, 0x0000015b963dd438]
Event: 13.743 Thread 0x0000015bb31ebaf0 12644       1       org.jetbrains.kotlin.ir.declarations.impl.IrConstructorImpl::getTypeParameters (5 bytes)
Event: 13.743 Thread 0x0000015bb31ebaf0 nmethod 12644 0x0000015b9d0c6090 code [0x0000015b9d0c6220, 0x0000015b9d0c62f8]
Event: 13.743 Thread 0x0000015bb31ebaf0 12653       1       org.jetbrains.kotlin.psi2ir.intermediate.SimpleCallReceiver::getDispatchReceiverValue (5 bytes)
Event: 13.743 Thread 0x0000015bb31ebaf0 nmethod 12653 0x0000015b9d0c5d90 code [0x0000015b9d0c5f20, 0x0000015b9d0c5ff8]
Event: 13.743 Thread 0x0000015bb31ebaf0 12654       1       org.jetbrains.kotlin.psi2ir.intermediate.SimpleCallReceiver::getExtensionReceiverValue (5 bytes)
Event: 13.743 Thread 0x0000015bb31ebaf0 nmethod 12654 0x0000015b9d0c5a90 code [0x0000015b9d0c5c20, 0x0000015b9d0c5cf8]
Event: 13.743 Thread 0x0000015bb31ebaf0 12657       3       org.jetbrains.kotlin.psi.psiUtil.PsiUtilsKt::startsWithComment (16 bytes)
Event: 13.743 Thread 0x0000015bfc37e4e0 nmethod 12603 0x0000015b9d0c5690 code [0x0000015b9d0c5820, 0x0000015b9d0c5918]
Event: 13.743 Thread 0x0000015bfc37e4e0 12648       4       java.util.LinkedHashMap$LinkedValues::size (8 bytes)
Event: 13.744 Thread 0x0000015bb31e5be0 nmethod 12541 0x0000015b9ce0a890 code [0x0000015b9ce0aa20, 0x0000015b9ce0ab78]
Event: 13.744 Thread 0x0000015bb31ebaf0 nmethod 12657 0x0000015b95928110 code [0x0000015b95928340, 0x0000015b95928a88]
Event: 13.744 Thread 0x0000015bb31ebaf0 12655       1       org.jetbrains.kotlin.psi2ir.intermediate.SimpleCallReceiver::getContextReceiverValues (5 bytes)
Event: 13.744 Thread 0x0000015bb31ebaf0 nmethod 12655 0x0000015b9d0c5390 code [0x0000015b9d0c5520, 0x0000015b9d0c55f8]
Event: 13.744 Thread 0x0000015bb31ebaf0 12656       3       org.jetbrains.kotlin.psi2ir.generators.SamConversionsKt::isSamType (55 bytes)
Event: 13.744 Thread 0x0000015bfc37e4e0 nmethod 12648 0x0000015b9ce0a590 code [0x0000015b9ce0a700, 0x0000015b9ce0a798]

GC Heap History (20 events):
Event: 4.473 GC heap before
{Heap before GC invocations=6 (full 0):
 garbage-first heap   total 110592K, used 66333K [0x00000006c5800000, 0x0000000800000000)
  region size 4096K, 8 young (32768K), 1 survivors (4096K)
 Metaspace       used 35846K, committed 36096K, reserved 1114112K
  class space    used 4405K, committed 4480K, reserved 1048576K
}
Event: 4.480 GC heap after
{Heap after GC invocations=7 (full 0):
 garbage-first heap   total 110592K, used 47914K [0x00000006c5800000, 0x0000000800000000)
  region size 4096K, 1 young (4096K), 1 survivors (4096K)
 Metaspace       used 35846K, committed 36096K, reserved 1114112K
  class space    used 4405K, committed 4480K, reserved 1048576K
}
Event: 4.827 GC heap before
{Heap before GC invocations=8 (full 0):
 garbage-first heap   total 110592K, used 72490K [0x00000006c5800000, 0x0000000800000000)
  region size 4096K, 8 young (32768K), 1 survivors (4096K)
 Metaspace       used 38754K, committed 39040K, reserved 1114112K
  class space    used 4762K, committed 4864K, reserved 1048576K
}
Event: 4.834 GC heap after
{Heap after GC invocations=9 (full 0):
 garbage-first heap   total 110592K, used 53446K [0x00000006c5800000, 0x0000000800000000)
  region size 4096K, 1 young (4096K), 1 survivors (4096K)
 Metaspace       used 38754K, committed 39040K, reserved 1114112K
  class space    used 4762K, committed 4864K, reserved 1048576K
}
Event: 4.983 GC heap before
{Heap before GC invocations=9 (full 0):
 garbage-first heap   total 110592K, used 78022K [0x00000006c5800000, 0x0000000800000000)
  region size 4096K, 7 young (28672K), 1 survivors (4096K)
 Metaspace       used 40182K, committed 40512K, reserved 1114112K
  class space    used 4893K, committed 4992K, reserved 1048576K
}
Event: 4.991 GC heap after
{Heap after GC invocations=10 (full 0):
 garbage-first heap   total 180224K, used 55344K [0x00000006c5800000, 0x0000000800000000)
  region size 4096K, 1 young (4096K), 1 survivors (4096K)
 Metaspace       used 40182K, committed 40512K, reserved 1114112K
  class space    used 4893K, committed 4992K, reserved 1048576K
}
Event: 6.711 GC heap before
{Heap before GC invocations=11 (full 0):
 garbage-first heap   total 180224K, used 120880K [0x00000006c5800000, 0x0000000800000000)
  region size 4096K, 17 young (69632K), 1 survivors (4096K)
 Metaspace       used 49381K, committed 49728K, reserved 1114112K
  class space    used 5892K, committed 6080K, reserved 1048576K
}
Event: 6.723 GC heap after
{Heap after GC invocations=12 (full 0):
 garbage-first heap   total 180224K, used 64647K [0x00000006c5800000, 0x0000000800000000)
  region size 4096K, 3 young (12288K), 3 survivors (12288K)
 Metaspace       used 49381K, committed 49728K, reserved 1114112K
  class space    used 5892K, committed 6080K, reserved 1048576K
}
Event: 6.861 GC heap before
{Heap before GC invocations=12 (full 0):
 garbage-first heap   total 180224K, used 68743K [0x00000006c5800000, 0x0000000800000000)
  region size 4096K, 4 young (16384K), 3 survivors (12288K)
 Metaspace       used 49953K, committed 50304K, reserved 1114112K
  class space    used 5931K, committed 6144K, reserved 1048576K
}
Event: 6.867 GC heap after
{Heap after GC invocations=13 (full 0):
 garbage-first heap   total 180224K, used 63781K [0x00000006c5800000, 0x0000000800000000)
  region size 4096K, 1 young (4096K), 1 survivors (4096K)
 Metaspace       used 49953K, committed 50304K, reserved 1114112K
  class space    used 5931K, committed 6144K, reserved 1048576K
}
Event: 8.019 GC heap before
{Heap before GC invocations=13 (full 0):
 garbage-first heap   total 180224K, used 125221K [0x00000006c5800000, 0x0000000800000000)
  region size 4096K, 16 young (65536K), 1 survivors (4096K)
 Metaspace       used 53323K, committed 53696K, reserved 1114112K
  class space    used 6147K, committed 6336K, reserved 1048576K
}
Event: 8.027 GC heap after
{Heap after GC invocations=14 (full 0):
 garbage-first heap   total 180224K, used 71965K [0x00000006c5800000, 0x0000000800000000)
  region size 4096K, 2 young (8192K), 2 survivors (8192K)
 Metaspace       used 53323K, committed 53696K, reserved 1114112K
  class space    used 6147K, committed 6336K, reserved 1048576K
}
Event: 9.117 GC heap before
{Heap before GC invocations=14 (full 0):
 garbage-first heap   total 180224K, used 129309K [0x00000006c5800000, 0x0000000800000000)
  region size 4096K, 16 young (65536K), 2 survivors (8192K)
 Metaspace       used 54413K, committed 54784K, reserved 1114112K
  class space    used 6173K, committed 6336K, reserved 1048576K
}
Event: 9.127 GC heap after
{Heap after GC invocations=15 (full 0):
 garbage-first heap   total 180224K, used 79222K [0x00000006c5800000, 0x0000000800000000)
  region size 4096K, 2 young (8192K), 2 survivors (8192K)
 Metaspace       used 54413K, committed 54784K, reserved 1114112K
  class space    used 6173K, committed 6336K, reserved 1048576K
}
Event: 10.273 GC heap before
{Heap before GC invocations=15 (full 0):
 garbage-first heap   total 180224K, used 128374K [0x00000006c5800000, 0x0000000800000000)
  region size 4096K, 15 young (61440K), 2 survivors (8192K)
 Metaspace       used 55155K, committed 55552K, reserved 1114112K
  class space    used 6227K, committed 6400K, reserved 1048576K
}
Event: 10.284 GC heap after
{Heap after GC invocations=16 (full 0):
 garbage-first heap   total 180224K, used 85512K [0x00000006c5800000, 0x0000000800000000)
  region size 4096K, 2 young (8192K), 2 survivors (8192K)
 Metaspace       used 55155K, committed 55552K, reserved 1114112K
  class space    used 6227K, committed 6400K, reserved 1048576K
}
Event: 11.448 GC heap before
{Heap before GC invocations=16 (full 0):
 garbage-first heap   total 180224K, used 134664K [0x00000006c5800000, 0x0000000800000000)
  region size 4096K, 14 young (57344K), 2 survivors (8192K)
 Metaspace       used 55640K, committed 56064K, reserved 1114112K
  class space    used 6250K, committed 6464K, reserved 1048576K
}
Event: 11.458 GC heap after
{Heap after GC invocations=17 (full 0):
 garbage-first heap   total 180224K, used 89784K [0x00000006c5800000, 0x0000000800000000)
  region size 4096K, 1 young (4096K), 1 survivors (4096K)
 Metaspace       used 55640K, committed 56064K, reserved 1114112K
  class space    used 6250K, committed 6464K, reserved 1048576K
}
Event: 12.435 GC heap before
{Heap before GC invocations=18 (full 0):
 garbage-first heap   total 180224K, used 138936K [0x00000006c5800000, 0x0000000800000000)
  region size 4096K, 13 young (53248K), 1 survivors (4096K)
 Metaspace       used 58435K, committed 58816K, reserved 1114112K
  class space    used 6536K, committed 6720K, reserved 1048576K
}
Event: 12.442 GC heap after
{Heap after GC invocations=19 (full 0):
 garbage-first heap   total 180224K, used 91938K [0x00000006c5800000, 0x0000000800000000)
  region size 4096K, 2 young (8192K), 2 survivors (8192K)
 Metaspace       used 58435K, committed 58816K, reserved 1114112K
  class space    used 6536K, committed 6720K, reserved 1048576K
}

Dll operation events (7 events):
Event: 0.014 Loaded shared library C:\Program Files\Eclipse Adoptium\jdk-17.0.15.6-hotspot\bin\java.dll
Event: 0.041 Loaded shared library C:\Program Files\Eclipse Adoptium\jdk-17.0.15.6-hotspot\bin\jsvml.dll
Event: 0.096 Loaded shared library C:\Program Files\Eclipse Adoptium\jdk-17.0.15.6-hotspot\bin\net.dll
Event: 0.098 Loaded shared library C:\Program Files\Eclipse Adoptium\jdk-17.0.15.6-hotspot\bin\nio.dll
Event: 0.128 Loaded shared library C:\Program Files\Eclipse Adoptium\jdk-17.0.15.6-hotspot\bin\zip.dll
Event: 0.176 Loaded shared library C:\Program Files\Eclipse Adoptium\jdk-17.0.15.6-hotspot\bin\jimage.dll
Event: 2.508 Loaded shared library C:\Program Files\Eclipse Adoptium\jdk-17.0.15.6-hotspot\bin\verify.dll

Deoptimization events (20 events):
Event: 13.717 Thread 0x0000015b8bd5d880 DEOPT PACKING pc=0x0000015b9cc453dc sp=0x00000010f99fbd60
Event: 13.717 Thread 0x0000015b8bd5d880 DEOPT UNPACKING pc=0x0000015b9c64a1a3 sp=0x00000010f99fbcd0 mode 2
Event: 13.717 Thread 0x0000015b8bd5d880 Uncommon trap: trap_request=0xffffff66 fr.pc=0x0000015b9cc453dc relative=0x000000000000083c
Event: 13.717 Thread 0x0000015b8bd5d880 Uncommon trap: reason=speculate_class_check action=maybe_recompile pc=0x0000015b9cc453dc method=org.jetbrains.kotlin.types.KotlinType.getAnnotations()Lorg/jetbrains/kotlin/descriptors/annotations/Annotations; @ 1 c2
Event: 13.717 Thread 0x0000015b8bd5d880 DEOPT PACKING pc=0x0000015b9cc453dc sp=0x00000010f99fbef0
Event: 13.717 Thread 0x0000015b8bd5d880 DEOPT UNPACKING pc=0x0000015b9c64a1a3 sp=0x00000010f99fbe60 mode 2
Event: 13.718 Thread 0x0000015b8bd5d880 Uncommon trap: trap_request=0xffffff66 fr.pc=0x0000015b9cc453dc relative=0x000000000000083c
Event: 13.718 Thread 0x0000015b8bd5d880 Uncommon trap: reason=speculate_class_check action=maybe_recompile pc=0x0000015b9cc453dc method=org.jetbrains.kotlin.types.KotlinType.getAnnotations()Lorg/jetbrains/kotlin/descriptors/annotations/Annotations; @ 1 c2
Event: 13.718 Thread 0x0000015b8bd5d880 DEOPT PACKING pc=0x0000015b9cc453dc sp=0x00000010f99fc730
Event: 13.718 Thread 0x0000015b8bd5d880 DEOPT UNPACKING pc=0x0000015b9c64a1a3 sp=0x00000010f99fc6a0 mode 2
Event: 13.718 Thread 0x0000015b8bd5d880 Uncommon trap: trap_request=0xffffff66 fr.pc=0x0000015b9cc453dc relative=0x000000000000083c
Event: 13.718 Thread 0x0000015b8bd5d880 Uncommon trap: reason=speculate_class_check action=maybe_recompile pc=0x0000015b9cc453dc method=org.jetbrains.kotlin.types.KotlinType.getAnnotations()Lorg/jetbrains/kotlin/descriptors/annotations/Annotations; @ 1 c2
Event: 13.718 Thread 0x0000015b8bd5d880 DEOPT PACKING pc=0x0000015b9cc453dc sp=0x00000010f99fc8c0
Event: 13.718 Thread 0x0000015b8bd5d880 DEOPT UNPACKING pc=0x0000015b9c64a1a3 sp=0x00000010f99fc830 mode 2
Event: 13.721 Thread 0x0000015b8bd5d880 DEOPT PACKING pc=0x0000015b96e5896c sp=0x00000010f99faf90
Event: 13.721 Thread 0x0000015b8bd5d880 DEOPT UNPACKING pc=0x0000015b9c64ace3 sp=0x00000010f99fa5d0 mode 0
Event: 13.721 Thread 0x0000015b8bd5d880 DEOPT PACKING pc=0x0000015b96e5634c sp=0x00000010f99fb2d0
Event: 13.721 Thread 0x0000015b8bd5d880 DEOPT UNPACKING pc=0x0000015b9c64ace3 sp=0x00000010f99fa908 mode 0
Event: 13.721 Thread 0x0000015b8bd5d880 DEOPT PACKING pc=0x0000015b9582cb3c sp=0x00000010f99fb510
Event: 13.721 Thread 0x0000015b8bd5d880 DEOPT UNPACKING pc=0x0000015b9c64ace3 sp=0x00000010f99faa28 mode 0

Classes loaded (20 events):
Event: 7.246 Loading class java/util/concurrent/locks/AbstractQueuedSynchronizer$Node
Event: 7.246 Loading class java/util/concurrent/locks/AbstractQueuedSynchronizer$Node done
Event: 11.162 Loading class java/util/regex/Pattern$Bound
Event: 11.163 Loading class java/util/regex/Pattern$Bound done
Event: 11.163 Loading class java/util/regex/Pattern$LookBehindEndNode
Event: 11.163 Loading class java/util/regex/Pattern$LookBehindEndNode done
Event: 11.163 Loading class java/util/regex/Pattern$NotBehind
Event: 11.163 Loading class java/util/regex/Pattern$NotBehind done
Event: 12.335 Loading class java/text/MessageFormat
Event: 12.336 Loading class java/text/MessageFormat done
Event: 12.341 Loading class jdk/internal/reflect/UnsafeBooleanFieldAccessorImpl
Event: 12.342 Loading class jdk/internal/reflect/UnsafeBooleanFieldAccessorImpl done
Event: 12.342 Loading class jdk/internal/reflect/UnsafeQualifiedObjectFieldAccessorImpl
Event: 12.342 Loading class jdk/internal/reflect/UnsafeQualifiedFieldAccessorImpl
Event: 12.342 Loading class jdk/internal/reflect/UnsafeQualifiedFieldAccessorImpl done
Event: 12.342 Loading class jdk/internal/reflect/UnsafeQualifiedObjectFieldAccessorImpl done
Event: 12.370 Loading class java/text/ChoiceFormat
Event: 12.371 Loading class java/text/ChoiceFormat done
Event: 12.387 Loading class java/text/MessageFormat$Field
Event: 12.387 Loading class java/text/MessageFormat$Field done

Classes unloaded (0 events):
No events

Classes redefined (0 events):
No events

Internal exceptions (20 events):
Event: 8.700 Thread 0x0000015b8bd5d880 Implicit null exception at 0x0000015b9cc04c93 to 0x0000015b9cc0526c
Event: 8.752 Thread 0x0000015b8bd5d880 Implicit null exception at 0x0000015b9cc9d00b to 0x0000015b9cc9d31c
Event: 8.754 Thread 0x0000015b8bd5d880 Implicit null exception at 0x0000015b9d00756f to 0x0000015b9d007898
Event: 9.448 Thread 0x0000015b8bd5d880 Implicit null exception at 0x0000015b9d071db8 to 0x0000015b9d0742dc
Event: 11.844 Thread 0x0000015b8bd5d880 Exception <a 'java/lang/NoSuchMethodError'{0x00000006d2966b48}: 'java.lang.Object java.lang.invoke.DirectMethodHandle$Holder.newInvokeSpecial(java.lang.Object, java.lang.Object, java.lang.Object, java.lang.Object, java.lang.Object, java.lang.Object, java.lang.Object, int)'> (0x00000006d2966b48) 
thrown [s\src\hotspot\share\interpreter\linkResolver.cpp, line 759]
Event: 11.845 Thread 0x0000015b8bd5d880 Exception <a 'java/lang/NoSuchMethodError'{0x00000006d296be98}: 'java.lang.Object java.lang.invoke.DirectMethodHandle$Holder.invokeSpecial(java.lang.Object, java.lang.Object, java.lang.Object, java.lang.Object, java.lang.Object, java.lang.Object, java.lang.Object, java.lang.Object, int)'> (0x00000006d296be98) 
thrown [s\src\hotspot\share\interpreter\linkResolver.cpp, line 759]
Event: 11.845 Thread 0x0000015b8bd5d880 Exception <a 'java/lang/NoSuchMethodError'{0x00000006d2970960}: 'java.lang.Object java.lang.invoke.Invokers$Holder.linkToTargetMethod(java.lang.Object, java.lang.Object, java.lang.Object, java.lang.Object, java.lang.Object, java.lang.Object, int, java.lang.Object)'> (0x00000006d2970960) 
thrown [s\src\hotspot\share\interpreter\linkResolver.cpp, line 759]
Event: 11.858 Thread 0x0000015b8bd5d880 Implicit null exception at 0x0000015b9cc2a910 to 0x0000015b9cc2ae84
Event: 12.511 Thread 0x0000015b8bd5d880 Exception <a 'java/lang/NoSuchMethodError'{0x00000006d305c378}: 'java.lang.Object java.lang.invoke.DirectMethodHandle$Holder.newInvokeSpecial(java.lang.Object, java.lang.Object, java.lang.Object, java.lang.Object, java.lang.Object, int, java.lang.Object)'> (0x00000006d305c378) 
thrown [s\src\hotspot\share\interpreter\linkResolver.cpp, line 759]
Event: 12.511 Thread 0x0000015b8bd5d880 Exception <a 'java/lang/NoSuchMethodError'{0x00000006d3061018}: 'java.lang.Object java.lang.invoke.DirectMethodHandle$Holder.invokeSpecial(java.lang.Object, java.lang.Object, java.lang.Object, java.lang.Object, java.lang.Object, java.lang.Object, int, java.lang.Object)'> (0x00000006d3061018) 
thrown [s\src\hotspot\share\interpreter\linkResolver.cpp, line 759]
Event: 12.511 Thread 0x0000015b8bd5d880 Exception <a 'java/lang/NoSuchMethodError'{0x00000006d3065640}: 'java.lang.Object java.lang.invoke.Invokers$Holder.linkToTargetMethod(java.lang.Object, java.lang.Object, java.lang.Object, java.lang.Object, int, java.lang.Object, java.lang.Object)'> (0x00000006d3065640) 
thrown [s\src\hotspot\share\interpreter\linkResolver.cpp, line 759]
Event: 13.578 Thread 0x0000015b8bd5d880 Exception <a 'java/lang/NoSuchMethodError'{0x00000006d2c87050}: 'java.lang.Object java.lang.invoke.DirectMethodHandle$Holder.newInvokeSpecial(java.lang.Object, java.lang.Object, int, int, java.lang.Object, java.lang.Object, java.lang.Object)'> (0x00000006d2c87050) 
thrown [s\src\hotspot\share\interpreter\linkResolver.cpp, line 759]
Event: 13.601 Thread 0x0000015b8bd5d880 Exception <a 'java/lang/NoSuchMethodError'{0x00000006d2e1d818}: 'java.lang.Object java.lang.invoke.DirectMethodHandle$Holder.newInvokeSpecial(java.lang.Object, java.lang.Object, int, int, java.lang.Object, java.lang.Object, java.lang.Object, java.lang.Object)'> (0x00000006d2e1d818) 
thrown [s\src\hotspot\share\interpreter\linkResolver.cpp, line 759]
Event: 13.606 Thread 0x0000015b8bd5d880 Exception <a 'java/lang/NoSuchMethodError'{0x00000006d2e72190}: 'java.lang.Object java.lang.invoke.DirectMethodHandle$Holder.invokeStatic(java.lang.Object, java.lang.Object, java.lang.Object, int, int, java.lang.Object, java.lang.Object)'> (0x00000006d2e72190) 
thrown [s\src\hotspot\share\interpreter\linkResolver.cpp, line 759]
Event: 13.606 Thread 0x0000015b8bd5d880 Exception <a 'java/lang/NoSuchMethodError'{0x00000006d2e7b708}: 'java.lang.Object java.lang.invoke.DirectMethodHandle$Holder.newInvokeSpecial(java.lang.Object, java.lang.Object, java.lang.Object, int, int, java.lang.Object)'> (0x00000006d2e7b708) 
thrown [s\src\hotspot\share\interpreter\linkResolver.cpp, line 759]
Event: 13.606 Thread 0x0000015b8bd5d880 Exception <a 'java/lang/NoSuchMethodError'{0x00000006d2e830a8}: 'java.lang.Object java.lang.invoke.Invokers$Holder.linkToTargetMethod(java.lang.Object, java.lang.Object, int, int, java.lang.Object, java.lang.Object)'> (0x00000006d2e830a8) 
thrown [s\src\hotspot\share\interpreter\linkResolver.cpp, line 759]
Event: 13.618 Thread 0x0000015b8bd5d880 Exception <a 'java/lang/NoSuchMethodError'{0x00000006d2f54288}: 'java.lang.Object java.lang.invoke.DirectMethodHandle$Holder.newInvokeSpecial(java.lang.Object, java.lang.Object, java.lang.Object, int, int, java.lang.Object, java.lang.Object)'> (0x00000006d2f54288) 
thrown [s\src\hotspot\share\interpreter\linkResolver.cpp, line 759]
Event: 13.618 Thread 0x0000015b8bd5d880 Exception <a 'java/lang/NoSuchMethodError'{0x00000006d2f5bf68}: 'java.lang.Object java.lang.invoke.Invokers$Holder.linkToTargetMethod(java.lang.Object, java.lang.Object, int, int, java.lang.Object, java.lang.Object, java.lang.Object)'> (0x00000006d2f5bf68) 
thrown [s\src\hotspot\share\interpreter\linkResolver.cpp, line 759]
Event: 13.623 Thread 0x0000015b8bd5d880 Exception <a 'java/lang/NoSuchMethodError'{0x00000006d2fa0e58}: 'java.lang.Object java.lang.invoke.DirectMethodHandle$Holder.newInvokeSpecial(java.lang.Object, java.lang.Object, java.lang.Object, int, int, java.lang.Object, java.lang.Object, java.lang.Object, java.lang.Object)'> (0x00000006d2fa0e58) 
thrown [s\src\hotspot\share\interpreter\linkResolver.cpp, line 759]
Event: 13.623 Thread 0x0000015b8bd5d880 Exception <a 'java/lang/NoSuchMethodError'{0x00000006d2faa700}: 'java.lang.Object java.lang.invoke.Invokers$Holder.linkToTargetMethod(java.lang.Object, java.lang.Object, int, int, java.lang.Object, java.lang.Object, java.lang.Object, java.lang.Object, java.lang.Object)'> (0x00000006d2faa700) 
thrown [s\src\hotspot\share\interpreter\linkResolver.cpp, line 759]

VM Operations (20 events):
Event: 12.507 Executing VM operation: HandshakeAllThreads done
Event: 12.509 Executing VM operation: HandshakeAllThreads
Event: 12.509 Executing VM operation: HandshakeAllThreads done
Event: 12.509 Executing VM operation: HandshakeAllThreads
Event: 12.509 Executing VM operation: HandshakeAllThreads done
Event: 12.521 Executing VM operation: HandshakeAllThreads
Event: 12.521 Executing VM operation: HandshakeAllThreads done
Event: 12.529 Executing VM operation: HandshakeAllThreads
Event: 12.529 Executing VM operation: HandshakeAllThreads done
Event: 12.544 Executing VM operation: ICBufferFull
Event: 12.544 Executing VM operation: ICBufferFull done
Event: 13.556 Executing VM operation: Cleanup
Event: 13.556 Executing VM operation: Cleanup done
Event: 13.656 Executing VM operation: HandshakeAllThreads
Event: 13.656 Executing VM operation: HandshakeAllThreads done
Event: 13.720 Executing VM operation: HandshakeAllThreads
Event: 13.720 Executing VM operation: HandshakeAllThreads done
Event: 13.720 Executing VM operation: HandshakeAllThreads
Event: 13.720 Executing VM operation: HandshakeAllThreads done
Event: 14.725 Executing VM operation: Cleanup

Memory protections (0 events):
No events

Nmethod flushes (20 events):
Event: 13.738 Thread 0x0000015bb31fccb0 flushing  nmethod 0x0000015b9694ca90
Event: 13.739 Thread 0x0000015bb31fccb0 flushing  nmethod 0x0000015b96999b10
Event: 13.739 Thread 0x0000015bb31fccb0 flushing  nmethod 0x0000015b969cdd90
Event: 13.739 Thread 0x0000015bb31fccb0 flushing  nmethod 0x0000015b96a39f90
Event: 13.739 Thread 0x0000015bb31fccb0 flushing  nmethod 0x0000015b96a6f010
Event: 13.739 Thread 0x0000015bb31fccb0 flushing  nmethod 0x0000015b96a71810
Event: 13.740 Thread 0x0000015bb31fccb0 flushing  nmethod 0x0000015b96aaeb10
Event: 13.741 Thread 0x0000015bb31fccb0 flushing  nmethod 0x0000015b96bb0690
Event: 13.742 Thread 0x0000015bb31fccb0 flushing  nmethod 0x0000015b96c91c90
Event: 13.742 Thread 0x0000015bb31fccb0 flushing  nmethod 0x0000015b96cc6c10
Event: 13.742 Thread 0x0000015bb31fccb0 flushing  nmethod 0x0000015b96de8f10
Event: 13.742 Thread 0x0000015bb31fccb0 flushing  nmethod 0x0000015b96de9810
Event: 13.743 Thread 0x0000015bb31fccb0 flushing  nmethod 0x0000015b96e2e910
Event: 13.743 Thread 0x0000015bb31fccb0 flushing  nmethod 0x0000015b96ea8c90
Event: 13.743 Thread 0x0000015bb31fccb0 flushing  nmethod 0x0000015b96f03910
Event: 13.743 Thread 0x0000015bb31fccb0 flushing  nmethod 0x0000015b96f17010
Event: 13.743 Thread 0x0000015bb31fccb0 flushing  nmethod 0x0000015b96f45310
Event: 13.744 Thread 0x0000015bb31fccb0 flushing  nmethod 0x0000015b96ff3110
Event: 13.744 Thread 0x0000015bb31fccb0 flushing  nmethod 0x0000015b97010c90
Event: 13.744 Thread 0x0000015bb31fccb0 flushing  nmethod 0x0000015b97049990

Events (20 events):
Event: 0.041 Thread 0x0000015b8bd5d880 Thread added: 0x0000015b8bd5d880
Event: 0.044 Thread 0x0000015b8bd5d880 Thread added: 0x0000015bb31bffd0
Event: 0.044 Thread 0x0000015b8bd5d880 Thread added: 0x0000015bb31c0b90
Event: 0.058 Thread 0x0000015b8bd5d880 Thread added: 0x0000015bb31d6d70
Event: 0.058 Thread 0x0000015b8bd5d880 Thread added: 0x0000015bb31d7730
Event: 0.058 Thread 0x0000015b8bd5d880 Thread added: 0x0000015bb31d9100
Event: 0.058 Thread 0x0000015b8bd5d880 Thread added: 0x0000015bb31d9ac0
Event: 0.058 Thread 0x0000015b8bd5d880 Thread added: 0x0000015bb31e5be0
Event: 0.059 Thread 0x0000015b8bd5d880 Thread added: 0x0000015bb31ebaf0
Event: 0.059 Thread 0x0000015b8bd5d880 Thread added: 0x0000015bb31fccb0
Event: 0.091 Thread 0x0000015b8bd5d880 Thread added: 0x0000015bb376c1e0
Event: 0.093 Thread 0x0000015b8bd5d880 Thread added: 0x0000015bb376e970
Event: 0.124 Thread 0x0000015bb31e5be0 Thread added: 0x0000015bb37f0e30
Event: 0.744 Thread 0x0000015bb37f0e30 Thread exited: 0x0000015bb37f0e30
Event: 2.579 Thread 0x0000015bb31ebaf0 Thread added: 0x0000015bf9fd8c20
Event: 2.582 Thread 0x0000015bb31ebaf0 Thread added: 0x0000015bf9fd9140
Event: 3.165 Thread 0x0000015bf9fd9140 Thread exited: 0x0000015bf9fd9140
Event: 4.311 Thread 0x0000015bb31ebaf0 Thread added: 0x0000015bfb70a430
Event: 13.582 Thread 0x0000015bfb70a430 Thread exited: 0x0000015bfb70a430
Event: 13.738 Thread 0x0000015bb31ebaf0 Thread added: 0x0000015bfc37e4e0


Dynamic libraries:
0x00007ff6ae810000 - 0x00007ff6ae81e000 	C:\Program Files\Eclipse Adoptium\jdk-17.0.15.6-hotspot\bin\java.exe
0x00007ffdfe420000 - 0x00007ffdfe688000 	C:\WINDOWS\SYSTEM32\ntdll.dll
0x00007ffdfde70000 - 0x00007ffdfdf39000 	C:\WINDOWS\System32\KERNEL32.DLL
0x00007ffdfbca0000 - 0x00007ffdfc092000 	C:\WINDOWS\System32\KERNELBASE.dll
0x00007ffdfb5b0000 - 0x00007ffdfb6fb000 	C:\WINDOWS\System32\ucrtbase.dll
0x00007ffdce4f0000 - 0x00007ffdce50e000 	C:\Program Files\Eclipse Adoptium\jdk-17.0.15.6-hotspot\bin\VCRUNTIME140.dll
0x00007ffddba70000 - 0x00007ffddba87000 	C:\Program Files\Eclipse Adoptium\jdk-17.0.15.6-hotspot\bin\jli.dll
0x00007ffdfd410000 - 0x00007ffdfd5d5000 	C:\WINDOWS\System32\USER32.dll
0x00007ffdfb9b0000 - 0x00007ffdfb9d7000 	C:\WINDOWS\System32\win32u.dll
0x00007ffdd7dc0000 - 0x00007ffdd8053000 	C:\WINDOWS\WinSxS\amd64_microsoft.windows.common-controls_6595b64144ccf1df_6.0.26100.6725_none_3e085828e334708b\COMCTL32.dll
0x00007ffdfd6e0000 - 0x00007ffdfd70b000 	C:\WINDOWS\System32\GDI32.dll
0x00007ffdfd710000 - 0x00007ffdfd7b9000 	C:\WINDOWS\System32\msvcrt.dll
0x00007ffdfb880000 - 0x00007ffdfb9ad000 	C:\WINDOWS\System32\gdi32full.dll
0x00007ffdfba80000 - 0x00007ffdfbb23000 	C:\WINDOWS\System32\msvcp_win.dll
0x00007ffdfe390000 - 0x00007ffdfe3bf000 	C:\WINDOWS\System32\IMM32.DLL
0x00007ffdf3c90000 - 0x00007ffdf3c9c000 	C:\Program Files\Eclipse Adoptium\jdk-17.0.15.6-hotspot\bin\vcruntime140_1.dll
0x00007ffdb21a0000 - 0x00007ffdb222d000 	C:\Program Files\Eclipse Adoptium\jdk-17.0.15.6-hotspot\bin\msvcp140.dll
0x00007ffd84d20000 - 0x00007ffd8598b000 	C:\Program Files\Eclipse Adoptium\jdk-17.0.15.6-hotspot\bin\server\jvm.dll
0x00007ffdfdf60000 - 0x00007ffdfe014000 	C:\WINDOWS\System32\ADVAPI32.dll
0x00007ffdfc410000 - 0x00007ffdfc4b6000 	C:\WINDOWS\System32\sechost.dll
0x00007ffdfe020000 - 0x00007ffdfe138000 	C:\WINDOWS\System32\RPCRT4.dll
0x00007ffdfc390000 - 0x00007ffdfc404000 	C:\WINDOWS\System32\WS2_32.dll
0x00007ffdfae20000 - 0x00007ffdfae7e000 	C:\WINDOWS\SYSTEM32\POWRPROF.dll
0x00007ffdee290000 - 0x00007ffdee2c5000 	C:\WINDOWS\SYSTEM32\WINMM.dll
0x00007ffdf0d90000 - 0x00007ffdf0d9b000 	C:\WINDOWS\SYSTEM32\VERSION.dll
0x00007ffdfae00000 - 0x00007ffdfae14000 	C:\WINDOWS\SYSTEM32\UMPDC.dll
0x00007ffdfa380000 - 0x00007ffdfa39b000 	C:\WINDOWS\SYSTEM32\kernel.appcore.dll
0x00007ffdf3bb0000 - 0x00007ffdf3bba000 	C:\Program Files\Eclipse Adoptium\jdk-17.0.15.6-hotspot\bin\jimage.dll
0x00007ffdf8970000 - 0x00007ffdf8bb2000 	C:\WINDOWS\SYSTEM32\DBGHELP.DLL
0x00007ffdfc530000 - 0x00007ffdfc8ab000 	C:\WINDOWS\System32\combase.dll
0x00007ffdfc280000 - 0x00007ffdfc357000 	C:\WINDOWS\System32\OLEAUT32.dll
0x00007ffdd6b50000 - 0x00007ffdd6b8c000 	C:\WINDOWS\SYSTEM32\dbgcore.DLL
0x00007ffdfb9e0000 - 0x00007ffdfba78000 	C:\WINDOWS\System32\bcryptPrimitives.dll
0x00007ffdb2400000 - 0x00007ffdb2425000 	C:\Program Files\Eclipse Adoptium\jdk-17.0.15.6-hotspot\bin\java.dll
0x00007ffd91c70000 - 0x00007ffd91d47000 	C:\Program Files\Eclipse Adoptium\jdk-17.0.15.6-hotspot\bin\jsvml.dll
0x00007ffdfc930000 - 0x00007ffdfd07c000 	C:\WINDOWS\System32\SHELL32.dll
0x00007ffdfbb30000 - 0x00007ffdfbc9b000 	C:\WINDOWS\System32\wintypes.dll
0x00007ffdf91f0000 - 0x00007ffdf9a4d000 	C:\WINDOWS\SYSTEM32\windows.storage.dll
0x00007ffdfd5e0000 - 0x00007ffdfd6d2000 	C:\WINDOWS\System32\SHCORE.dll
0x00007ffdfc8b0000 - 0x00007ffdfc912000 	C:\WINDOWS\System32\shlwapi.dll
0x00007ffdfb4d0000 - 0x00007ffdfb4f9000 	C:\WINDOWS\SYSTEM32\profapi.dll
0x00007ffdbcbf0000 - 0x00007ffdbcc09000 	C:\Program Files\Eclipse Adoptium\jdk-17.0.15.6-hotspot\bin\net.dll
0x00007ffdf44b0000 - 0x00007ffdf45cf000 	C:\WINDOWS\SYSTEM32\WINHTTP.dll
0x00007ffdfa8f0000 - 0x00007ffdfa95b000 	C:\WINDOWS\system32\mswsock.dll
0x00007ffdb6bb0000 - 0x00007ffdb6bc6000 	C:\Program Files\Eclipse Adoptium\jdk-17.0.15.6-hotspot\bin\nio.dll
0x00007ffdc1a60000 - 0x00007ffdc1a78000 	C:\Program Files\Eclipse Adoptium\jdk-17.0.15.6-hotspot\bin\zip.dll
0x00007ffdda550000 - 0x00007ffdda560000 	C:\Program Files\Eclipse Adoptium\jdk-17.0.15.6-hotspot\bin\verify.dll

dbghelp: loaded successfully - version: 4.0.5 - missing functions: none
symbol engine: initialized successfully - sym options: 0x614 - pdb path: .;C:\Program Files\Eclipse Adoptium\jdk-17.0.15.6-hotspot\bin;C:\WINDOWS\SYSTEM32;C:\WINDOWS\WinSxS\amd64_microsoft.windows.common-controls_6595b64144ccf1df_6.0.26100.6725_none_3e085828e334708b;C:\Program Files\Eclipse Adoptium\jdk-17.0.15.6-hotspot\bin\server

VM Arguments:
java_command: org.jetbrains.kotlin.cli.jvm.K2JVMCompiler @C:\Users\sangt\AppData\Local\Android\Sdk\flutter\packages\flutter_tools\gradle\build\20251107_15031085766428511829.compiler.options
java_class_path (initial): C:\Users\sangt\.gradle\caches\modules-2\files-2.1\org.jetbrains.kotlin\kotlin-compiler-embeddable\2.0.21\79346ed53db48b18312a472602eb5c057070c54d\kotlin-compiler-embeddable-2.0.21.jar;C:\Users\sangt\.gradle\caches\modules-2\files-2.1\org.jetbrains.kotlin\kotlin-stdlib\2.0.21\618b539767b4899b4660a83006e052b63f1db551\kotlin-stdlib-2.0.21.jar;C:\Users\sangt\.gradle\caches\modules-2\files-2.1\org.jetbrains.kotlin\kotlin-script-runtime\2.0.21\c9b044380ad41f89aa89aa896c2d32a8c0b2129d\kotlin-script-runtime-2.0.21.jar;C:\Users\sangt\.gradle\caches\modules-2\files-2.1\org.jetbrains.kotlin\kotlin-reflect\1.6.10\1cbe9c92c12a94eea200d23c2bbaedaf3daf5132\kotlin-reflect-1.6.10.jar;C:\Users\sangt\.gradle\caches\modules-2\files-2.1\org.jetbrains.kotlin\kotlin-daemon-embeddable\2.0.21\c9e933b23287de9b5a17e2116b4657bb91aea72c\kotlin-daemon-embeddable-2.0.21.jar;C:\Users\sangt\.gradle\caches\modules-2\files-2.1\org.jetbrains.intellij.deps\trove4j\1.0.20200330\3afb14d5f9ceb459d724e907a21145e8ff394f02\trove4j-1.0.20200330.jar;C:\Users\sangt\.gradle\caches\modules-2\files-2.1\org.jetbrains.kotlinx\kotlinx-coroutines-core-jvm\1.6.4\2c997cd1c0ef33f3e751d3831929aeff1390cb30\kotlinx-coroutines-core-jvm-1.6.4.jar;C:\Users\sangt\.gradle\caches\modules-2\files-2.1\org.jetbrains\annotations\13.0\919f0dfe192fb4e063e7dacadee7f8bb9a2672a9\annotations-13.0.jar
Launcher Type: SUN_STANDARD

[Global flags]
     intx CICompilerCount                          = 4                                         {product} {ergonomic}
     uint ConcGCThreads                            = 3                                         {product} {ergonomic}
     uint G1ConcRefinementThreads                  = 10                                        {product} {ergonomic}
   size_t G1HeapRegionSize                         = 4194304                                   {product} {ergonomic}
    uintx GCDrainStackTargetSize                   = 64                                        {product} {ergonomic}
   size_t InitialHeapSize                          = 331350016                                 {product} {ergonomic}
   size_t MarkStackSize                            = 4194304                                   {product} {ergonomic}
   size_t MaxHeapSize                              = 5276434432                                {product} {ergonomic}
   size_t MaxNewSize                               = 3162505216                                {product} {ergonomic}
   size_t MinHeapDeltaBytes                        = 4194304                                   {product} {ergonomic}
   size_t MinHeapSize                              = 8388608                                   {product} {ergonomic}
    uintx NonNMethodCodeHeapSize                   = 5839372                                {pd product} {ergonomic}
    uintx NonProfiledCodeHeapSize                  = 122909434                              {pd product} {ergonomic}
    uintx ProfiledCodeHeapSize                     = 122909434                              {pd product} {ergonomic}
    uintx ReservedCodeCacheSize                    = 251658240                              {pd product} {ergonomic}
     bool SegmentedCodeCache                       = true                                      {product} {ergonomic}
   size_t SoftMaxHeapSize                          = 5276434432                             {manageable} {ergonomic}
     bool UseCompressedClassPointers               = true                           {product lp64_product} {ergonomic}
     bool UseCompressedOops                        = true                           {product lp64_product} {ergonomic}
     bool UseG1GC                                  = true                                      {product} {ergonomic}
     bool UseLargePagesIndividualAllocation        = false                                  {pd product} {ergonomic}

Logging:
Log output configuration:
 #0: stdout all=warning uptime,level,tags
 #1: stderr all=off uptime,level,tags

Environment Variables:
PATH=C:\Program Files\Eclipse Adoptium\jdk-17.0.15.6-hotspot\bin;C:\Python313\Scripts\;C:\Python313\;C:\Program Files\Common Files\Oracle\Java\javapath;C:\windows\system32;C:\windows;C:\windows\System32\Wbem;C:\windows\System32\WindowsPowerShell\v1.0\;C:\windows\System32\OpenSSH\;C:\Program Files (x86)\NVIDIA Corporation\PhysX\Common;C:\Program Files\NVIDIA Corporation\NVIDIA NvDLISR;C:\WINDOWS\system32;C:\WINDOWS;C:\WINDOWS\System32\Wbem;C:\WINDOWS\System32\WindowsPowerShell\v1.0\;C:\WINDOWS\System32\OpenSSH\;C:\Program Files\HP\HP One Agent;C:\WINDOWS\system32;C:\WINDOWS;C:\WINDOWS\System32\Wbem;C:\WINDOWS\System32\WindowsPowerShell\v1.0\;C:\WINDOWS\System32\OpenSSH\;C:\Program Files\nodejs\;C:\ProgramData\chocolatey\bin;C:\Program Files\MySQL\MySQL Server 9.2\bin;C:\Users\sangt\AppData\Local\Microsoft\WindowsApps;C:\Users\sangt\AppData\Roaming\npm;C:\Users\sangt\Downloads\flutter_windows_3.29.3-stable\flutter\bin;C:\Program Files\dotnet\;C:\Users\sangt\AppData\Local\Android\Sdk\platform-tools;C:\Program Files\Git\cmd;C:\Users\sangt\AppData\Local\Android\Sdk\flutter\bin;D:\;C:\Program Files\Docker\Docker\resources\bin;C:\Users\sangt\AppData\Local\Microsoft\WindowsApps;C:\Users\sangt\AppData\Roaming\npm;E:\Microsoft VS Code\bin;C:\tools\dart-sdk\bin;C:\Users\sangt\AppData\Local\Pub\Cache\bin;C:\Users\sangt\.dotnet\tools;C:\Users\sangt\AppData\Local\Android\Sdk\flutter\bin;C:\Users\sangt\AppData\Local\Android\Sdk\platform-tools;C:\Users\sangt\AppData\Local\Android\Sdk\emulator;C:\Users\sangt\AppData\Local\Android\Sdk\tools;C:\Users\sangt\AppData\Local\Android\Sdk\tools\bin;;C:\Program Files\JetBrains\WebStorm 2025.1.1\bin;
USERNAME=sangtran
OS=Windows_NT
PROCESSOR_IDENTIFIER=Intel64 Family 6 Model 141 Stepping 1, GenuineIntel
TMP=C:\Users\sangt\AppData\Local\Temp
TEMP=C:\Users\sangt\AppData\Local\Temp



Periodic native trim disabled


---------------  S Y S T E M  ---------------

OS:
 Windows 11 , 64 bit Build 26100 (10.0.26100.6725)
OS uptime: 0 days 1:15 hours
Hyper-V role detected

CPU: total 12 (initial active 12) (6 cores per cpu, 2 threads per core) family 6 model 141 stepping 1 microcode 0x4e, cx8, cmov, fxsr, ht, mmx, 3dnowpref, sse, sse2, sse3, ssse3, sse4.1, sse4.2, popcnt, lzcnt, tsc, tscinvbit, avx, avx2, aes, erms, clmul, bmi1, bmi2, adx, avx512f, avx512dq, avx512cd, avx512bw, avx512vl, sha, fma, vzeroupper, avx512_vpopcntdq, avx512_vpclmulqdq, avx512_vaes, avx512_vnni, clflush, clflushopt, clwb, avx512_vbmi2, avx512_vbmi, hv
Processor Information for all 12 processors :
  Max Mhz: 2688, Current Mhz: 2688, Mhz Limit: 2688

Memory: 4k page, system-wide physical 20117M (745M free)
TotalPageFile size 28309M (AvailPageFile size 75M)
current process WorkingSet (physical memory assigned to process): 394M, peak: 398M
current process commit charge ("private bytes"): 454M, peak: 474M

vm_info: OpenJDK 64-Bit Server VM (17.0.15+6) for windows-amd64 JRE (17.0.15+6), built on Apr 15 2025 21:25:47 by "admin" with MS VC++ 17.7 (VS2022)

END.
