#
# There is insufficient memory for the Java Runtime Environment to continue.
# Native memory allocation (mmap) failed to map 79691776 bytes. Error detail: G1 virtual space
# Possible reasons:
#   The system is out of physical RAM or swap space
#   This process is running with CompressedOops enabled, and the Java Heap may be blocking the growth of the native heap
# Possible solutions:
#   Reduce memory load on the system
#   Increase physical memory or swap space
#   Check if swap backing store is full
#   Decrease Java heap size (-Xmx/-Xms)
#   Decrease number of Java threads
#   Decrease Java thread stack sizes (-Xss)
#   Set larger code cache with -XX:ReservedCodeCacheSize=
#   JVM is running with Zero Based Compressed Oops mode in which the Java heap is
#     placed in the first 32GB address space. The Java Heap base address is the
#     maximum limit for the native heap growth. Please use -XX:HeapBaseMinAddress
#     to set the Java Heap base and to place the Java Heap above 32GB virtual address.
# This output file may be truncated or incomplete.
#
#  Out of Memory Error (os_windows.cpp:3618), pid=22056, tid=26508
#
# JRE version: OpenJDK Runtime Environment Temurin-17.0.15+6 (17.0.15+6) (build 17.0.15+6)
# Java VM: OpenJDK 64-Bit Server VM Temurin-17.0.15+6 (17.0.15+6, mixed mode, sharing, tiered, compressed oops, compressed class ptrs, g1 gc, windows-amd64)
# No core dump will be written. Minidumps are not enabled by default on client versions of Windows
#

---------------  S U M M A R Y ------------

Command Line: --add-opens=java.base/java.lang=ALL-UNNAMED --add-opens=java.base/java.lang.invoke=ALL-UNNAMED --add-opens=java.base/java.util=ALL-UNNAMED --add-opens=java.prefs/java.util.prefs=ALL-UNNAMED --add-exports=jdk.compiler/com.sun.tools.javac.api=ALL-UNNAMED --add-exports=jdk.compiler/com.sun.tools.javac.util=ALL-UNNAMED --add-opens=java.base/java.util=ALL-UNNAMED --add-opens=java.prefs/java.util.prefs=ALL-UNNAMED --add-opens=java.base/java.nio.charset=ALL-UNNAMED --add-opens=java.base/java.net=ALL-UNNAMED --add-opens=java.base/java.util.concurrent.atomic=ALL-UNNAMED --add-opens=java.xml/javax.xml.namespace=ALL-UNNAMED -XX:MaxMetaspaceSize=4G -XX:ReservedCodeCacheSize=512m -XX:+HeapDumpOnOutOfMemoryError -Xmx8G -Dfile.encoding=UTF-8 -Duser.country=US -Duser.language=en -Duser.variant -javaagent:C:\Users\sangt\.gradle\wrapper\dists\gradle-8.12-all\ejduaidbjup3bmmkhw3rie4zb\gradle-8.12\lib\agents\gradle-instrumentation-agent-8.12.jar org.gradle.launcher.daemon.bootstrap.GradleDaemon 8.12

Host: 11th Gen Intel(R) Core(TM) i5-11400H @ 2.70GHz, 12 cores, 19G,  Windows 11 , 64 bit Build 26100 (10.0.26100.6725)
Time: Fri Nov  7 21:53:08 2025 SE Asia Standard Time elapsed time: 45.004057 seconds (0d 0h 0m 45s)

---------------  T H R E A D  ---------------

Current thread (0x000002d179965900):  VMThread "VM Thread" [stack: 0x000000e78fc00000,0x000000e78fd00000] [id=26508]

Stack: [0x000000e78fc00000,0x000000e78fd00000]
Native frames: (J=compiled Java code, j=interpreted, Vv=VM code, C=native code)
V  [jvm.dll+0x682fc9]
V  [jvm.dll+0x839878]
V  [jvm.dll+0x83b323]
V  [jvm.dll+0x83b993]
V  [jvm.dll+0x24725f]
V  [jvm.dll+0x67fda9]
V  [jvm.dll+0x674c9a]
V  [jvm.dll+0x304d06]
V  [jvm.dll+0x30c1c6]
V  [jvm.dll+0x35dd4e]
V  [jvm.dll+0x35df8d]
V  [jvm.dll+0x2dc0cc]
V  [jvm.dll+0x2da46f]
V  [jvm.dll+0x2d9bdc]
V  [jvm.dll+0x31d3bb]
V  [jvm.dll+0x8401cd]
V  [jvm.dll+0x840f03]
V  [jvm.dll+0x84142f]
V  [jvm.dll+0x841814]
V  [jvm.dll+0x8418de]
V  [jvm.dll+0x7e94dc]
V  [jvm.dll+0x681ea7]
C  [ucrtbase.dll+0x37b0]
C  [KERNEL32.DLL+0x2e8d7]
C  [ntdll.dll+0x8c53c]

VM_Operation (0x000000e7916f3e90): G1CollectForAllocation, mode: safepoint, requested by thread 0x000002d1c268e560


---------------  P R O C E S S  ---------------

Threads class SMR info:
_java_thread_list=0x000002d1c8192bf0, length=190, elements={
0x000002d15e4aeb20, 0x000002d17996b460, 0x000002d17996caa0, 0x000002d17c435d20,
0x000002d17c438600, 0x000002d17c439a40, 0x000002d17c43ae80, 0x000002d17c43d160,
0x000002d17c43db20, 0x000002d17c44aa40, 0x000002d179957090, 0x000002d17c6d65e0,
0x000002d1c3adc0b0, 0x000002d1c3c10220, 0x000002d1c3c7dda0, 0x000002d1c3dac830,
0x000002d1c3daf950, 0x000002d1c268ef80, 0x000002d1c268e560, 0x000002d1c268f490,
0x000002d1c268ea70, 0x000002d1c268d120, 0x000002d1c268db40, 0x000002d1c268bce0,
0x000002d1c268c1f0, 0x000002d1c40929d0, 0x000002d1c4090150, 0x000002d1c4092ee0,
0x000002d1c4090660, 0x000002d1c4091aa0, 0x000002d1c40933f0, 0x000002d1c4093900,
0x000002d1c4090b70, 0x000002d1c4093e10, 0x000002d1c4091080, 0x000002d1c4097ad0,
0x000002d1c4096690, 0x000002d1c4095250, 0x000002d1c4095760, 0x000002d1c4096ba0,
0x000002d1c40975c0, 0x000002d1c75f5e50, 0x000002d1c75f5430, 0x000002d1c75f3ae0,
0x000002d1c75f6d80, 0x000002d1c75f6870, 0x000002d1c75f3ff0, 0x000002d1c75f4500,
0x000002d1c75f4a10, 0x000002d1c75f4f20, 0x000002d1c4b3a330, 0x000002d1c4b389e0,
0x000002d1c4b39400, 0x000002d1c4b38ef0, 0x000002d1c4b37ab0, 0x000002d1c4b375a0,
0x000002d1c4b3b260, 0x000002d1c4b3a840, 0x000002d1c4b384d0, 0x000002d1c4b3b770,
0x000002d1c4b37fc0, 0x000002d1c4b3cbb0, 0x000002d1c4b39910, 0x000002d1c4b3c6a0,
0x000002d1c4b3d0c0, 0x000002d1c4b3ad50, 0x000002d1c4b3bc80, 0x000002d1c4b3c190,
0x000002d1c4b3d5d0, 0x000002d1c4b39e20, 0x000002d1c4b3dae0, 0x000002d1c4b3dff0,
0x000002d1c4b3e500, 0x000002d1c4b3ea10, 0x000002d1c4b3ef20, 0x000002d1c4ecd7f0,
0x000002d1c4ecf650, 0x000002d1c4eccdd0, 0x000002d1c4ecdd00, 0x000002d1c4ecc3b0,
0x000002d1c4ecfb60, 0x000002d1c4ed0580, 0x000002d1c4ed0fa0, 0x000002d1c4ed19c0,
0x000002d1c4ed14b0, 0x000002d1c4ed0a90, 0x000002d1c4ece210, 0x000002d1c4ed1ed0,
0x000002d1c4ed28f0, 0x000002d1c4ed0070, 0x000002d1c4ed3310, 0x000002d1c4ed23e0,
0x000002d1c4ed2e00, 0x000002d1c4ed3820, 0x000002d1c4ed3d30, 0x000002d1c5e0f8e0,
0x000002d1c5e0f3d0, 0x000002d1c5e0e4a0, 0x000002d1c5e0e9b0, 0x000002d1c5e0fdf0,
0x000002d1c5e0eec0, 0x000002d1c5e10300, 0x000002d1c5e11230, 0x000002d1c5e0df90,
0x000002d1c5e0da80, 0x000002d1c5e10d20, 0x000002d1c5e10810, 0x000002d1c8dcef70,
0x000002d1c8dcc6f0, 0x000002d1c8dcf990, 0x000002d1c8dcfea0, 0x000002d1c8dccc00,
0x000002d1c8dcd110, 0x000002d1c8dce550, 0x000002d1c8dcdb30, 0x000002d1c8dcf480,
0x000002d1c8dce040, 0x000002d1c8dcea60, 0x000002d1c8dcd620, 0x000002d1c7f44520,
0x000002d1c7f46890, 0x000002d1c7f44010, 0x000002d1c7f44f40, 0x000002d1c7f435f0,
0x000002d1c7f45450, 0x000002d1c7f44a30, 0x000002d1c7f46da0, 0x000002d1c7f472b0,
0x000002d1c7f477c0, 0x000002d1c7f48c00, 0x000002d1c7f47cd0, 0x000002d1c7f4aa60,
0x000002d1c7f43b00, 0x000002d1c7f4a040, 0x000002d1c7f49b30, 0x000002d1c7f486f0,
0x000002d1c7f4a550, 0x000002d1c7f49110, 0x000002d1c7f49620, 0x000002d1c268cc10,
0x000002d1c4091590, 0x000002d1c4ecd2e0, 0x000002d1c20e7bb0, 0x000002d1c20e6260,
0x000002d1c20e80c0, 0x000002d1c20e6770, 0x000002d1c20e85d0, 0x000002d1c20e4e20,
0x000002d1c20e6c80, 0x000002d1c20e7190, 0x000002d1c20e8ae0, 0x000002d1c20e76a0,
0x000002d1c20e5840, 0x000002d1c20e8ff0, 0x000002d1c20e5d50, 0x000002d1c20e9a10,
0x000002d1c20e9f20, 0x000002d1c20ea940, 0x000002d1c20ebd80, 0x000002d1c20eae50,
0x000002d1c20ea430, 0x000002d1c20eb360, 0x000002d1c20ec290, 0x000002d1c20eb870,
0x000002d1c20ec7a0, 0x000002d1c92e9760, 0x000002d1c27e2700, 0x000002d1c4c975d0,
0x000002d1c27e3c40, 0x000002d1c4c99430, 0x000002d1c4c97ae0, 0x000002d1c75f5940,
0x000002d1c75f6360, 0x000002d1c268e050, 0x000002d1c4095c70, 0x000002d1c89dd670,
0x000002d1c89dd160, 0x000002d1c89de5a0, 0x000002d1c89dcc50, 0x000002d1c89ddb80,
0x000002d1c89df4d0, 0x000002d1c89de090, 0x000002d1c89dfef0, 0x000002d1c89deab0,
0x000002d1c89df9e0, 0x000002d1c89defc0, 0x000002d1c89dc740, 0x000002d1c89e1840,
0x000002d1c89e0910, 0x000002d1c89e0e20
}

Java Threads: ( => current thread )
  0x000002d15e4aeb20 JavaThread "main" [_thread_blocked, id=11776, stack(0x000000e78f600000,0x000000e78f700000)]
  0x000002d17996b460 JavaThread "Reference Handler" daemon [_thread_blocked, id=24064, stack(0x000000e78fd00000,0x000000e78fe00000)]
  0x000002d17996caa0 JavaThread "Finalizer" daemon [_thread_blocked, id=19832, stack(0x000000e78fe00000,0x000000e78ff00000)]
  0x000002d17c435d20 JavaThread "Signal Dispatcher" daemon [_thread_blocked, id=3300, stack(0x000000e78ff00000,0x000000e790000000)]
  0x000002d17c438600 JavaThread "Attach Listener" daemon [_thread_blocked, id=12748, stack(0x000000e790000000,0x000000e790100000)]
  0x000002d17c439a40 JavaThread "Service Thread" daemon [_thread_blocked, id=21296, stack(0x000000e790100000,0x000000e790200000)]
  0x000002d17c43ae80 JavaThread "Monitor Deflation Thread" daemon [_thread_blocked, id=6732, stack(0x000000e790200000,0x000000e790300000)]
  0x000002d17c43d160 JavaThread "C2 CompilerThread0" daemon [_thread_blocked, id=5476, stack(0x000000e790300000,0x000000e790400000)]
  0x000002d17c43db20 JavaThread "C1 CompilerThread0" daemon [_thread_blocked, id=27544, stack(0x000000e790400000,0x000000e790500000)]
  0x000002d17c44aa40 JavaThread "Sweeper thread" daemon [_thread_blocked, id=8004, stack(0x000000e790500000,0x000000e790600000)]
  0x000002d179957090 JavaThread "Common-Cleaner" daemon [_thread_blocked, id=16712, stack(0x000000e790600000,0x000000e790700000)]
  0x000002d17c6d65e0 JavaThread "Notification Thread" daemon [_thread_blocked, id=21776, stack(0x000000e790700000,0x000000e790800000)]
  0x000002d1c3adc0b0 JavaThread "Daemon health stats" [_thread_blocked, id=16128, stack(0x000000e791100000,0x000000e791200000)]
  0x000002d1c3c10220 JavaThread "Incoming local TCP Connector on port 55287" [_thread_in_native, id=20628, stack(0x000000e790a00000,0x000000e790b00000)]
  0x000002d1c3c7dda0 JavaThread "Daemon periodic checks" [_thread_blocked, id=20792, stack(0x000000e791200000,0x000000e791300000)]
  0x000002d1c3dac830 JavaThread "Daemon" [_thread_blocked, id=12384, stack(0x000000e791300000,0x000000e791400000)]
  0x000002d1c3daf950 JavaThread "Handler for socket connection from /127.0.0.1:55287 to /127.0.0.1:55294" [_thread_in_native, id=23488, stack(0x000000e791400000,0x000000e791500000)]
  0x000002d1c268ef80 JavaThread "Cancel handler" [_thread_blocked, id=10712, stack(0x000000e791500000,0x000000e791600000)]
  0x000002d1c268e560 JavaThread "Daemon worker" [_thread_blocked, id=13156, stack(0x000000e791600000,0x000000e791700000)]
  0x000002d1c268f490 JavaThread "Asynchronous log dispatcher for DefaultDaemonConnection: socket connection from /127.0.0.1:55287 to /127.0.0.1:55294" [_thread_blocked, id=24060, stack(0x000000e791700000,0x000000e791800000)]
  0x000002d1c268ea70 JavaThread "Stdin handler" [_thread_blocked, id=27480, stack(0x000000e791800000,0x000000e791900000)]
  0x000002d1c268d120 JavaThread "Daemon client event forwarder" [_thread_blocked, id=22724, stack(0x000000e791900000,0x000000e791a00000)]
  0x000002d1c268db40 JavaThread "Cache worker for journal cache (C:\Users\sangt\.gradle\caches\journal-1)" [_thread_blocked, id=24392, stack(0x000000e791a00000,0x000000e791b00000)]
  0x000002d1c268bce0 JavaThread "File lock request listener" [_thread_in_native, id=12716, stack(0x000000e791b00000,0x000000e791c00000)]
  0x000002d1c268c1f0 JavaThread "Cache worker for file hash cache (C:\Users\sangt\.gradle\caches\8.12\fileHashes)" [_thread_blocked, id=1816, stack(0x000000e791c00000,0x000000e791d00000)]
  0x000002d1c40929d0 JavaThread "Cache worker for file hash cache (E:\PORTFOLIO\PRJ_ONTHI_CCGM_BDS\client_app\android\.gradle\8.12\fileHashes)" [_thread_blocked, id=12040, stack(0x000000e791d00000,0x000000e791e00000)]
  0x000002d1c4090150 JavaThread "Cache worker for Build Output Cleanup Cache (E:\PORTFOLIO\PRJ_ONTHI_CCGM_BDS\client_app\android\.gradle\buildOutputCleanup)" [_thread_blocked, id=7108, stack(0x000000e791e00000,0x000000e791f00000)]
  0x000002d1c4092ee0 JavaThread "File watcher server" daemon [_thread_in_native, id=14360, stack(0x000000e792400000,0x000000e792500000)]
  0x000002d1c4090660 JavaThread "File watcher consumer" daemon [_thread_blocked, id=2736, stack(0x000000e792500000,0x000000e792600000)]
  0x000002d1c4091aa0 JavaThread "jar transforms" [_thread_blocked, id=15008, stack(0x000000e792700000,0x000000e792800000)]
  0x000002d1c40933f0 JavaThread "jar transforms Thread 2" [_thread_blocked, id=24424, stack(0x000000e792800000,0x000000e792900000)]
  0x000002d1c4093900 JavaThread "jar transforms Thread 3" [_thread_blocked, id=24688, stack(0x000000e792900000,0x000000e792a00000)]
  0x000002d1c4090b70 JavaThread "jar transforms Thread 4" [_thread_blocked, id=15704, stack(0x000000e792e00000,0x000000e792f00000)]
  0x000002d1c4093e10 JavaThread "jar transforms Thread 5" [_thread_blocked, id=24860, stack(0x000000e792f00000,0x000000e793000000)]
  0x000002d1c4091080 JavaThread "Cache worker for checksums cache (E:\PORTFOLIO\PRJ_ONTHI_CCGM_BDS\client_app\android\.gradle\8.12\checksums)" [_thread_blocked, id=23372, stack(0x000000e793000000,0x000000e793100000)]
  0x000002d1c4097ad0 JavaThread "Cache worker for file content cache (C:\Users\sangt\.gradle\caches\8.12\fileContent)" [_thread_blocked, id=8032, stack(0x000000e793100000,0x000000e793200000)]
  0x000002d1c4096690 JavaThread "jar transforms Thread 6" [_thread_blocked, id=6804, stack(0x000000e793200000,0x000000e793300000)]
  0x000002d1c4095250 JavaThread "jar transforms Thread 7" [_thread_blocked, id=436, stack(0x000000e793300000,0x000000e793400000)]
  0x000002d1c4095760 JavaThread "jar transforms Thread 8" [_thread_blocked, id=12176, stack(0x000000e793400000,0x000000e793500000)]
  0x000002d1c4096ba0 JavaThread "jar transforms Thread 9" [_thread_blocked, id=12140, stack(0x000000e793500000,0x000000e793600000)]
  0x000002d1c40975c0 JavaThread "Cache worker for cache directory md-rule (C:\Users\sangt\.gradle\caches\8.12\md-rule)" [_thread_blocked, id=18716, stack(0x000000e793600000,0x000000e793700000)]
  0x000002d1c75f5e50 JavaThread "Cache worker for cache directory md-supplier (C:\Users\sangt\.gradle\caches\8.12\md-supplier)" [_thread_blocked, id=5068, stack(0x000000e793700000,0x000000e793800000)]
  0x000002d1c75f5430 JavaThread "Cache worker for Build Output Cleanup Cache (C:\Users\sangt\AppData\Local\Android\Sdk\flutter\packages\flutter_tools\gradle\.gradle\buildOutputCleanup)" [_thread_blocked, id=24876, stack(0x000000e793800000,0x000000e793900000)]
  0x000002d1c75f3ae0 JavaThread "Unconstrained build operations" [_thread_blocked, id=13388, stack(0x000000e793900000,0x000000e793a00000)]
  0x000002d1c75f6d80 JavaThread "Unconstrained build operations Thread 2" [_thread_blocked, id=21088, stack(0x000000e793a00000,0x000000e793b00000)]
  0x000002d1c75f6870 JavaThread "Unconstrained build operations Thread 3" [_thread_blocked, id=9480, stack(0x000000e793b00000,0x000000e793c00000)]
  0x000002d1c75f3ff0 JavaThread "Unconstrained build operations Thread 4" [_thread_blocked, id=4068, stack(0x000000e793c00000,0x000000e793d00000)]
  0x000002d1c75f4500 JavaThread "Unconstrained build operations Thread 5" [_thread_blocked, id=24056, stack(0x000000e793d00000,0x000000e793e00000)]
  0x000002d1c75f4a10 JavaThread "Unconstrained build operations Thread 6" [_thread_blocked, id=19516, stack(0x000000e793e00000,0x000000e793f00000)]
  0x000002d1c75f4f20 JavaThread "Unconstrained build operations Thread 7" [_thread_blocked, id=10952, stack(0x000000e793f00000,0x000000e794000000)]
  0x000002d1c4b3a330 JavaThread "Unconstrained build operations Thread 8" [_thread_blocked, id=26020, stack(0x000000e794000000,0x000000e794100000)]
  0x000002d1c4b389e0 JavaThread "Unconstrained build operations Thread 9" [_thread_blocked, id=24628, stack(0x000000e794100000,0x000000e794200000)]
  0x000002d1c4b39400 JavaThread "Unconstrained build operations Thread 10" [_thread_blocked, id=408, stack(0x000000e794200000,0x000000e794300000)]
  0x000002d1c4b38ef0 JavaThread "Unconstrained build operations Thread 11" [_thread_blocked, id=3908, stack(0x000000e794300000,0x000000e794400000)]
  0x000002d1c4b37ab0 JavaThread "Unconstrained build operations Thread 12" [_thread_blocked, id=6688, stack(0x000000e794400000,0x000000e794500000)]
  0x000002d1c4b375a0 JavaThread "Unconstrained build operations Thread 13" [_thread_blocked, id=26464, stack(0x000000e794500000,0x000000e794600000)]
  0x000002d1c4b3b260 JavaThread "Unconstrained build operations Thread 14" [_thread_blocked, id=26772, stack(0x000000e794600000,0x000000e794700000)]
  0x000002d1c4b3a840 JavaThread "Unconstrained build operations Thread 15" [_thread_blocked, id=24256, stack(0x000000e794700000,0x000000e794800000)]
  0x000002d1c4b384d0 JavaThread "Unconstrained build operations Thread 16" [_thread_blocked, id=12652, stack(0x000000e794800000,0x000000e794900000)]
  0x000002d1c4b3b770 JavaThread "Unconstrained build operations Thread 17" [_thread_blocked, id=2592, stack(0x000000e794900000,0x000000e794a00000)]
  0x000002d1c4b37fc0 JavaThread "Unconstrained build operations Thread 18" [_thread_blocked, id=13076, stack(0x000000e794a00000,0x000000e794b00000)]
  0x000002d1c4b3cbb0 JavaThread "Unconstrained build operations Thread 19" [_thread_blocked, id=26308, stack(0x000000e794b00000,0x000000e794c00000)]
  0x000002d1c4b39910 JavaThread "Unconstrained build operations Thread 20" [_thread_blocked, id=12956, stack(0x000000e794c00000,0x000000e794d00000)]
  0x000002d1c4b3c6a0 JavaThread "Unconstrained build operations Thread 21" [_thread_blocked, id=2628, stack(0x000000e794d00000,0x000000e794e00000)]
  0x000002d1c4b3d0c0 JavaThread "Unconstrained build operations Thread 22" [_thread_blocked, id=15560, stack(0x000000e794e00000,0x000000e794f00000)]
  0x000002d1c4b3ad50 JavaThread "Unconstrained build operations Thread 23" [_thread_blocked, id=20724, stack(0x000000e794f00000,0x000000e795000000)]
  0x000002d1c4b3bc80 JavaThread "Unconstrained build operations Thread 24" [_thread_blocked, id=24036, stack(0x000000e795000000,0x000000e795100000)]
  0x000002d1c4b3c190 JavaThread "Unconstrained build operations Thread 25" [_thread_blocked, id=5876, stack(0x000000e795100000,0x000000e795200000)]
  0x000002d1c4b3d5d0 JavaThread "Unconstrained build operations Thread 26" [_thread_blocked, id=4808, stack(0x000000e795200000,0x000000e795300000)]
  0x000002d1c4b39e20 JavaThread "Unconstrained build operations Thread 27" [_thread_blocked, id=5620, stack(0x000000e795300000,0x000000e795400000)]
  0x000002d1c4b3dae0 JavaThread "Unconstrained build operations Thread 28" [_thread_blocked, id=10260, stack(0x000000e795400000,0x000000e795500000)]
  0x000002d1c4b3dff0 JavaThread "Unconstrained build operations Thread 29" [_thread_blocked, id=15640, stack(0x000000e795500000,0x000000e795600000)]
  0x000002d1c4b3e500 JavaThread "Unconstrained build operations Thread 30" [_thread_blocked, id=26224, stack(0x000000e795600000,0x000000e795700000)]
  0x000002d1c4b3ea10 JavaThread "Unconstrained build operations Thread 31" [_thread_blocked, id=12848, stack(0x000000e795700000,0x000000e795800000)]
  0x000002d1c4b3ef20 JavaThread "Unconstrained build operations Thread 32" [_thread_blocked, id=3096, stack(0x000000e795800000,0x000000e795900000)]
  0x000002d1c4ecd7f0 JavaThread "Unconstrained build operations Thread 33" [_thread_blocked, id=11960, stack(0x000000e795900000,0x000000e795a00000)]
  0x000002d1c4ecf650 JavaThread "Memory manager" [_thread_blocked, id=25840, stack(0x000000e795a00000,0x000000e795b00000)]
  0x000002d1c4eccdd0 JavaThread "build event listener" [_thread_blocked, id=9272, stack(0x000000e792600000,0x000000e792700000)]
  0x000002d1c4ecdd00 JavaThread "included builds" [_thread_blocked, id=19524, stack(0x000000e795b00000,0x000000e795c00000)]
  0x000002d1c4ecc3b0 JavaThread "Execution worker" [_thread_blocked, id=5040, stack(0x000000e795c00000,0x000000e795d00000)]
  0x000002d1c4ecfb60 JavaThread "Execution worker Thread 2" [_thread_blocked, id=22520, stack(0x000000e795d00000,0x000000e795e00000)]
  0x000002d1c4ed0580 JavaThread "Execution worker Thread 3" [_thread_blocked, id=23276, stack(0x000000e795e00000,0x000000e795f00000)]
  0x000002d1c4ed0fa0 JavaThread "Execution worker Thread 4" [_thread_blocked, id=2524, stack(0x000000e795f00000,0x000000e796000000)]
  0x000002d1c4ed19c0 JavaThread "Execution worker Thread 5" [_thread_blocked, id=5800, stack(0x000000e796000000,0x000000e796100000)]
  0x000002d1c4ed14b0 JavaThread "Execution worker Thread 6" [_thread_blocked, id=9656, stack(0x000000e796100000,0x000000e796200000)]
  0x000002d1c4ed0a90 JavaThread "Execution worker Thread 7" [_thread_blocked, id=8288, stack(0x000000e796200000,0x000000e796300000)]
  0x000002d1c4ece210 JavaThread "Execution worker Thread 8" [_thread_blocked, id=21368, stack(0x000000e796300000,0x000000e796400000)]
  0x000002d1c4ed1ed0 JavaThread "Execution worker Thread 9" [_thread_blocked, id=11040, stack(0x000000e796400000,0x000000e796500000)]
  0x000002d1c4ed28f0 JavaThread "Execution worker Thread 10" [_thread_blocked, id=24620, stack(0x000000e796500000,0x000000e796600000)]
  0x000002d1c4ed0070 JavaThread "Execution worker Thread 11" [_thread_blocked, id=9960, stack(0x000000e796600000,0x000000e796700000)]
  0x000002d1c4ed3310 JavaThread "Cache worker for execution history cache (C:\Users\sangt\AppData\Local\Android\Sdk\flutter\packages\flutter_tools\gradle\.gradle\8.12\executionHistory)" [_thread_blocked, id=27612, stack(0x000000e796700000,0x000000e796800000)]
  0x000002d1c4ed23e0 JavaThread "Unconstrained build operations Thread 34" [_thread_blocked, id=26484, stack(0x000000e796800000,0x000000e796900000)]
  0x000002d1c4ed2e00 JavaThread "Unconstrained build operations Thread 35" [_thread_blocked, id=26720, stack(0x000000e796900000,0x000000e796a00000)]
  0x000002d1c4ed3820 JavaThread "Unconstrained build operations Thread 36" [_thread_blocked, id=12480, stack(0x000000e796a00000,0x000000e796b00000)]
  0x000002d1c4ed3d30 JavaThread "Unconstrained build operations Thread 37" [_thread_blocked, id=16624, stack(0x000000e796b00000,0x000000e796c00000)]
  0x000002d1c5e0f8e0 JavaThread "Unconstrained build operations Thread 38" [_thread_blocked, id=11828, stack(0x000000e796c00000,0x000000e796d00000)]
  0x000002d1c5e0f3d0 JavaThread "Unconstrained build operations Thread 39" [_thread_blocked, id=22140, stack(0x000000e796d00000,0x000000e796e00000)]
  0x000002d1c5e0e4a0 JavaThread "Unconstrained build operations Thread 40" [_thread_blocked, id=23252, stack(0x000000e796e00000,0x000000e796f00000)]
  0x000002d1c5e0e9b0 JavaThread "Unconstrained build operations Thread 41" [_thread_blocked, id=14428, stack(0x000000e796f00000,0x000000e797000000)]
  0x000002d1c5e0fdf0 JavaThread "Unconstrained build operations Thread 42" [_thread_blocked, id=11252, stack(0x000000e797000000,0x000000e797100000)]
  0x000002d1c5e0eec0 JavaThread "Unconstrained build operations Thread 43" [_thread_blocked, id=18776, stack(0x000000e797100000,0x000000e797200000)]
  0x000002d1c5e10300 JavaThread "Unconstrained build operations Thread 44" [_thread_blocked, id=11044, stack(0x000000e797200000,0x000000e797300000)]
  0x000002d1c5e11230 JavaThread "Unconstrained build operations Thread 45" [_thread_blocked, id=27296, stack(0x000000e797300000,0x000000e797400000)]
  0x000002d1c5e0df90 JavaThread "Unconstrained build operations Thread 46" [_thread_blocked, id=16984, stack(0x000000e797400000,0x000000e797500000)]
  0x000002d1c5e0da80 JavaThread "Unconstrained build operations Thread 47" [_thread_blocked, id=13812, stack(0x000000e797500000,0x000000e797600000)]
  0x000002d1c5e10d20 JavaThread "Unconstrained build operations Thread 48" [_thread_blocked, id=2224, stack(0x000000e797600000,0x000000e797700000)]
  0x000002d1c5e10810 JavaThread "Unconstrained build operations Thread 49" [_thread_blocked, id=16148, stack(0x000000e797700000,0x000000e797800000)]
  0x000002d1c8dcef70 JavaThread "Unconstrained build operations Thread 50" [_thread_blocked, id=24100, stack(0x000000e797800000,0x000000e797900000)]
  0x000002d1c8dcc6f0 JavaThread "Unconstrained build operations Thread 51" [_thread_blocked, id=8840, stack(0x000000e797900000,0x000000e797a00000)]
  0x000002d1c8dcf990 JavaThread "Unconstrained build operations Thread 52" [_thread_blocked, id=6844, stack(0x000000e797a00000,0x000000e797b00000)]
  0x000002d1c8dcfea0 JavaThread "Unconstrained build operations Thread 53" [_thread_blocked, id=27536, stack(0x000000e797b00000,0x000000e797c00000)]
  0x000002d1c8dccc00 JavaThread "Unconstrained build operations Thread 54" [_thread_blocked, id=12488, stack(0x000000e797c00000,0x000000e797d00000)]
  0x000002d1c8dcd110 JavaThread "Unconstrained build operations Thread 55" [_thread_blocked, id=6984, stack(0x000000e797d00000,0x000000e797e00000)]
  0x000002d1c8dce550 JavaThread "Unconstrained build operations Thread 56" [_thread_blocked, id=17628, stack(0x000000e797e00000,0x000000e797f00000)]
  0x000002d1c8dcdb30 JavaThread "Unconstrained build operations Thread 57" [_thread_blocked, id=6716, stack(0x000000e797f00000,0x000000e798000000)]
  0x000002d1c8dcf480 JavaThread "Unconstrained build operations Thread 58" [_thread_blocked, id=2964, stack(0x000000e798000000,0x000000e798100000)]
  0x000002d1c8dce040 JavaThread "Unconstrained build operations Thread 59" [_thread_blocked, id=3972, stack(0x000000e798100000,0x000000e798200000)]
  0x000002d1c8dcea60 JavaThread "Unconstrained build operations Thread 60" [_thread_blocked, id=16752, stack(0x000000e798200000,0x000000e798300000)]
  0x000002d1c8dcd620 JavaThread "Unconstrained build operations Thread 61" [_thread_blocked, id=2072, stack(0x000000e798300000,0x000000e798400000)]
  0x000002d1c7f44520 JavaThread "Unconstrained build operations Thread 62" [_thread_blocked, id=11424, stack(0x000000e798400000,0x000000e798500000)]
  0x000002d1c7f46890 JavaThread "Unconstrained build operations Thread 63" [_thread_blocked, id=24744, stack(0x000000e798500000,0x000000e798600000)]
  0x000002d1c7f44010 JavaThread "Unconstrained build operations Thread 64" [_thread_blocked, id=3668, stack(0x000000e798600000,0x000000e798700000)]
  0x000002d1c7f44f40 JavaThread "Unconstrained build operations Thread 65" [_thread_blocked, id=2664, stack(0x000000e798700000,0x000000e798800000)]
  0x000002d1c7f435f0 JavaThread "Unconstrained build operations Thread 66" [_thread_blocked, id=15780, stack(0x000000e798800000,0x000000e798900000)]
  0x000002d1c7f45450 JavaThread "Unconstrained build operations Thread 67" [_thread_blocked, id=7400, stack(0x000000e798900000,0x000000e798a00000)]
  0x000002d1c7f44a30 JavaThread "Unconstrained build operations Thread 68" [_thread_blocked, id=26920, stack(0x000000e798a00000,0x000000e798b00000)]
  0x000002d1c7f46da0 JavaThread "WorkerExecutor Queue" [_thread_blocked, id=24872, stack(0x000000e798b00000,0x000000e798c00000)]
  0x000002d1c7f472b0 JavaThread "RMI Scheduler(0)" daemon [_thread_blocked, id=24096, stack(0x000000e798c00000,0x000000e798d00000)]
  0x000002d1c7f477c0 JavaThread "RMI GC Daemon" daemon [_thread_blocked, id=25856, stack(0x000000e798e00000,0x000000e798f00000)]
  0x000002d1c7f48c00 JavaThread "RMI TCP Accept-0" daemon [_thread_in_native, id=22000, stack(0x000000e798f00000,0x000000e799000000)]
  0x000002d1c7f47cd0 JavaThread "RMI Reaper" [_thread_blocked, id=25040, stack(0x000000e799000000,0x000000e799100000)]
  0x000002d1c7f4aa60 JavaThread "RMI TCP Connection(1)-127.0.0.1" daemon [_thread_in_native, id=17040, stack(0x000000e799100000,0x000000e799200000)]
  0x000002d1c7f43b00 JavaThread "Unconstrained build operations Thread 69" [_thread_blocked, id=10400, stack(0x000000e798d00000,0x000000e798e00000)]
  0x000002d1c7f4a040 JavaThread "Unconstrained build operations Thread 70" [_thread_blocked, id=25280, stack(0x000000e799400000,0x000000e799500000)]
  0x000002d1c7f49b30 JavaThread "Unconstrained build operations Thread 71" [_thread_blocked, id=12752, stack(0x000000e799500000,0x000000e799600000)]
  0x000002d1c7f486f0 JavaThread "Unconstrained build operations Thread 72" [_thread_blocked, id=2948, stack(0x000000e799600000,0x000000e799700000)]
  0x000002d1c7f4a550 JavaThread "Unconstrained build operations Thread 73" [_thread_blocked, id=3084, stack(0x000000e799700000,0x000000e799800000)]
  0x000002d1c7f49110 JavaThread "Unconstrained build operations Thread 74" [_thread_blocked, id=21928, stack(0x000000e799800000,0x000000e799900000)]
  0x000002d1c7f49620 JavaThread "Unconstrained build operations Thread 75" [_thread_blocked, id=22924, stack(0x000000e799900000,0x000000e799a00000)]
  0x000002d1c268cc10 JavaThread "Unconstrained build operations Thread 76" [_thread_blocked, id=27428, stack(0x000000e799a00000,0x000000e799b00000)]
  0x000002d1c4091590 JavaThread "Unconstrained build operations Thread 77" [_thread_blocked, id=15632, stack(0x000000e799b00000,0x000000e799c00000)]
  0x000002d1c4ecd2e0 JavaThread "Unconstrained build operations Thread 78" [_thread_blocked, id=18336, stack(0x000000e799c00000,0x000000e799d00000)]
  0x000002d1c20e7bb0 JavaThread "Unconstrained build operations Thread 79" [_thread_blocked, id=24564, stack(0x000000e799d00000,0x000000e799e00000)]
  0x000002d1c20e6260 JavaThread "Unconstrained build operations Thread 80" [_thread_blocked, id=4744, stack(0x000000e799e00000,0x000000e799f00000)]
  0x000002d1c20e80c0 JavaThread "Unconstrained build operations Thread 81" [_thread_blocked, id=620, stack(0x000000e799f00000,0x000000e79a000000)]
  0x000002d1c20e6770 JavaThread "Unconstrained build operations Thread 82" [_thread_blocked, id=16196, stack(0x000000e79a000000,0x000000e79a100000)]
  0x000002d1c20e85d0 JavaThread "Unconstrained build operations Thread 83" [_thread_blocked, id=27020, stack(0x000000e79a100000,0x000000e79a200000)]
  0x000002d1c20e4e20 JavaThread "Unconstrained build operations Thread 84" [_thread_blocked, id=8088, stack(0x000000e79a200000,0x000000e79a300000)]
  0x000002d1c20e6c80 JavaThread "Unconstrained build operations Thread 85" [_thread_blocked, id=11016, stack(0x000000e79a300000,0x000000e79a400000)]
  0x000002d1c20e7190 JavaThread "Unconstrained build operations Thread 86" [_thread_blocked, id=25408, stack(0x000000e79a400000,0x000000e79a500000)]
  0x000002d1c20e8ae0 JavaThread "Unconstrained build operations Thread 87" [_thread_blocked, id=20584, stack(0x000000e79a500000,0x000000e79a600000)]
  0x000002d1c20e76a0 JavaThread "Unconstrained build operations Thread 88" [_thread_blocked, id=912, stack(0x000000e79a600000,0x000000e79a700000)]
  0x000002d1c20e5840 JavaThread "Unconstrained build operations Thread 89" [_thread_blocked, id=6068, stack(0x000000e79a700000,0x000000e79a800000)]
  0x000002d1c20e8ff0 JavaThread "Unconstrained build operations Thread 90" [_thread_blocked, id=18880, stack(0x000000e79a800000,0x000000e79a900000)]
  0x000002d1c20e5d50 JavaThread "Unconstrained build operations Thread 91" [_thread_blocked, id=25716, stack(0x000000e79aa00000,0x000000e79ab00000)]
  0x000002d1c20e9a10 JavaThread "Unconstrained build operations Thread 92" [_thread_blocked, id=19288, stack(0x000000e79ab00000,0x000000e79ac00000)]
  0x000002d1c20e9f20 JavaThread "Unconstrained build operations Thread 93" [_thread_blocked, id=21344, stack(0x000000e79ac00000,0x000000e79ad00000)]
  0x000002d1c20ea940 JavaThread "Unconstrained build operations Thread 94" [_thread_blocked, id=17608, stack(0x000000e79ad00000,0x000000e79ae00000)]
  0x000002d1c20ebd80 JavaThread "Unconstrained build operations Thread 95" [_thread_blocked, id=26940, stack(0x000000e79ae00000,0x000000e79af00000)]
  0x000002d1c20eae50 JavaThread "Unconstrained build operations Thread 96" [_thread_blocked, id=10340, stack(0x000000e79af00000,0x000000e79b000000)]
  0x000002d1c20ea430 JavaThread "Unconstrained build operations Thread 97" [_thread_blocked, id=16492, stack(0x000000e79b000000,0x000000e79b100000)]
  0x000002d1c20eb360 JavaThread "Unconstrained build operations Thread 98" [_thread_blocked, id=17944, stack(0x000000e79b100000,0x000000e79b200000)]
  0x000002d1c20ec290 JavaThread "Unconstrained build operations Thread 99" [_thread_blocked, id=10724, stack(0x000000e79b200000,0x000000e79b300000)]
  0x000002d1c20eb870 JavaThread "Unconstrained build operations Thread 100" [_thread_blocked, id=14384, stack(0x000000e79b300000,0x000000e79b400000)]
  0x000002d1c20ec7a0 JavaThread "Unconstrained build operations Thread 101" [_thread_blocked, id=8952, stack(0x000000e79b400000,0x000000e79b500000)]
  0x000002d1c92e9760 JavaThread "build event listener" [_thread_blocked, id=2256, stack(0x000000e790900000,0x000000e790a00000)]
  0x000002d1c27e2700 JavaThread "C2 CompilerThread1" daemon [_thread_blocked, id=6332, stack(0x000000e79a900000,0x000000e79aa00000)]
  0x000002d1c4c975d0 JavaThread "jar transforms Thread 10" [_thread_blocked, id=24332, stack(0x000000e79b500000,0x000000e79b600000)]
  0x000002d1c27e3c40 JavaThread "C2 CompilerThread2" daemon [_thread_blocked, id=26628, stack(0x000000e79b600000,0x000000e79b700000)]
  0x000002d1c4c99430 JavaThread "Unconstrained build operations Thread 102" [_thread_blocked, id=27644, stack(0x000000e79b700000,0x000000e79b800000)]
  0x000002d1c4c97ae0 JavaThread "Unconstrained build operations Thread 103" [_thread_blocked, id=27216, stack(0x000000e79b800000,0x000000e79b900000)]
  0x000002d1c75f5940 JavaThread "Unconstrained build operations Thread 104" [_thread_blocked, id=424, stack(0x000000e79b900000,0x000000e79ba00000)]
  0x000002d1c75f6360 JavaThread "Unconstrained build operations Thread 105" [_thread_blocked, id=22060, stack(0x000000e79ba00000,0x000000e79bb00000)]
  0x000002d1c268e050 JavaThread "Unconstrained build operations Thread 106" [_thread_blocked, id=8116, stack(0x000000e79bb00000,0x000000e79bc00000)]
  0x000002d1c4095c70 JavaThread "Unconstrained build operations Thread 107" [_thread_blocked, id=27164, stack(0x000000e79bc00000,0x000000e79bd00000)]
  0x000002d1c89dd670 JavaThread "Unconstrained build operations Thread 108" [_thread_blocked, id=18084, stack(0x000000e79bd00000,0x000000e79be00000)]
  0x000002d1c89dd160 JavaThread "Unconstrained build operations Thread 109" [_thread_blocked, id=21012, stack(0x000000e79be00000,0x000000e79bf00000)]
  0x000002d1c89de5a0 JavaThread "Unconstrained build operations Thread 110" [_thread_blocked, id=18536, stack(0x000000e79bf00000,0x000000e79c000000)]
  0x000002d1c89dcc50 JavaThread "Unconstrained build operations Thread 111" [_thread_blocked, id=19112, stack(0x000000e79c000000,0x000000e79c100000)]
  0x000002d1c89ddb80 JavaThread "Unconstrained build operations Thread 112" [_thread_blocked, id=17464, stack(0x000000e79c100000,0x000000e79c200000)]
  0x000002d1c89df4d0 JavaThread "Unconstrained build operations Thread 113" [_thread_blocked, id=21840, stack(0x000000e79c200000,0x000000e79c300000)]
  0x000002d1c89de090 JavaThread "Unconstrained build operations Thread 114" [_thread_blocked, id=26836, stack(0x000000e79c300000,0x000000e79c400000)]
  0x000002d1c89dfef0 JavaThread "Unconstrained build operations Thread 115" [_thread_blocked, id=24888, stack(0x000000e79c400000,0x000000e79c500000)]
  0x000002d1c89deab0 JavaThread "Unconstrained build operations Thread 116" [_thread_blocked, id=9716, stack(0x000000e79c500000,0x000000e79c600000)]
  0x000002d1c89df9e0 JavaThread "Unconstrained build operations Thread 117" [_thread_blocked, id=19356, stack(0x000000e79c600000,0x000000e79c700000)]
  0x000002d1c89defc0 JavaThread "Unconstrained build operations Thread 118" [_thread_blocked, id=1632, stack(0x000000e79c700000,0x000000e79c800000)]
  0x000002d1c89dc740 JavaThread "Unconstrained build operations Thread 119" [_thread_blocked, id=2892, stack(0x000000e79c800000,0x000000e79c900000)]
  0x000002d1c89e1840 JavaThread "Unconstrained build operations Thread 120" [_thread_blocked, id=20020, stack(0x000000e79c900000,0x000000e79ca00000)]
  0x000002d1c89e0910 JavaThread "jar transforms Thread 11" [_thread_blocked, id=432, stack(0x000000e79ca00000,0x000000e79cb00000)]
  0x000002d1c89e0e20 JavaThread "Problems report writer" [_thread_blocked, id=15540, stack(0x000000e79cb00000,0x000000e79cc00000)]

Other Threads:
=>0x000002d179965900 VMThread "VM Thread" [stack: 0x000000e78fc00000,0x000000e78fd00000] [id=26508]
  0x000002d17c627580 WatcherThread [stack: 0x000000e790800000,0x000000e790900000] [id=6808]
  0x000002d1797759b0 GCTaskThread "GC Thread#0" [stack: 0x000000e78f700000,0x000000e78f800000] [id=16540]
  0x000002d1c2412290 GCTaskThread "GC Thread#1" [stack: 0x000000e790b00000,0x000000e790c00000] [id=20988]
  0x000002d1c2262300 GCTaskThread "GC Thread#2" [stack: 0x000000e790c00000,0x000000e790d00000] [id=7596]
  0x000002d1c22625c0 GCTaskThread "GC Thread#3" [stack: 0x000000e790d00000,0x000000e790e00000] [id=26596]
  0x000002d1c2262880 GCTaskThread "GC Thread#4" [stack: 0x000000e790e00000,0x000000e790f00000] [id=25472]
  0x000002d1c2262b40 GCTaskThread "GC Thread#5" [stack: 0x000000e790f00000,0x000000e791000000] [id=25384]
  0x000002d1c20e41e0 GCTaskThread "GC Thread#6" [stack: 0x000000e791000000,0x000000e791100000] [id=1680]
  0x000002d1c4b963b0 GCTaskThread "GC Thread#7" [stack: 0x000000e791f00000,0x000000e792000000] [id=24936]
  0x000002d1c4b960f0 GCTaskThread "GC Thread#8" [stack: 0x000000e792000000,0x000000e792100000] [id=12172]
  0x000002d1c4b95b70 GCTaskThread "GC Thread#9" [stack: 0x000000e792100000,0x000000e792200000] [id=16332]
  0x000002d179786140 ConcurrentGCThread "G1 Main Marker" [stack: 0x000000e78f800000,0x000000e78f900000] [id=24252]
  0x000002d179787740 ConcurrentGCThread "G1 Conc#0" [stack: 0x000000e78f900000,0x000000e78fa00000] [id=23776]
  0x000002d1c4b958b0 ConcurrentGCThread "G1 Conc#1" [stack: 0x000000e792200000,0x000000e792300000] [id=14640]
  0x000002d1c4b96bf0 ConcurrentGCThread "G1 Conc#2" [stack: 0x000000e792300000,0x000000e792400000] [id=16920]
  0x000002d17981f8a0 ConcurrentGCThread "G1 Refine#0" [stack: 0x000000e78fa00000,0x000000e78fb00000] [id=21804]
  0x000002d1c3074790 ConcurrentGCThread "G1 Refine#1" [stack: 0x000000e792a00000,0x000000e792b00000] [id=24504]
  0x000002d1c64fa110 ConcurrentGCThread "G1 Refine#2" [stack: 0x000000e792b00000,0x000000e792c00000] [id=3904]
  0x000002d1c64fbb80 ConcurrentGCThread "G1 Refine#3" [stack: 0x000000e792c00000,0x000000e792d00000] [id=24604]
  0x000002d1c64fc450 ConcurrentGCThread "G1 Refine#4" [stack: 0x000000e792d00000,0x000000e792e00000] [id=27180]
  0x000002d1798201e0 ConcurrentGCThread "G1 Service" [stack: 0x000000e78fb00000,0x000000e78fc00000] [id=27432]

Threads with active compile tasks:
C2 CompilerThread0    45033 13602   !   4       com.sun.beans.TypeResolver::resolve (264 bytes)
C2 CompilerThread1    45033 13600       4       java.beans.Introspector::addMethod (196 bytes)
C2 CompilerThread2    45033 13618       4       java.beans.MethodRef::set (58 bytes)

VM state: at safepoint (normal execution)

VM Mutex/Monitor currently owned by a thread:  ([mutex/lock_event])
[0x000002d15e4ab810] Threads_lock - owner thread: 0x000002d179965900
[0x000002d15e4aa850] Heap_lock - owner thread: 0x000002d1c268e560

Heap address: 0x0000000600000000, size: 8192 MB, Compressed Oops mode: Zero based, Oop shift amount: 3

CDS archive(s) mapped at: [0x000002d17d000000-0x000002d17dbb0000-0x000002d17dbb0000), size 12255232, SharedBaseAddress: 0x000002d17d000000, ArchiveRelocationMode: 1.
Compressed class space mapped at: 0x000002d17e000000-0x000002d1be000000, reserved size: 1073741824
Narrow klass base: 0x000002d17d000000, Narrow klass shift: 0, Narrow klass range: 0x100000000

GC Precious Log:
 CPUs: 12 total, 12 available
 Memory: 20117M
 Large Page Support: Disabled
 NUMA Support: Disabled
 Compressed Oops: Enabled (Zero based)
 Heap Region Size: 4M
 Heap Min Capacity: 8M
 Heap Initial Capacity: 316M
 Heap Max Capacity: 8G
 Pre-touch: Disabled
 Parallel Workers: 10
 Concurrent Workers: 3
 Concurrent Refinement Workers: 10
 Periodic GC: Disabled

Heap:
 garbage-first heap   total 204800K, used 143163K [0x0000000600000000, 0x0000000800000000)
  region size 4096K, 1 young (4096K), 1 survivors (4096K)
 Metaspace       used 103846K, committed 104832K, reserved 1179648K
  class space    used 14478K, committed 14976K, reserved 1048576K

Heap Regions: E=young(eden), S=young(survivor), O=old, HS=humongous(starts), HC=humongous(continues), CS=collection set, F=free, OA=open archive, CA=closed archive, TAMS=top-at-mark-start (previous, next)
|   0|0x0000000600000000, 0x0000000600400000, 0x0000000600400000|100%|HS|  |TAMS 0x0000000600400000, 0x0000000600000000| Complete 
|   1|0x0000000600400000, 0x0000000600800000, 0x0000000600800000|100%| O|  |TAMS 0x0000000600800000, 0x0000000600400000| Untracked 
|   2|0x0000000600800000, 0x0000000600c00000, 0x0000000600c00000|100%| O|  |TAMS 0x0000000600c00000, 0x0000000600800000| Untracked 
|   3|0x0000000600c00000, 0x0000000601000000, 0x0000000601000000|100%| O|  |TAMS 0x0000000601000000, 0x0000000600c00000| Untracked 
|   4|0x0000000601000000, 0x0000000601400000, 0x0000000601400000|100%| O|  |TAMS 0x0000000601400000, 0x0000000601000000| Untracked 
|   5|0x0000000601400000, 0x0000000601800000, 0x0000000601800000|100%| O|  |TAMS 0x0000000601800000, 0x0000000601400000| Untracked 
|   6|0x0000000601800000, 0x0000000601c00000, 0x0000000601c00000|100%| O|  |TAMS 0x0000000601c00000, 0x0000000601800000| Untracked 
|   7|0x0000000601c00000, 0x0000000602000000, 0x0000000602000000|100%| O|  |TAMS 0x0000000602000000, 0x0000000601c00000| Untracked 
|   8|0x0000000602000000, 0x0000000602400000, 0x0000000602400000|100%| O|  |TAMS 0x0000000602400000, 0x0000000602000000| Untracked 
|   9|0x0000000602400000, 0x0000000602800000, 0x0000000602800000|100%| O|  |TAMS 0x0000000602800000, 0x0000000602400000| Untracked 
|  10|0x0000000602800000, 0x0000000602c00000, 0x0000000602c00000|100%|HS|  |TAMS 0x0000000602c00000, 0x0000000602800000| Complete 
|  11|0x0000000602c00000, 0x0000000603000000, 0x0000000603000000|100%| O|  |TAMS 0x0000000603000000, 0x0000000602c00000| Untracked 
|  12|0x0000000603000000, 0x0000000603400000, 0x0000000603400000|100%| O|  |TAMS 0x0000000603000000, 0x0000000603000000| Untracked 
|  13|0x0000000603400000, 0x0000000603800000, 0x0000000603800000|100%| O|  |TAMS 0x0000000603800000, 0x0000000603400000| Untracked 
|  14|0x0000000603800000, 0x0000000603c00000, 0x0000000603c00000|100%| O|  |TAMS 0x0000000603c00000, 0x0000000603800000| Untracked 
|  15|0x0000000603c00000, 0x0000000604000000, 0x0000000604000000|100%|HS|  |TAMS 0x0000000604000000, 0x0000000603c00000| Complete 
|  16|0x0000000604000000, 0x0000000604400000, 0x0000000604400000|100%| O|  |TAMS 0x0000000604400000, 0x0000000604000000| Untracked 
|  17|0x0000000604400000, 0x0000000604800000, 0x0000000604800000|100%| O|  |TAMS 0x0000000604400000, 0x0000000604400000| Untracked 
|  18|0x0000000604800000, 0x0000000604c00000, 0x0000000604c00000|100%| O|  |TAMS 0x0000000604c00000, 0x0000000604800000| Untracked 
|  19|0x0000000604c00000, 0x0000000605000000, 0x0000000605000000|100%| O|  |TAMS 0x0000000604e16200, 0x0000000604c00000| Untracked 
|  20|0x0000000605000000, 0x0000000605400000, 0x0000000605400000|100%| O|  |TAMS 0x0000000605000000, 0x0000000605000000| Untracked 
|  21|0x0000000605400000, 0x0000000605800000, 0x0000000605800000|100%| O|  |TAMS 0x0000000605400000, 0x0000000605400000| Untracked 
|  22|0x0000000605800000, 0x0000000605c00000, 0x0000000605c00000|100%| O|  |TAMS 0x0000000605800000, 0x0000000605800000| Untracked 
|  23|0x0000000605c00000, 0x0000000606000000, 0x0000000606000000|100%| O|  |TAMS 0x0000000605c00000, 0x0000000605c00000| Untracked 
|  24|0x0000000606000000, 0x0000000606400000, 0x0000000606400000|100%| O|  |TAMS 0x0000000606000000, 0x0000000606000000| Untracked 
|  25|0x0000000606400000, 0x0000000606800000, 0x0000000606800000|100%| O|  |TAMS 0x0000000606400000, 0x0000000606400000| Untracked 
|  26|0x0000000606800000, 0x0000000606c00000, 0x0000000606c00000|100%| O|  |TAMS 0x0000000606800000, 0x0000000606800000| Untracked 
|  27|0x0000000606c00000, 0x0000000607000000, 0x0000000607000000|100%| O|  |TAMS 0x0000000606c00000, 0x0000000606c00000| Untracked 
|  28|0x0000000607000000, 0x0000000607400000, 0x0000000607400000|100%| O|  |TAMS 0x0000000607000000, 0x0000000607000000| Untracked 
|  29|0x0000000607400000, 0x0000000607800000, 0x0000000607800000|100%| O|  |TAMS 0x0000000607400000, 0x0000000607400000| Untracked 
|  30|0x0000000607800000, 0x0000000607c00000, 0x0000000607c00000|100%| O|  |TAMS 0x0000000607800000, 0x0000000607800000| Untracked 
|  31|0x0000000607c00000, 0x0000000608000000, 0x0000000608000000|100%| O|  |TAMS 0x0000000607c00000, 0x0000000607c00000| Untracked 
|  32|0x0000000608000000, 0x0000000608400000, 0x0000000608400000|100%| O|  |TAMS 0x0000000608000000, 0x0000000608000000| Untracked 
|  33|0x0000000608400000, 0x00000006087cee00, 0x0000000608800000| 95%| O|  |TAMS 0x0000000608400000, 0x0000000608400000| Untracked 
|  34|0x0000000608800000, 0x0000000608800000, 0x0000000608c00000|  0%| F|  |TAMS 0x0000000608800000, 0x0000000608800000| Untracked 
|  35|0x0000000608c00000, 0x0000000608c00000, 0x0000000609000000|  0%| F|  |TAMS 0x0000000608c00000, 0x0000000608c00000| Untracked 
|  36|0x0000000609000000, 0x0000000609000000, 0x0000000609400000|  0%| F|  |TAMS 0x0000000609000000, 0x0000000609000000| Untracked 
|  37|0x0000000609400000, 0x0000000609400000, 0x0000000609800000|  0%| F|  |TAMS 0x0000000609400000, 0x0000000609400000| Untracked 
|  38|0x0000000609800000, 0x0000000609800000, 0x0000000609c00000|  0%| F|  |TAMS 0x0000000609800000, 0x0000000609800000| Untracked 
|  39|0x0000000609c00000, 0x0000000609c00000, 0x000000060a000000|  0%| F|  |TAMS 0x0000000609c00000, 0x0000000609c00000| Untracked 
|  40|0x000000060a000000, 0x000000060a000000, 0x000000060a400000|  0%| F|  |TAMS 0x000000060a000000, 0x000000060a000000| Untracked 
|  41|0x000000060a400000, 0x000000060a800000, 0x000000060a800000|100%| S|CS|TAMS 0x000000060a400000, 0x000000060a400000| Complete 
|  42|0x000000060a800000, 0x000000060a800000, 0x000000060ac00000|  0%| F|  |TAMS 0x000000060a800000, 0x000000060a800000| Untracked 
|  43|0x000000060ac00000, 0x000000060ac00000, 0x000000060b000000|  0%| F|  |TAMS 0x000000060ac00000, 0x000000060ac00000| Untracked 
|  44|0x000000060b000000, 0x000000060b000000, 0x000000060b400000|  0%| F|  |TAMS 0x000000060b000000, 0x000000060b000000| Untracked 
|  45|0x000000060b400000, 0x000000060b400000, 0x000000060b800000|  0%| F|  |TAMS 0x000000060b400000, 0x000000060b400000| Untracked 
|  46|0x000000060b800000, 0x000000060b800000, 0x000000060bc00000|  0%| F|  |TAMS 0x000000060b800000, 0x000000060b800000| Untracked 
|  47|0x000000060bc00000, 0x000000060bc00000, 0x000000060c000000|  0%| F|  |TAMS 0x000000060bc00000, 0x000000060bc00000| Untracked 
|  48|0x000000060c000000, 0x000000060c000000, 0x000000060c400000|  0%| F|  |TAMS 0x000000060c000000, 0x000000060c000000| Untracked 
|  78|0x0000000613800000, 0x0000000613800000, 0x0000000613c00000|  0%| F|  |TAMS 0x0000000613800000, 0x0000000613800000| Untracked 

Card table byte_map: [0x000002d167770000,0x000002d168770000] _byte_map_base: 0x000002d164770000

Marking Bits (Prev, Next): (CMBitMap*) 0x000002d15e55b220, (CMBitMap*) 0x000002d15e55b260
 Prev Bits: [0x000002d169770000, 0x000002d171770000)
 Next Bits: [0x000002d171770000, 0x000002d179770000)

Polling page: 0x000002d15c3c0000

Metaspace:

Usage:
  Non-class:     87.27 MB used.
      Class:     14.14 MB used.
       Both:    101.41 MB used.

Virtual space:
  Non-class space:      128.00 MB reserved,      87.75 MB ( 69%) committed,  2 nodes.
      Class space:        1.00 GB reserved,      14.62 MB (  1%) committed,  1 nodes.
             Both:        1.12 GB reserved,     102.38 MB (  9%) committed. 

Chunk freelists:
   Non-Class:  7.64 MB
       Class:  1.28 MB
        Both:  8.92 MB

MaxMetaspaceSize: 4.00 GB
CompressedClassSpaceSize: 1.00 GB
Initial GC threshold: 21.00 MB
Current GC threshold: 124.94 MB
CDS: on
MetaspaceReclaimPolicy: balanced
 - commit_granule_bytes: 65536.
 - commit_granule_words: 8192.
 - virtual_space_node_default_size: 8388608.
 - enlarge_chunks_in_place: 1.
 - new_chunks_are_fully_committed: 0.
 - uncommit_free_chunks: 1.
 - use_allocation_guard: 0.
 - handle_deallocations: 1.


Internal statistics:

num_allocs_failed_limit: 9.
num_arena_births: 1576.
num_arena_deaths: 0.
num_vsnodes_births: 3.
num_vsnodes_deaths: 0.
num_space_committed: 1638.
num_space_uncommitted: 0.
num_chunks_returned_to_freelist: 9.
num_chunks_taken_from_freelist: 6247.
num_chunk_merges: 9.
num_chunk_splits: 4035.
num_chunks_enlarged: 2529.
num_inconsistent_stats: 0.

CodeHeap 'non-profiled nmethods': size=259264Kb used=7545Kb max_used=7930Kb free=251719Kb
 bounds [0x000002d1102d0000, 0x000002d110a90000, 0x000002d120000000]
CodeHeap 'profiled nmethods': size=259264Kb used=22531Kb max_used=23207Kb free=236732Kb
 bounds [0x000002d100000000, 0x000002d1016c0000, 0x000002d10fd30000]
CodeHeap 'non-nmethods': size=5760Kb used=2467Kb max_used=2507Kb free=3292Kb
 bounds [0x000002d10fd30000, 0x000002d10ffb0000, 0x000002d1102d0000]
 total_blobs=12430 nmethods=11430 adapters=912
 compilation: enabled
              stopped_count=0, restarted_count=0
 full_count=0

Compilation events (20 events):
Event: 42.924 Thread 0x000002d17c43db20 13609       3       org.apache.groovy.util.BeanUtils::decapitalize (68 bytes)
Event: 42.925 Thread 0x000002d1c27e3c40 nmethod 13606 0x000002d11053dc90 code [0x000002d11053de60, 0x000002d11053e4b8]
Event: 42.926 Thread 0x000002d17c43db20 nmethod 13609 0x000002d100193490 code [0x000002d100193800, 0x000002d100194d28]
Event: 42.926 Thread 0x000002d17c43db20 13611       1       groovy.lang.GroovyObjectSupport::getMetaClass (5 bytes)
Event: 42.926 Thread 0x000002d1c27e3c40 13612       4       org.codehaus.groovy.runtime.metaclass.MetaMethodIndex::copyNonPrivateNonNewMetaMethods (171 bytes)
Event: 42.926 Thread 0x000002d17c43db20 nmethod 13611 0x000002d11053d990 code [0x000002d11053db20, 0x000002d11053dbf8]
Event: 42.931 Thread 0x000002d17c43db20 13613       3       org.gradle.internal.classloader.TransformErrorHandler::exitClassLoadingScopeWithException (31 bytes)
Event: 42.932 Thread 0x000002d17c43db20 nmethod 13613 0x000002d10090f810 code [0x000002d10090faa0, 0x000002d1009106d8]
Event: 42.932 Thread 0x000002d17c43db20 13614       3       com.google.common.base.Throwables::propagateIfPossible (10 bytes)
Event: 42.933 Thread 0x000002d17c43db20 nmethod 13614 0x000002d100541c10 code [0x000002d100541e60, 0x000002d100542af8]
Event: 42.942 Thread 0x000002d1c27e3c40 nmethod 13612 0x000002d11053ce10 code [0x000002d11053cfe0, 0x000002d11053d590]
Event: 42.942 Thread 0x000002d1c27e3c40 13615       4       com.google.common.collect.ImmutableList::construct (8 bytes)
Event: 42.947 Thread 0x000002d1c27e3c40 nmethod 13615 0x000002d1108f4810 code [0x000002d1108f49a0, 0x000002d1108f4bd8]
Event: 42.955 Thread 0x000002d17c43db20 13616       3       sun.reflect.generics.repository.ClassRepository::computeSuperInterfaces (62 bytes)
Event: 42.955 Thread 0x000002d17c43db20 nmethod 13616 0x000002d1009d1f90 code [0x000002d1009d21a0, 0x000002d1009d2ba8]
Event: 42.956 Thread 0x000002d1c27e3c40 13617       4       java.lang.CharacterDataLatin1::isUpperCase (16 bytes)
Event: 42.957 Thread 0x000002d1c27e3c40 nmethod 13617 0x000002d11053ca10 code [0x000002d11053cb80, 0x000002d11053cc38]
Event: 42.965 Thread 0x000002d1c27e3c40 13618       4       java.beans.MethodRef::set (58 bytes)
Event: 42.972 Thread 0x000002d17c43db20 13620       1       org.codehaus.groovy.runtime.callsite.AbstractCallSite::getArray (5 bytes)
Event: 42.972 Thread 0x000002d17c43db20 nmethod 13620 0x000002d1108f4510 code [0x000002d1108f46a0, 0x000002d1108f4778]

GC Heap History (20 events):
Event: 39.396 GC heap after
{Heap after GC invocations=43 (full 0):
 garbage-first heap   total 196608K, used 122235K [0x0000000600000000, 0x0000000800000000)
  region size 4096K, 1 young (4096K), 1 survivors (4096K)
 Metaspace       used 91723K, committed 92672K, reserved 1179648K
  class space    used 12735K, committed 13184K, reserved 1048576K
}
Event: 40.227 GC heap before
{Heap before GC invocations=43 (full 0):
 garbage-first heap   total 196608K, used 155003K [0x0000000600000000, 0x0000000800000000)
  region size 4096K, 10 young (40960K), 1 survivors (4096K)
 Metaspace       used 94200K, committed 95168K, reserved 1179648K
  class space    used 13110K, committed 13568K, reserved 1048576K
}
Event: 40.230 GC heap after
{Heap after GC invocations=44 (full 0):
 garbage-first heap   total 196608K, used 122953K [0x0000000600000000, 0x0000000800000000)
  region size 4096K, 2 young (8192K), 2 survivors (8192K)
 Metaspace       used 94200K, committed 95168K, reserved 1179648K
  class space    used 13110K, committed 13568K, reserved 1048576K
}
Event: 40.746 GC heap before
{Heap before GC invocations=44 (full 0):
 garbage-first heap   total 196608K, used 159817K [0x0000000600000000, 0x0000000800000000)
  region size 4096K, 11 young (45056K), 2 survivors (8192K)
 Metaspace       used 96827K, committed 97728K, reserved 1179648K
  class space    used 13596K, committed 14016K, reserved 1048576K
}
Event: 40.750 GC heap after
{Heap after GC invocations=45 (full 0):
 garbage-first heap   total 196608K, used 124618K [0x0000000600000000, 0x0000000800000000)
  region size 4096K, 1 young (4096K), 1 survivors (4096K)
 Metaspace       used 96827K, committed 97728K, reserved 1179648K
  class space    used 13596K, committed 14016K, reserved 1048576K
}
Event: 41.180 GC heap before
{Heap before GC invocations=45 (full 0):
 garbage-first heap   total 196608K, used 157386K [0x0000000600000000, 0x0000000800000000)
  region size 4096K, 10 young (40960K), 1 survivors (4096K)
 Metaspace       used 99033K, committed 99904K, reserved 1179648K
  class space    used 13861K, committed 14272K, reserved 1048576K
}
Event: 41.183 GC heap after
{Heap after GC invocations=46 (full 0):
 garbage-first heap   total 196608K, used 125360K [0x0000000600000000, 0x0000000800000000)
  region size 4096K, 1 young (4096K), 1 survivors (4096K)
 Metaspace       used 99033K, committed 99904K, reserved 1179648K
  class space    used 13861K, committed 14272K, reserved 1048576K
}
Event: 41.550 GC heap before
{Heap before GC invocations=46 (full 0):
 garbage-first heap   total 196608K, used 162224K [0x0000000600000000, 0x0000000800000000)
  region size 4096K, 10 young (40960K), 1 survivors (4096K)
 Metaspace       used 101222K, committed 102208K, reserved 1179648K
  class space    used 14179K, committed 14656K, reserved 1048576K
}
Event: 41.554 GC heap after
{Heap after GC invocations=47 (full 0):
 garbage-first heap   total 196608K, used 126981K [0x0000000600000000, 0x0000000800000000)
  region size 4096K, 2 young (8192K), 2 survivors (8192K)
 Metaspace       used 101222K, committed 102208K, reserved 1179648K
  class space    used 14179K, committed 14656K, reserved 1048576K
}
Event: 42.234 GC heap before
{Heap before GC invocations=47 (full 0):
 garbage-first heap   total 196608K, used 163845K [0x0000000600000000, 0x0000000800000000)
  region size 4096K, 11 young (45056K), 2 survivors (8192K)
 Metaspace       used 102267K, committed 103232K, reserved 1179648K
  class space    used 14291K, committed 14784K, reserved 1048576K
}
Event: 42.240 GC heap after
{Heap after GC invocations=48 (full 0):
 garbage-first heap   total 196608K, used 130404K [0x0000000600000000, 0x0000000800000000)
  region size 4096K, 2 young (8192K), 2 survivors (8192K)
 Metaspace       used 102267K, committed 103232K, reserved 1179648K
  class space    used 14291K, committed 14784K, reserved 1048576K
}
Event: 42.349 GC heap before
{Heap before GC invocations=48 (full 0):
 garbage-first heap   total 196608K, used 167268K [0x0000000600000000, 0x0000000800000000)
  region size 4096K, 11 young (45056K), 2 survivors (8192K)
 Metaspace       used 102288K, committed 103296K, reserved 1179648K
  class space    used 14292K, committed 14784K, reserved 1048576K
}
Event: 42.355 GC heap after
{Heap after GC invocations=49 (full 0):
 garbage-first heap   total 196608K, used 133098K [0x0000000600000000, 0x0000000800000000)
  region size 4096K, 2 young (8192K), 2 survivors (8192K)
 Metaspace       used 102288K, committed 103296K, reserved 1179648K
  class space    used 14292K, committed 14784K, reserved 1048576K
}
Event: 42.440 GC heap before
{Heap before GC invocations=49 (full 0):
 garbage-first heap   total 196608K, used 165866K [0x0000000600000000, 0x0000000800000000)
  region size 4096K, 10 young (40960K), 2 survivors (8192K)
 Metaspace       used 102288K, committed 103296K, reserved 1179648K
  class space    used 14292K, committed 14784K, reserved 1048576K
}
Event: 42.445 GC heap after
{Heap after GC invocations=50 (full 0):
 garbage-first heap   total 196608K, used 134136K [0x0000000600000000, 0x0000000800000000)
  region size 4096K, 2 young (8192K), 2 survivors (8192K)
 Metaspace       used 102288K, committed 103296K, reserved 1179648K
  class space    used 14292K, committed 14784K, reserved 1048576K
}
Event: 42.513 GC heap before
{Heap before GC invocations=50 (full 0):
 garbage-first heap   total 196608K, used 158712K [0x0000000600000000, 0x0000000800000000)
  region size 4096K, 9 young (36864K), 2 survivors (8192K)
 Metaspace       used 102289K, committed 103296K, reserved 1179648K
  class space    used 14292K, committed 14784K, reserved 1048576K
}
Event: 42.517 GC heap after
{Heap after GC invocations=51 (full 0):
 garbage-first heap   total 196608K, used 134373K [0x0000000600000000, 0x0000000800000000)
  region size 4096K, 2 young (8192K), 2 survivors (8192K)
 Metaspace       used 102289K, committed 103296K, reserved 1179648K
  class space    used 14292K, committed 14784K, reserved 1048576K
}
Event: 42.698 GC heap before
{Heap before GC invocations=51 (full 0):
 garbage-first heap   total 196608K, used 163045K [0x0000000600000000, 0x0000000800000000)
  region size 4096K, 9 young (36864K), 2 survivors (8192K)
 Metaspace       used 103501K, committed 104512K, reserved 1179648K
  class space    used 14437K, committed 14912K, reserved 1048576K
}
Event: 42.701 GC heap after
{Heap after GC invocations=52 (full 0):
 garbage-first heap   total 196608K, used 135656K [0x0000000600000000, 0x0000000800000000)
  region size 4096K, 2 young (8192K), 2 survivors (8192K)
 Metaspace       used 103501K, committed 104512K, reserved 1179648K
  class space    used 14437K, committed 14912K, reserved 1048576K
}
Event: 42.981 GC heap before
{Heap before GC invocations=52 (full 0):
 garbage-first heap   total 196608K, used 156136K [0x0000000600000000, 0x0000000800000000)
  region size 4096K, 8 young (32768K), 2 survivors (8192K)
 Metaspace       used 103846K, committed 104832K, reserved 1179648K
  class space    used 14478K, committed 14976K, reserved 1048576K
}

Dll operation events (17 events):
Event: 0.013 Loaded shared library C:\Program Files\Eclipse Adoptium\jdk-17.0.15.6-hotspot\bin\java.dll
Event: 0.035 Loaded shared library C:\Program Files\Eclipse Adoptium\jdk-17.0.15.6-hotspot\bin\jsvml.dll
Event: 0.090 Loaded shared library C:\Program Files\Eclipse Adoptium\jdk-17.0.15.6-hotspot\bin\zip.dll
Event: 0.092 Loaded shared library C:\Program Files\Eclipse Adoptium\jdk-17.0.15.6-hotspot\bin\instrument.dll
Event: 0.097 Loaded shared library C:\Program Files\Eclipse Adoptium\jdk-17.0.15.6-hotspot\bin\net.dll
Event: 0.101 Loaded shared library C:\Program Files\Eclipse Adoptium\jdk-17.0.15.6-hotspot\bin\nio.dll
Event: 0.103 Loaded shared library C:\Program Files\Eclipse Adoptium\jdk-17.0.15.6-hotspot\bin\zip.dll
Event: 0.324 Loaded shared library C:\Program Files\Eclipse Adoptium\jdk-17.0.15.6-hotspot\bin\jimage.dll
Event: 0.475 Loaded shared library C:\Program Files\Eclipse Adoptium\jdk-17.0.15.6-hotspot\bin\verify.dll
Event: 0.655 Loaded shared library C:\Users\sangt\.gradle\native\1def1411415f61bf3af743bc5b6707747c0891f09f0c88961ee8f79bc544acac\windows-amd64\native-platform.dll
Event: 0.662 Loaded shared library C:\Users\sangt\.gradle\native\0.2.5\x86_64-windows-gnu\gradle-fileevents.dll
Event: 1.540 Loaded shared library C:\Program Files\Eclipse Adoptium\jdk-17.0.15.6-hotspot\bin\management.dll
Event: 1.545 Loaded shared library C:\Program Files\Eclipse Adoptium\jdk-17.0.15.6-hotspot\bin\management_ext.dll
Event: 1.764 Loaded shared library C:\Program Files\Eclipse Adoptium\jdk-17.0.15.6-hotspot\bin\extnet.dll
Event: 2.184 Loaded shared library C:\Program Files\Eclipse Adoptium\jdk-17.0.15.6-hotspot\bin\sunmscapi.dll
Event: 2.740 Loaded shared library C:\Users\sangt\AppData\Local\Temp\native-platform10374966352393433125dir\gradle-fileevents.dll
Event: 17.559 Loaded shared library C:\Program Files\Eclipse Adoptium\jdk-17.0.15.6-hotspot\bin\rmi.dll

Deoptimization events (20 events):
Event: 42.664 Thread 0x000002d1c89e0e20 Uncommon trap: trap_request=0xffffffde fr.pc=0x000002d1109156ec relative=0x000000000000050c
Event: 42.664 Thread 0x000002d1c89e0e20 Uncommon trap: reason=class_check action=maybe_recompile pc=0x000002d1109156ec method=java.io.BufferedOutputStream.write([BII)V @ 20 c2
Event: 42.664 Thread 0x000002d1c89e0e20 DEOPT PACKING pc=0x000002d1109156ec sp=0x000000e79cbfebf0
Event: 42.664 Thread 0x000002d1c89e0e20 DEOPT UNPACKING pc=0x000002d10fd8a1a3 sp=0x000000e79cbfeba8 mode 2
Event: 42.664 Thread 0x000002d1c89e0e20 Uncommon trap: trap_request=0xffffffde fr.pc=0x000002d1109156ec relative=0x000000000000050c
Event: 42.664 Thread 0x000002d1c89e0e20 Uncommon trap: reason=class_check action=maybe_recompile pc=0x000002d1109156ec method=java.io.BufferedOutputStream.write([BII)V @ 20 c2
Event: 42.664 Thread 0x000002d1c89e0e20 DEOPT PACKING pc=0x000002d1109156ec sp=0x000000e79cbfebf0
Event: 42.664 Thread 0x000002d1c89e0e20 DEOPT UNPACKING pc=0x000002d10fd8a1a3 sp=0x000000e79cbfeba8 mode 2
Event: 42.668 Thread 0x000002d1c89e0e20 Uncommon trap: trap_request=0xffffff45 fr.pc=0x000002d110a5cb98 relative=0x0000000000000098
Event: 42.668 Thread 0x000002d1c89e0e20 Uncommon trap: reason=unstable_if action=reinterpret pc=0x000002d110a5cb98 method=java.lang.Integer.stringSize(I)I @ 3 c2
Event: 42.668 Thread 0x000002d1c89e0e20 DEOPT PACKING pc=0x000002d110a5cb98 sp=0x000000e79cbfd9a0
Event: 42.668 Thread 0x000002d1c89e0e20 DEOPT UNPACKING pc=0x000002d10fd8a1a3 sp=0x000000e79cbfd920 mode 2
Event: 42.668 Thread 0x000002d1c89e0e20 Uncommon trap: trap_request=0xffffff45 fr.pc=0x000002d1106bb374 relative=0x00000000000001d4
Event: 42.668 Thread 0x000002d1c89e0e20 Uncommon trap: reason=unstable_if action=reinterpret pc=0x000002d1106bb374 method=java.lang.Integer.getChars(II[B)I @ 4 c2
Event: 42.668 Thread 0x000002d1c89e0e20 DEOPT PACKING pc=0x000002d1106bb374 sp=0x000000e79cbfd990
Event: 42.668 Thread 0x000002d1c89e0e20 DEOPT UNPACKING pc=0x000002d10fd8a1a3 sp=0x000000e79cbfd908 mode 2
Event: 42.887 Thread 0x000002d1c268e560 Uncommon trap: trap_request=0xffffff45 fr.pc=0x000002d11063bab0 relative=0x0000000000000470
Event: 42.887 Thread 0x000002d1c268e560 Uncommon trap: reason=unstable_if action=reinterpret pc=0x000002d11063bab0 method=java.util.StringJoiner.add(Ljava/lang/CharSequence;)Ljava/util/StringJoiner; @ 33 c2
Event: 42.887 Thread 0x000002d1c268e560 DEOPT PACKING pc=0x000002d11063bab0 sp=0x000000e7916f6ee0
Event: 42.887 Thread 0x000002d1c268e560 DEOPT UNPACKING pc=0x000002d10fd8a1a3 sp=0x000000e7916f6e90 mode 2

Classes loaded (20 events):
Event: 40.896 Loading class sun/invoke/util/ValueConversions$1
Event: 40.897 Loading class sun/invoke/util/ValueConversions$1 done
Event: 40.897 Loading class java/lang/invoke/BoundMethodHandle$Species_LI
Event: 40.897 Loading class java/lang/invoke/BoundMethodHandle$Species_LI done
Event: 40.909 Loading class java/io/FileReader
Event: 40.910 Loading class java/io/FileReader done
Event: 40.936 Loading class jdk/internal/reflect/UnsafeQualifiedIntegerFieldAccessorImpl
Event: 40.937 Loading class jdk/internal/reflect/UnsafeQualifiedIntegerFieldAccessorImpl done
Event: 42.595 Loading class java/lang/StackTraceElement$HashedModules
Event: 42.595 Loading class java/lang/StackTraceElement$HashedModules done
Event: 42.646 Loading class java/io/CharArrayReader
Event: 42.646 Loading class java/io/CharArrayReader done
Event: 42.950 Loading class java/lang/EnumBeanInfo
Event: 42.950 Loading class java/lang/EnumBeanInfo done
Event: 42.950 Loading class java/lang/EnumBeanInfo
Event: 42.950 Loading class java/lang/EnumBeanInfo done
Event: 42.951 Loading class java/lang/EnumCustomizer
Event: 42.951 Loading class java/lang/EnumCustomizer done
Event: 42.951 Loading class java/lang/EnumCustomizer
Event: 42.951 Loading class java/lang/EnumCustomizer done

Classes unloaded (0 events):
No events

Classes redefined (0 events):
No events

Internal exceptions (20 events):
Event: 42.886 Thread 0x000002d1c268e560 Exception <a 'java/lang/ClassNotFoundException'{0x000000060b5213a8}: com/android/build/gradle/BaseExtensionCustomizer> (0x000000060b5213a8) 
thrown [s\src\hotspot\share\classfile\systemDictionary.cpp, line 256]
Event: 42.890 Thread 0x000002d1c268e560 Exception <a 'java/lang/ClassNotFoundException'{0x000000060b587388}: com/android/build/gradle/TestedExtensionCustomizer> (0x000000060b587388) 
thrown [s\src\hotspot\share\classfile\systemDictionary.cpp, line 256]
Event: 42.892 Thread 0x000002d1c268e560 Exception <a 'java/lang/ClassNotFoundException'{0x000000060b5af948}: com/android/build/gradle/LibraryExtensionCustomizer> (0x000000060b5af948) 
thrown [s\src\hotspot\share\classfile\systemDictionary.cpp, line 256]
Event: 42.899 Thread 0x000002d1c268e560 Exception <a 'java/lang/ClassNotFoundException'{0x000000060b6919d0}: com/android/build/gradle/LibraryExtension_DecoratedCustomizer> (0x000000060b6919d0) 
thrown [s\src\hotspot\share\classfile\systemDictionary.cpp, line 256]
Event: 42.927 Thread 0x000002d1c268e560 Exception <a 'java/lang/ClassNotFoundException'{0x000000060a806068}: com/android/build/gradle/internal/dsl/LibraryBuildFeaturesImpl_DecoratedBeanInfo> (0x000000060a806068) 
thrown [s\src\hotspot\share\classfile\systemDictionary.cpp, line 256]
Event: 42.928 Thread 0x000002d1c268e560 Exception <a 'java/lang/ClassNotFoundException'{0x000000060a8152d0}: com/android/build/gradle/internal/dsl/LibraryBuildFeaturesImplBeanInfo> (0x000000060a8152d0) 
thrown [s\src\hotspot\share\classfile\systemDictionary.cpp, line 256]
Event: 42.929 Thread 0x000002d1c268e560 Exception <a 'java/lang/ClassNotFoundException'{0x000000060a824720}: com/android/build/gradle/internal/dsl/BuildFeaturesImplBeanInfo> (0x000000060a824720) 
thrown [s\src\hotspot\share\classfile\systemDictionary.cpp, line 256]
Event: 42.931 Thread 0x000002d1c268e560 Exception <a 'java/lang/ClassNotFoundException'{0x000000060a833bc0}: com/android/build/gradle/internal/dsl/BuildFeaturesImplCustomizer> (0x000000060a833bc0) 
thrown [s\src\hotspot\share\classfile\systemDictionary.cpp, line 256]
Event: 42.933 Thread 0x000002d1c268e560 Exception <a 'java/lang/ClassNotFoundException'{0x000000060a84f188}: com/android/build/gradle/internal/dsl/LibraryBuildFeaturesImplCustomizer> (0x000000060a84f188) 
thrown [s\src\hotspot\share\classfile\systemDictionary.cpp, line 256]
Event: 42.934 Thread 0x000002d1c268e560 Exception <a 'java/lang/ClassNotFoundException'{0x000000060a867b98}: com/android/build/gradle/internal/dsl/LibraryBuildFeaturesImpl_DecoratedCustomizer> (0x000000060a867b98) 
thrown [s\src\hotspot\share\classfile\systemDictionary.cpp, line 256]
Event: 42.950 Thread 0x000002d1c268e560 Exception <a 'java/lang/ClassNotFoundException'{0x000000060a8ffbf0}: org/gradle/api/JavaVersionBeanInfo> (0x000000060a8ffbf0) 
thrown [s\src\hotspot\share\classfile\systemDictionary.cpp, line 256]
Event: 42.950 Thread 0x000002d1c268e560 Exception <a 'java/lang/ClassNotFoundException'{0x000000060a90a4e0}: java/lang/EnumBeanInfo> (0x000000060a90a4e0) 
thrown [s\src\hotspot\share\classfile\systemDictionary.cpp, line 256]
Event: 42.951 Thread 0x000002d1c268e560 Exception <a 'java/lang/ClassNotFoundException'{0x000000060a9151f0}: java/lang/EnumCustomizer> (0x000000060a9151f0) 
thrown [s\src\hotspot\share\classfile\systemDictionary.cpp, line 256]
Event: 42.954 Thread 0x000002d1c268e560 Exception <a 'java/lang/ClassNotFoundException'{0x000000060a935880}: org/gradle/api/JavaVersionCustomizer> (0x000000060a935880) 
thrown [s\src\hotspot\share\classfile\systemDictionary.cpp, line 256]
Event: 42.964 Thread 0x000002d1c268e560 Exception <a 'java/lang/ClassNotFoundException'{0x000000060a9abef0}: com/android/build/gradle/internal/CompileOptions$AgpDecorated_DecoratedBeanInfo> (0x000000060a9abef0) 
thrown [s\src\hotspot\share\classfile\systemDictionary.cpp, line 256]
Event: 42.964 Thread 0x000002d1c268e560 Exception <a 'java/lang/ClassNotFoundException'{0x000000060a9bb378}: com/android/build/gradle/internal/CompileOptions$AgpDecoratedBeanInfo> (0x000000060a9bb378) 
thrown [s\src\hotspot\share\classfile\systemDictionary.cpp, line 256]
Event: 42.965 Thread 0x000002d1c268e560 Exception <a 'java/lang/ClassNotFoundException'{0x000000060a9ca8c0}: com/android/build/gradle/internal/CompileOptionsBeanInfo> (0x000000060a9ca8c0) 
thrown [s\src\hotspot\share\classfile\systemDictionary.cpp, line 256]
Event: 42.965 Thread 0x000002d1c268e560 Exception <a 'java/lang/ClassNotFoundException'{0x000000060a9d9b70}: com/android/build/gradle/internal/CompileOptionsCustomizer> (0x000000060a9d9b70) 
thrown [s\src\hotspot\share\classfile\systemDictionary.cpp, line 256]
Event: 42.966 Thread 0x000002d1c268e560 Exception <a 'java/lang/ClassNotFoundException'{0x000000060a9f4b10}: com/android/build/gradle/internal/CompileOptions$AgpDecoratedCustomizer> (0x000000060a9f4b10) 
thrown [s\src\hotspot\share\classfile\systemDictionary.cpp, line 256]
Event: 42.967 Thread 0x000002d1c268e560 Exception <a 'java/lang/ClassNotFoundException'{0x000000060aa08188}: com/android/build/gradle/internal/CompileOptions$AgpDecorated_DecoratedCustomizer> (0x000000060aa08188) 
thrown [s\src\hotspot\share\classfile\systemDictionary.cpp, line 256]

VM Operations (20 events):
Event: 41.507 Executing VM operation: ICBufferFull done
Event: 41.550 Executing VM operation: G1CollectForAllocation
Event: 41.554 Executing VM operation: G1CollectForAllocation done
Event: 41.601 Executing VM operation: HandshakeAllThreads
Event: 41.602 Executing VM operation: HandshakeAllThreads done
Event: 42.087 Executing VM operation: ICBufferFull
Event: 42.087 Executing VM operation: ICBufferFull done
Event: 42.095 Executing VM operation: HandshakeAllThreads
Event: 42.096 Executing VM operation: HandshakeAllThreads done
Event: 42.233 Executing VM operation: G1CollectForAllocation
Event: 42.240 Executing VM operation: G1CollectForAllocation done
Event: 42.349 Executing VM operation: G1CollectForAllocation
Event: 42.355 Executing VM operation: G1CollectForAllocation done
Event: 42.440 Executing VM operation: G1CollectForAllocation
Event: 42.445 Executing VM operation: G1CollectForAllocation done
Event: 42.513 Executing VM operation: G1CollectForAllocation
Event: 42.517 Executing VM operation: G1CollectForAllocation done
Event: 42.698 Executing VM operation: G1CollectForAllocation
Event: 42.701 Executing VM operation: G1CollectForAllocation done
Event: 42.981 Executing VM operation: G1CollectForAllocation

Memory protections (0 events):
No events

Nmethod flushes (20 events):
Event: 42.119 Thread 0x000002d17c44aa40 flushing  nmethod 0x000002d101498f10
Event: 42.119 Thread 0x000002d17c44aa40 flushing  nmethod 0x000002d101499390
Event: 42.119 Thread 0x000002d17c44aa40 flushing  nmethod 0x000002d10149c210
Event: 42.119 Thread 0x000002d17c44aa40 flushing  nmethod 0x000002d10149e110
Event: 42.119 Thread 0x000002d17c44aa40 flushing  nmethod 0x000002d1014a6b10
Event: 42.119 Thread 0x000002d17c44aa40 flushing  nmethod 0x000002d1014adc10
Event: 42.119 Thread 0x000002d17c44aa40 flushing  nmethod 0x000002d1014af290
Event: 42.119 Thread 0x000002d17c44aa40 flushing  nmethod 0x000002d1014aff10
Event: 42.120 Thread 0x000002d17c44aa40 flushing  nmethod 0x000002d1014c3010
Event: 42.120 Thread 0x000002d17c44aa40 flushing  nmethod 0x000002d1014c3990
Event: 42.120 Thread 0x000002d17c44aa40 flushing  nmethod 0x000002d1014c5010
Event: 42.120 Thread 0x000002d17c44aa40 flushing  nmethod 0x000002d1014d5390
Event: 42.120 Thread 0x000002d17c44aa40 flushing  nmethod 0x000002d1014ddb90
Event: 42.120 Thread 0x000002d17c44aa40 flushing  nmethod 0x000002d1014f2590
Event: 42.120 Thread 0x000002d17c44aa40 flushing  nmethod 0x000002d101558490
Event: 42.120 Thread 0x000002d17c44aa40 flushing  nmethod 0x000002d10156a190
Event: 42.120 Thread 0x000002d17c44aa40 flushing  nmethod 0x000002d10156a510
Event: 42.120 Thread 0x000002d17c44aa40 flushing  nmethod 0x000002d10156e890
Event: 42.120 Thread 0x000002d17c44aa40 flushing  nmethod 0x000002d101579110
Event: 42.121 Thread 0x000002d17c44aa40 flushing  nmethod 0x000002d101619f90

Events (20 events):
Event: 42.186 Thread 0x000002d1c268e560 Thread added: 0x000002d1c4c97ae0
Event: 42.186 Thread 0x000002d1c268e560 Thread added: 0x000002d1c75f5940
Event: 42.188 Thread 0x000002d1c268e560 Thread added: 0x000002d1c75f6360
Event: 42.188 Thread 0x000002d1c268e560 Thread added: 0x000002d1c268e050
Event: 42.188 Thread 0x000002d1c268e560 Thread added: 0x000002d1c4095c70
Event: 42.189 Thread 0x000002d1c268e560 Thread added: 0x000002d1c89dd670
Event: 42.189 Thread 0x000002d1c268e560 Thread added: 0x000002d1c89dd160
Event: 42.189 Thread 0x000002d1c268e560 Thread added: 0x000002d1c89de5a0
Event: 42.189 Thread 0x000002d1c268e560 Thread added: 0x000002d1c89dcc50
Event: 42.189 Thread 0x000002d1c268e560 Thread added: 0x000002d1c89ddb80
Event: 42.226 Thread 0x000002d1c268e560 Thread added: 0x000002d1c89df4d0
Event: 42.228 Thread 0x000002d1c268e560 Thread added: 0x000002d1c89de090
Event: 42.229 Thread 0x000002d1c268e560 Thread added: 0x000002d1c89dfef0
Event: 42.230 Thread 0x000002d1c268e560 Thread added: 0x000002d1c89deab0
Event: 42.231 Thread 0x000002d1c268e560 Thread added: 0x000002d1c89df9e0
Event: 42.232 Thread 0x000002d1c268e560 Thread added: 0x000002d1c89defc0
Event: 42.233 Thread 0x000002d1c268e560 Thread added: 0x000002d1c89dc740
Event: 42.242 Thread 0x000002d1c268e560 Thread added: 0x000002d1c89e1840
Event: 42.582 Thread 0x000002d1c268e560 Thread added: 0x000002d1c89e0910
Event: 42.663 Thread 0x000002d1c268e560 Thread added: 0x000002d1c89e0e20


Dynamic libraries:
0x00007ff7438d0000 - 0x00007ff7438de000 	C:\Program Files\Eclipse Adoptium\jdk-17.0.15.6-hotspot\bin\java.exe
0x00007ff99c280000 - 0x00007ff99c4e8000 	C:\WINDOWS\SYSTEM32\ntdll.dll
0x00007ff99b160000 - 0x00007ff99b229000 	C:\WINDOWS\System32\KERNEL32.DLL
0x00007ff999840000 - 0x00007ff999c32000 	C:\WINDOWS\System32\KERNELBASE.dll
0x00007ff999f00000 - 0x00007ff99a04b000 	C:\WINDOWS\System32\ucrtbase.dll
0x00007ff975570000 - 0x00007ff975587000 	C:\Program Files\Eclipse Adoptium\jdk-17.0.15.6-hotspot\bin\jli.dll
0x00007ff972af0000 - 0x00007ff972b0e000 	C:\Program Files\Eclipse Adoptium\jdk-17.0.15.6-hotspot\bin\VCRUNTIME140.dll
0x00007ff99adc0000 - 0x00007ff99af85000 	C:\WINDOWS\System32\USER32.dll
0x00007ff999770000 - 0x00007ff999797000 	C:\WINDOWS\System32\win32u.dll
0x00007ff976ce0000 - 0x00007ff976f73000 	C:\WINDOWS\WinSxS\amd64_microsoft.windows.common-controls_6595b64144ccf1df_6.0.26100.6725_none_3e085828e334708b\COMCTL32.dll
0x00007ff99ad90000 - 0x00007ff99adbb000 	C:\WINDOWS\System32\GDI32.dll
0x00007ff99ace0000 - 0x00007ff99ad89000 	C:\WINDOWS\System32\msvcrt.dll
0x00007ff999640000 - 0x00007ff99976d000 	C:\WINDOWS\System32\gdi32full.dll
0x00007ff999590000 - 0x00007ff999633000 	C:\WINDOWS\System32\msvcp_win.dll
0x00007ff99a9c0000 - 0x00007ff99a9ef000 	C:\WINDOWS\System32\IMM32.DLL
0x00007ff9755d0000 - 0x00007ff9755dc000 	C:\Program Files\Eclipse Adoptium\jdk-17.0.15.6-hotspot\bin\vcruntime140_1.dll
0x00007ff91ca10000 - 0x00007ff91ca9d000 	C:\Program Files\Eclipse Adoptium\jdk-17.0.15.6-hotspot\bin\msvcp140.dll
0x00007ff8b6fb0000 - 0x00007ff8b7c1b000 	C:\Program Files\Eclipse Adoptium\jdk-17.0.15.6-hotspot\bin\server\jvm.dll
0x00007ff99b5e0000 - 0x00007ff99b694000 	C:\WINDOWS\System32\ADVAPI32.dll
0x00007ff99a8b0000 - 0x00007ff99a956000 	C:\WINDOWS\System32\sechost.dll
0x00007ff99b2f0000 - 0x00007ff99b408000 	C:\WINDOWS\System32\RPCRT4.dll
0x00007ff99b6a0000 - 0x00007ff99b714000 	C:\WINDOWS\System32\WS2_32.dll
0x00007ff98c180000 - 0x00007ff98c1b5000 	C:\WINDOWS\SYSTEM32\WINMM.dll
0x00007ff998e10000 - 0x00007ff998e6e000 	C:\WINDOWS\SYSTEM32\POWRPROF.dll
0x00007ff991360000 - 0x00007ff99136b000 	C:\WINDOWS\SYSTEM32\VERSION.dll
0x00007ff998df0000 - 0x00007ff998e04000 	C:\WINDOWS\SYSTEM32\UMPDC.dll
0x00007ff9981c0000 - 0x00007ff9981db000 	C:\WINDOWS\SYSTEM32\kernel.appcore.dll
0x00007ff9661b0000 - 0x00007ff9661ba000 	C:\Program Files\Eclipse Adoptium\jdk-17.0.15.6-hotspot\bin\jimage.dll
0x00007ff996670000 - 0x00007ff9968b2000 	C:\WINDOWS\SYSTEM32\DBGHELP.DLL
0x00007ff99bbc0000 - 0x00007ff99bf3b000 	C:\WINDOWS\System32\combase.dll
0x00007ff99b500000 - 0x00007ff99b5d7000 	C:\WINDOWS\System32\OLEAUT32.dll
0x00007ff976310000 - 0x00007ff97634c000 	C:\WINDOWS\SYSTEM32\dbgcore.DLL
0x00007ff9997a0000 - 0x00007ff999838000 	C:\WINDOWS\System32\bcryptPrimitives.dll
0x00007ff9667a0000 - 0x00007ff9667ae000 	C:\Program Files\Eclipse Adoptium\jdk-17.0.15.6-hotspot\bin\instrument.dll
0x00007ff948600000 - 0x00007ff948625000 	C:\Program Files\Eclipse Adoptium\jdk-17.0.15.6-hotspot\bin\java.dll
0x00007ff91c740000 - 0x00007ff91c817000 	C:\Program Files\Eclipse Adoptium\jdk-17.0.15.6-hotspot\bin\jsvml.dll
0x00007ff99a160000 - 0x00007ff99a8ac000 	C:\WINDOWS\System32\SHELL32.dll
0x00007ff999d90000 - 0x00007ff999efb000 	C:\WINDOWS\System32\wintypes.dll
0x00007ff997040000 - 0x00007ff99789d000 	C:\WINDOWS\SYSTEM32\windows.storage.dll
0x00007ff99bf70000 - 0x00007ff99c062000 	C:\WINDOWS\System32\SHCORE.dll
0x00007ff99b0f0000 - 0x00007ff99b152000 	C:\WINDOWS\System32\shlwapi.dll
0x00007ff999330000 - 0x00007ff999359000 	C:\WINDOWS\SYSTEM32\profapi.dll
0x00007ff965eb0000 - 0x00007ff965ec8000 	C:\Program Files\Eclipse Adoptium\jdk-17.0.15.6-hotspot\bin\zip.dll
0x00007ff95db40000 - 0x00007ff95db59000 	C:\Program Files\Eclipse Adoptium\jdk-17.0.15.6-hotspot\bin\net.dll
0x00007ff992330000 - 0x00007ff99244f000 	C:\WINDOWS\SYSTEM32\WINHTTP.dll
0x00007ff998750000 - 0x00007ff9987bb000 	C:\WINDOWS\system32\mswsock.dll
0x00007ff95d590000 - 0x00007ff95d5a6000 	C:\Program Files\Eclipse Adoptium\jdk-17.0.15.6-hotspot\bin\nio.dll
0x00007ff95f950000 - 0x00007ff95f960000 	C:\Program Files\Eclipse Adoptium\jdk-17.0.15.6-hotspot\bin\verify.dll
0x00007ff96e060000 - 0x00007ff96e087000 	C:\Users\sangt\.gradle\native\1def1411415f61bf3af743bc5b6707747c0891f09f0c88961ee8f79bc544acac\windows-amd64\native-platform.dll
0x0000000073500000 - 0x0000000073573000 	C:\Users\sangt\.gradle\native\0.2.5\x86_64-windows-gnu\gradle-fileevents.dll
0x00007ff95daf0000 - 0x00007ff95dafa000 	C:\Program Files\Eclipse Adoptium\jdk-17.0.15.6-hotspot\bin\management.dll
0x00007ff95d570000 - 0x00007ff95d57b000 	C:\Program Files\Eclipse Adoptium\jdk-17.0.15.6-hotspot\bin\management_ext.dll
0x00007ff99a050000 - 0x00007ff99a058000 	C:\WINDOWS\System32\PSAPI.DLL
0x00007ff998a00000 - 0x00007ff998a1b000 	C:\WINDOWS\SYSTEM32\CRYPTSP.dll
0x00007ff998110000 - 0x00007ff99814b000 	C:\WINDOWS\system32\rsaenh.dll
0x00007ff9987f0000 - 0x00007ff99881b000 	C:\WINDOWS\SYSTEM32\USERENV.dll
0x00007ff999300000 - 0x00007ff999326000 	C:\WINDOWS\SYSTEM32\bcrypt.dll
0x00007ff998a20000 - 0x00007ff998a2c000 	C:\WINDOWS\SYSTEM32\CRYPTBASE.dll
0x00007ff997bb0000 - 0x00007ff997be4000 	C:\WINDOWS\SYSTEM32\IPHLPAPI.DLL
0x00007ff99c210000 - 0x00007ff99c21a000 	C:\WINDOWS\System32\NSI.dll
0x00007ff992300000 - 0x00007ff99231e000 	C:\WINDOWS\SYSTEM32\dhcpcsvc6.DLL
0x00007ff9922d0000 - 0x00007ff9922f3000 	C:\WINDOWS\SYSTEM32\dhcpcsvc.DLL
0x00007ff997ca0000 - 0x00007ff997dc6000 	C:\WINDOWS\SYSTEM32\DNSAPI.dll
0x00007ff95d410000 - 0x00007ff95d419000 	C:\Program Files\Eclipse Adoptium\jdk-17.0.15.6-hotspot\bin\extnet.dll
0x00007ff95df30000 - 0x00007ff95df3e000 	C:\Program Files\Eclipse Adoptium\jdk-17.0.15.6-hotspot\bin\sunmscapi.dll
0x00007ff999410000 - 0x00007ff999587000 	C:\WINDOWS\System32\CRYPT32.dll
0x00007ff998c90000 - 0x00007ff998cc0000 	C:\WINDOWS\SYSTEM32\ncrypt.dll
0x00007ff998c40000 - 0x00007ff998c7f000 	C:\WINDOWS\SYSTEM32\NTASN1.dll
0x00007ff8c9900000 - 0x00007ff8c9908000 	C:\WINDOWS\system32\wshunix.dll
0x0000000073400000 - 0x0000000073473000 	C:\Users\sangt\AppData\Local\Temp\native-platform10374966352393433125dir\gradle-fileevents.dll
0x00007ff970d90000 - 0x00007ff970da8000 	C:\WINDOWS\system32\napinsp.dll
0x00007ff977ba0000 - 0x00007ff977bb2000 	C:\WINDOWS\System32\winrnr.dll
0x00007ff96e780000 - 0x00007ff96e7a8000 	C:\WINDOWS\system32\nlansp_c.dll
0x00007ff96e760000 - 0x00007ff96e776000 	C:\WINDOWS\system32\wshbth.dll
0x00007ff98ed70000 - 0x00007ff98ed7b000 	C:\Windows\System32\rasadhlp.dll
0x00007ff9920d0000 - 0x00007ff992156000 	C:\WINDOWS\System32\fwpuclnt.dll
0x00007ff95b5e0000 - 0x00007ff95b5e7000 	C:\Program Files\Eclipse Adoptium\jdk-17.0.15.6-hotspot\bin\rmi.dll

dbghelp: loaded successfully - version: 4.0.5 - missing functions: none
symbol engine: initialized successfully - sym options: 0x614 - pdb path: .;C:\Program Files\Eclipse Adoptium\jdk-17.0.15.6-hotspot\bin;C:\WINDOWS\SYSTEM32;C:\WINDOWS\WinSxS\amd64_microsoft.windows.common-controls_6595b64144ccf1df_6.0.26100.6725_none_3e085828e334708b;C:\Program Files\Eclipse Adoptium\jdk-17.0.15.6-hotspot\bin\server;C:\Users\sangt\.gradle\native\1def1411415f61bf3af743bc5b6707747c0891f09f0c88961ee8f79bc544acac\windows-amd64;C:\Users\sangt\.gradle\native\0.2.5\x86_64-windows-gnu;C:\Users\sangt\AppData\Local\Temp\native-platform10374966352393433125dir

VM Arguments:
jvm_args: --add-opens=java.base/java.lang=ALL-UNNAMED --add-opens=java.base/java.lang.invoke=ALL-UNNAMED --add-opens=java.base/java.util=ALL-UNNAMED --add-opens=java.prefs/java.util.prefs=ALL-UNNAMED --add-exports=jdk.compiler/com.sun.tools.javac.api=ALL-UNNAMED --add-exports=jdk.compiler/com.sun.tools.javac.util=ALL-UNNAMED --add-opens=java.base/java.util=ALL-UNNAMED --add-opens=java.prefs/java.util.prefs=ALL-UNNAMED --add-opens=java.base/java.nio.charset=ALL-UNNAMED --add-opens=java.base/java.net=ALL-UNNAMED --add-opens=java.base/java.util.concurrent.atomic=ALL-UNNAMED --add-opens=java.xml/javax.xml.namespace=ALL-UNNAMED -XX:MaxMetaspaceSize=4G -XX:ReservedCodeCacheSize=512m -XX:+HeapDumpOnOutOfMemoryError -Xmx8G -Dfile.encoding=UTF-8 -Duser.country=US -Duser.language=en -Duser.variant -javaagent:C:\Users\sangt\.gradle\wrapper\dists\gradle-8.12-all\ejduaidbjup3bmmkhw3rie4zb\gradle-8.12\lib\agents\gradle-instrumentation-agent-8.12.jar 
java_command: org.gradle.launcher.daemon.bootstrap.GradleDaemon 8.12
java_class_path (initial): C:\Users\sangt\.gradle\wrapper\dists\gradle-8.12-all\ejduaidbjup3bmmkhw3rie4zb\gradle-8.12\lib\gradle-daemon-main-8.12.jar
Launcher Type: SUN_STANDARD

[Global flags]
     intx CICompilerCount                          = 4                                         {product} {ergonomic}
     uint ConcGCThreads                            = 3                                         {product} {ergonomic}
     uint G1ConcRefinementThreads                  = 10                                        {product} {ergonomic}
   size_t G1HeapRegionSize                         = 4194304                                   {product} {ergonomic}
    uintx GCDrainStackTargetSize                   = 64                                        {product} {ergonomic}
     bool HeapDumpOnOutOfMemoryError               = true                                   {manageable} {command line}
   size_t InitialHeapSize                          = 331350016                                 {product} {ergonomic}
   size_t MarkStackSize                            = 4194304                                   {product} {ergonomic}
   size_t MaxHeapSize                              = 8589934592                                {product} {command line}
   size_t MaxMetaspaceSize                         = 4294967296                                {product} {command line}
   size_t MaxNewSize                               = 5150605312                                {product} {ergonomic}
   size_t MinHeapDeltaBytes                        = 4194304                                   {product} {ergonomic}
   size_t MinHeapSize                              = 8388608                                   {product} {ergonomic}
    uintx NonNMethodCodeHeapSize                   = 5839372                                {pd product} {ergonomic}
    uintx NonProfiledCodeHeapSize                  = 265515770                              {pd product} {ergonomic}
    uintx ProfiledCodeHeapSize                     = 265515770                              {pd product} {ergonomic}
    uintx ReservedCodeCacheSize                    = 536870912                              {pd product} {command line}
     bool SegmentedCodeCache                       = true                                      {product} {ergonomic}
   size_t SoftMaxHeapSize                          = 8589934592                             {manageable} {ergonomic}
   double SweeperThreshold                         = 0.234375                                  {product} {ergonomic}
     bool UseCompressedClassPointers               = true                           {product lp64_product} {ergonomic}
     bool UseCompressedOops                        = true                           {product lp64_product} {ergonomic}
     bool UseG1GC                                  = true                                      {product} {ergonomic}
     bool UseLargePagesIndividualAllocation        = false                                  {pd product} {ergonomic}

Logging:
Log output configuration:
 #0: stdout all=warning uptime,level,tags
 #1: stderr all=off uptime,level,tags

Environment Variables:
PATH=C:\Program Files\Eclipse Adoptium\jdk-17.0.15.6-hotspot\bin;C:\Python313\Scripts\;C:\Python313\;C:\Program Files\Common Files\Oracle\Java\javapath;C:\windows\system32;C:\windows;C:\windows\System32\Wbem;C:\windows\System32\WindowsPowerShell\v1.0\;C:\windows\System32\OpenSSH\;C:\Program Files (x86)\NVIDIA Corporation\PhysX\Common;C:\Program Files\NVIDIA Corporation\NVIDIA NvDLISR;C:\WINDOWS\system32;C:\WINDOWS;C:\WINDOWS\System32\Wbem;C:\WINDOWS\System32\WindowsPowerShell\v1.0\;C:\WINDOWS\System32\OpenSSH\;C:\Program Files\HP\HP One Agent;C:\WINDOWS\system32;C:\WINDOWS;C:\WINDOWS\System32\Wbem;C:\WINDOWS\System32\WindowsPowerShell\v1.0\;C:\WINDOWS\System32\OpenSSH\;C:\Program Files\nodejs\;C:\ProgramData\chocolatey\bin;C:\Program Files\MySQL\MySQL Server 9.2\bin;C:\Users\sangt\AppData\Local\Microsoft\WindowsApps;C:\Users\sangt\AppData\Roaming\npm;C:\Users\sangt\Downloads\flutter_windows_3.29.3-stable\flutter\bin;C:\Program Files\dotnet\;C:\Users\sangt\AppData\Local\Android\Sdk\platform-tools;C:\Program Files\Git\cmd;C:\Users\sangt\AppData\Local\Android\Sdk\flutter\bin;D:\;C:\Program Files\Docker\Docker\resources\bin;C:\Users\sangt\AppData\Local\Microsoft\WindowsApps;C:\Users\sangt\AppData\Roaming\npm;E:\Microsoft VS Code\bin;C:\tools\dart-sdk\bin;C:\Users\sangt\AppData\Local\Pub\Cache\bin;C:\Users\sangt\.dotnet\tools;C:\Users\sangt\AppData\Local\Android\Sdk\flutter\bin;C:\Users\sangt\AppData\Local\Android\Sdk\platform-tools;C:\Users\sangt\AppData\Local\Android\Sdk\emulator;C:\Users\sangt\AppData\Local\Android\Sdk\tools;C:\Users\sangt\AppData\Local\Android\Sdk\tools\bin;;C:\Program Files\JetBrains\WebStorm 2025.1.1\bin;
USERNAME=sangtran
OS=Windows_NT
PROCESSOR_IDENTIFIER=Intel64 Family 6 Model 141 Stepping 1, GenuineIntel
TMP=C:\Users\sangt\AppData\Local\Temp
TEMP=C:\Users\sangt\AppData\Local\Temp



Periodic native trim disabled


---------------  S Y S T E M  ---------------

OS:
 Windows 11 , 64 bit Build 26100 (10.0.26100.6725)
OS uptime: 0 days 8:44 hours
Hyper-V role detected

CPU: total 12 (initial active 12) (6 cores per cpu, 2 threads per core) family 6 model 141 stepping 1 microcode 0x4e, cx8, cmov, fxsr, ht, mmx, 3dnowpref, sse, sse2, sse3, ssse3, sse4.1, sse4.2, popcnt, lzcnt, tsc, tscinvbit, avx, avx2, aes, erms, clmul, bmi1, bmi2, adx, avx512f, avx512dq, avx512cd, avx512bw, avx512vl, sha, fma, vzeroupper, avx512_vpopcntdq, avx512_vpclmulqdq, avx512_vaes, avx512_vnni, clflush, clflushopt, clwb, avx512_vbmi2, avx512_vbmi, hv
Processor Information for all 12 processors :
  Max Mhz: 2688, Current Mhz: 2688, Mhz Limit: 2688

Memory: 4k page, system-wide physical 20117M (1320M free)
TotalPageFile size 28309M (AvailPageFile size 4M)
current process WorkingSet (physical memory assigned to process): 482M, peak: 483M
current process commit charge ("private bytes"): 540M, peak: 616M

vm_info: OpenJDK 64-Bit Server VM (17.0.15+6) for windows-amd64 JRE (17.0.15+6), built on Apr 15 2025 21:25:47 by "admin" with MS VC++ 17.7 (VS2022)

END.
