#
# There is insufficient memory for the Java Runtime Environment to continue.
# Native memory allocation (malloc) failed to allocate 1972496 bytes. Error detail: Chunk::new
# Possible reasons:
#   The system is out of physical RAM or swap space
#   This process is running with CompressedOops enabled, and the Java Heap may be blocking the growth of the native heap
# Possible solutions:
#   Reduce memory load on the system
#   Increase physical memory or swap space
#   Check if swap backing store is full
#   Decrease Java heap size (-Xmx/-Xms)
#   Decrease number of Java threads
#   Decrease Java thread stack sizes (-Xss)
#   Set larger code cache with -XX:ReservedCodeCacheSize=
#   JVM is running with Zero Based Compressed Oops mode in which the Java heap is
#     placed in the first 32GB address space. The Java Heap base address is the
#     maximum limit for the native heap growth. Please use -XX:HeapBaseMinAddress
#     to set the Java Heap base and to place the Java Heap above 32GB virtual address.
# This output file may be truncated or incomplete.
#
#  Out of Memory Error (arena.cpp:191), pid=15480, tid=24500
#
# JRE version: OpenJDK Runtime Environment Temurin-17.0.15+6 (17.0.15+6) (build 17.0.15+6)
# Java VM: OpenJDK 64-Bit Server VM Temurin-17.0.15+6 (17.0.15+6, mixed mode, sharing, tiered, compressed oops, compressed class ptrs, g1 gc, windows-amd64)
# No core dump will be written. Minidumps are not enabled by default on client versions of Windows
#

---------------  S U M M A R Y ------------

Command Line: --add-opens=java.base/java.lang=ALL-UNNAMED --add-opens=java.base/java.lang.invoke=ALL-UNNAMED --add-opens=java.base/java.util=ALL-UNNAMED --add-opens=java.prefs/java.util.prefs=ALL-UNNAMED --add-exports=jdk.compiler/com.sun.tools.javac.api=ALL-UNNAMED --add-exports=jdk.compiler/com.sun.tools.javac.util=ALL-UNNAMED --add-opens=java.base/java.util=ALL-UNNAMED --add-opens=java.prefs/java.util.prefs=ALL-UNNAMED --add-opens=java.base/java.nio.charset=ALL-UNNAMED --add-opens=java.base/java.net=ALL-UNNAMED --add-opens=java.base/java.util.concurrent.atomic=ALL-UNNAMED --add-opens=java.xml/javax.xml.namespace=ALL-UNNAMED -XX:MaxMetaspaceSize=4G -XX:ReservedCodeCacheSize=512m -XX:+HeapDumpOnOutOfMemoryError -Xmx8G -Dfile.encoding=UTF-8 -Duser.country=US -Duser.language=en -Duser.variant -javaagent:C:\Users\sangt\.gradle\wrapper\dists\gradle-8.12-all\ejduaidbjup3bmmkhw3rie4zb\gradle-8.12\lib\agents\gradle-instrumentation-agent-8.12.jar org.gradle.launcher.daemon.bootstrap.GradleDaemon 8.12

Host: 11th Gen Intel(R) Core(TM) i5-11400H @ 2.70GHz, 12 cores, 19G,  Windows 11 , 64 bit Build 26100 (10.0.26100.6725)
Time: Fri Nov  7 12:44:12 2025 SE Asia Standard Time elapsed time: 10.045250 seconds (0d 0h 0m 10s)

---------------  T H R E A D  ---------------

Current thread (0x00000276fff14010):  JavaThread "C2 CompilerThread0" daemon [_thread_in_native, id=24500, stack(0x000000fc05400000,0x000000fc05500000)]


Current CompileTask:
C2:  10045 2339       4       jdk.internal.org.objectweb.asm.Frame::execute (2305 bytes)

Stack: [0x000000fc05400000,0x000000fc05500000]
Native frames: (J=compiled Java code, j=interpreted, Vv=VM code, C=native code)
V  [jvm.dll+0x682fc9]
V  [jvm.dll+0x839878]
V  [jvm.dll+0x83b323]
V  [jvm.dll+0x83b993]
V  [jvm.dll+0x24725f]
V  [jvm.dll+0xacea4]
V  [jvm.dll+0xad53c]
V  [jvm.dll+0x365c1f]
V  [jvm.dll+0x32fe58]
V  [jvm.dll+0x32f2da]
V  [jvm.dll+0x21824f]
V  [jvm.dll+0x21768f]
V  [jvm.dll+0x1a31b0]
V  [jvm.dll+0x227a9c]
V  [jvm.dll+0x225bfb]
V  [jvm.dll+0x7ef018]
V  [jvm.dll+0x7e94dc]
V  [jvm.dll+0x681ea7]
C  [ucrtbase.dll+0x37b0]
C  [KERNEL32.DLL+0x2e8d7]
C  [ntdll.dll+0x8c53c]


---------------  P R O C E S S  ---------------

Threads class SMR info:
_java_thread_list=0x0000027741910080, length=22, elements={
0x00000276c4a9ee50, 0x00000276ffef48b0, 0x00000276ffef5380, 0x00000276fff0b970,
0x00000276fff0e250, 0x00000276fff0eb20, 0x00000276fff0f3f0, 0x00000276fff14010,
0x00000276fff1d940, 0x00000276fff31760, 0x00000276ffee3650, 0x0000027741238b70,
0x0000027741b347b0, 0x000002774689c010, 0x00000277417887e0, 0x0000027746fa2980,
0x0000027746e62440, 0x00000277416a2320, 0x00000277416a2830, 0x00000277416a1900,
0x00000277416a1e10, 0x00000277416a3c70
}

Java Threads: ( => current thread )
  0x00000276c4a9ee50 JavaThread "main" [_thread_blocked, id=11544, stack(0x000000fc04700000,0x000000fc04800000)]
  0x00000276ffef48b0 JavaThread "Reference Handler" daemon [_thread_blocked, id=24976, stack(0x000000fc04e00000,0x000000fc04f00000)]
  0x00000276ffef5380 JavaThread "Finalizer" daemon [_thread_blocked, id=23820, stack(0x000000fc04f00000,0x000000fc05000000)]
  0x00000276fff0b970 JavaThread "Signal Dispatcher" daemon [_thread_blocked, id=9888, stack(0x000000fc05000000,0x000000fc05100000)]
  0x00000276fff0e250 JavaThread "Attach Listener" daemon [_thread_blocked, id=16360, stack(0x000000fc05100000,0x000000fc05200000)]
  0x00000276fff0eb20 JavaThread "Service Thread" daemon [_thread_blocked, id=18548, stack(0x000000fc05200000,0x000000fc05300000)]
  0x00000276fff0f3f0 JavaThread "Monitor Deflation Thread" daemon [_thread_blocked, id=23860, stack(0x000000fc05300000,0x000000fc05400000)]
=>0x00000276fff14010 JavaThread "C2 CompilerThread0" daemon [_thread_in_native, id=24500, stack(0x000000fc05400000,0x000000fc05500000)]
  0x00000276fff1d940 JavaThread "C1 CompilerThread0" daemon [_thread_blocked, id=5108, stack(0x000000fc05500000,0x000000fc05600000)]
  0x00000276fff31760 JavaThread "Sweeper thread" daemon [_thread_blocked, id=1984, stack(0x000000fc05600000,0x000000fc05700000)]
  0x00000276ffee3650 JavaThread "Common-Cleaner" daemon [_thread_blocked, id=1816, stack(0x000000fc05700000,0x000000fc05800000)]
  0x0000027741238b70 JavaThread "Notification Thread" daemon [_thread_blocked, id=7000, stack(0x000000fc05800000,0x000000fc05900000)]
  0x0000027741b347b0 JavaThread "Daemon health stats" [_thread_blocked, id=7576, stack(0x000000fc05b00000,0x000000fc05c00000)]
  0x000002774689c010 JavaThread "Incoming local TCP Connector on port 58301" [_thread_in_native, id=20412, stack(0x000000fc06200000,0x000000fc06300000)]
  0x00000277417887e0 JavaThread "Daemon periodic checks" [_thread_blocked, id=12584, stack(0x000000fc06300000,0x000000fc06400000)]
  0x0000027746fa2980 JavaThread "Daemon" [_thread_blocked, id=9324, stack(0x000000fc06400000,0x000000fc06500000)]
  0x0000027746e62440 JavaThread "Handler for socket connection from /127.0.0.1:58301 to /127.0.0.1:58302" [_thread_in_native, id=22820, stack(0x000000fc06500000,0x000000fc06600000)]
  0x00000277416a2320 JavaThread "Cancel handler" [_thread_blocked, id=3296, stack(0x000000fc06600000,0x000000fc06700000)]
  0x00000277416a2830 JavaThread "Daemon worker" [_thread_in_native, id=13536, stack(0x000000fc06700000,0x000000fc06800000)]
  0x00000277416a1900 JavaThread "Asynchronous log dispatcher for DefaultDaemonConnection: socket connection from /127.0.0.1:58301 to /127.0.0.1:58302" [_thread_blocked, id=22164, stack(0x000000fc06800000,0x000000fc06900000)]
  0x00000277416a1e10 JavaThread "Stdin handler" [_thread_blocked, id=8316, stack(0x000000fc06900000,0x000000fc06a00000)]
  0x00000277416a3c70 JavaThread "Daemon client event forwarder" [_thread_blocked, id=13812, stack(0x000000fc06a00000,0x000000fc06b00000)]

Other Threads:
  0x00000276ffef17d0 VMThread "VM Thread" [stack: 0x000000fc04d00000,0x000000fc04e00000] [id=14244]
  0x000002774129e810 WatcherThread [stack: 0x000000fc05900000,0x000000fc05a00000] [id=18628]
  0x00000276ffd659b0 GCTaskThread "GC Thread#0" [stack: 0x000000fc04800000,0x000000fc04900000] [id=22396]
  0x00000277416a91b0 GCTaskThread "GC Thread#1" [stack: 0x000000fc05c00000,0x000000fc05d00000] [id=18788]
  0x00000277416a9470 GCTaskThread "GC Thread#2" [stack: 0x000000fc05d00000,0x000000fc05e00000] [id=22188]
  0x0000027741635160 GCTaskThread "GC Thread#3" [stack: 0x000000fc05e00000,0x000000fc05f00000] [id=5456]
  0x0000027741635420 GCTaskThread "GC Thread#4" [stack: 0x000000fc05f00000,0x000000fc06000000] [id=11256]
  0x0000027741beada0 GCTaskThread "GC Thread#5" [stack: 0x000000fc06000000,0x000000fc06100000] [id=22340]
  0x0000027741beb060 GCTaskThread "GC Thread#6" [stack: 0x000000fc06100000,0x000000fc06200000] [id=24936]
  0x00000276ffd76e10 ConcurrentGCThread "G1 Main Marker" [stack: 0x000000fc04900000,0x000000fc04a00000] [id=22272]
  0x00000276ffd785f0 ConcurrentGCThread "G1 Conc#0" [stack: 0x000000fc04a00000,0x000000fc04b00000] [id=25184]
  0x00000276c4b4ec20 ConcurrentGCThread "G1 Refine#0" [stack: 0x000000fc04b00000,0x000000fc04c00000] [id=4708]
  0x00000276ffe2f5b0 ConcurrentGCThread "G1 Service" [stack: 0x000000fc04c00000,0x000000fc04d00000] [id=10212]

Threads with active compile tasks:
C2 CompilerThread0    10075 2339       4       jdk.internal.org.objectweb.asm.Frame::execute (2305 bytes)
C1 CompilerThread0    10075 2409       3       org.gradle.internal.service.DefaultServiceRegistry$OwnServices::getService (317 bytes)

VM state: not at safepoint (normal execution)

VM Mutex/Monitor currently owned by a thread: None

Heap address: 0x0000000600000000, size: 8192 MB, Compressed Oops mode: Zero based, Oop shift amount: 3

CDS archive(s) mapped at: [0x0000027700000000-0x0000027700bb0000-0x0000027700bb0000), size 12255232, SharedBaseAddress: 0x0000027700000000, ArchiveRelocationMode: 1.
Compressed class space mapped at: 0x0000027701000000-0x0000027741000000, reserved size: 1073741824
Narrow klass base: 0x0000027700000000, Narrow klass shift: 0, Narrow klass range: 0x100000000

GC Precious Log:
 CPUs: 12 total, 12 available
 Memory: 20117M
 Large Page Support: Disabled
 NUMA Support: Disabled
 Compressed Oops: Enabled (Zero based)
 Heap Region Size: 4M
 Heap Min Capacity: 8M
 Heap Initial Capacity: 316M
 Heap Max Capacity: 8G
 Pre-touch: Disabled
 Parallel Workers: 10
 Concurrent Workers: 3
 Concurrent Refinement Workers: 10
 Periodic GC: Disabled

Heap:
 garbage-first heap   total 323584K, used 65959K [0x0000000600000000, 0x0000000800000000)
  region size 4096K, 15 young (61440K), 2 survivors (8192K)
 Metaspace       used 14293K, committed 14592K, reserved 1114112K
  class space    used 1966K, committed 2112K, reserved 1048576K

Heap Regions: E=young(eden), S=young(survivor), O=old, HS=humongous(starts), HC=humongous(continues), CS=collection set, F=free, OA=open archive, CA=closed archive, TAMS=top-at-mark-start (previous, next)
|   0|0x0000000600000000, 0x0000000600400000, 0x0000000600400000|100%|HS|  |TAMS 0x0000000600000000, 0x0000000600000000| Complete 
|   1|0x0000000600400000, 0x0000000600800000, 0x0000000600800000|100%| O|  |TAMS 0x0000000600400000, 0x0000000600400000| Untracked 
|   2|0x0000000600800000, 0x0000000600b2f000, 0x0000000600c00000| 79%| O|  |TAMS 0x0000000600800000, 0x0000000600800000| Untracked 
|   3|0x0000000600c00000, 0x0000000600c00000, 0x0000000601000000|  0%| F|  |TAMS 0x0000000600c00000, 0x0000000600c00000| Untracked 
|   4|0x0000000601000000, 0x0000000601000000, 0x0000000601400000|  0%| F|  |TAMS 0x0000000601000000, 0x0000000601000000| Untracked 
|   5|0x0000000601400000, 0x0000000601400000, 0x0000000601800000|  0%| F|  |TAMS 0x0000000601400000, 0x0000000601400000| Untracked 
|   6|0x0000000601800000, 0x0000000601800000, 0x0000000601c00000|  0%| F|  |TAMS 0x0000000601800000, 0x0000000601800000| Untracked 
|   7|0x0000000601c00000, 0x0000000601c00000, 0x0000000602000000|  0%| F|  |TAMS 0x0000000601c00000, 0x0000000601c00000| Untracked 
|   8|0x0000000602000000, 0x0000000602000000, 0x0000000602400000|  0%| F|  |TAMS 0x0000000602000000, 0x0000000602000000| Untracked 
|   9|0x0000000602400000, 0x0000000602400000, 0x0000000602800000|  0%| F|  |TAMS 0x0000000602400000, 0x0000000602400000| Untracked 
|  10|0x0000000602800000, 0x0000000602800000, 0x0000000602c00000|  0%| F|  |TAMS 0x0000000602800000, 0x0000000602800000| Untracked 
|  11|0x0000000602c00000, 0x0000000602c00000, 0x0000000603000000|  0%| F|  |TAMS 0x0000000602c00000, 0x0000000602c00000| Untracked 
|  12|0x0000000603000000, 0x0000000603000000, 0x0000000603400000|  0%| F|  |TAMS 0x0000000603000000, 0x0000000603000000| Untracked 
|  13|0x0000000603400000, 0x0000000603400000, 0x0000000603800000|  0%| F|  |TAMS 0x0000000603400000, 0x0000000603400000| Untracked 
|  14|0x0000000603800000, 0x0000000603800000, 0x0000000603c00000|  0%| F|  |TAMS 0x0000000603800000, 0x0000000603800000| Untracked 
|  15|0x0000000603c00000, 0x0000000603c00000, 0x0000000604000000|  0%| F|  |TAMS 0x0000000603c00000, 0x0000000603c00000| Untracked 
|  16|0x0000000604000000, 0x0000000604000000, 0x0000000604400000|  0%| F|  |TAMS 0x0000000604000000, 0x0000000604000000| Untracked 
|  17|0x0000000604400000, 0x0000000604400000, 0x0000000604800000|  0%| F|  |TAMS 0x0000000604400000, 0x0000000604400000| Untracked 
|  18|0x0000000604800000, 0x0000000604800000, 0x0000000604c00000|  0%| F|  |TAMS 0x0000000604800000, 0x0000000604800000| Untracked 
|  19|0x0000000604c00000, 0x0000000604c00000, 0x0000000605000000|  0%| F|  |TAMS 0x0000000604c00000, 0x0000000604c00000| Untracked 
|  20|0x0000000605000000, 0x0000000605000000, 0x0000000605400000|  0%| F|  |TAMS 0x0000000605000000, 0x0000000605000000| Untracked 
|  21|0x0000000605400000, 0x0000000605400000, 0x0000000605800000|  0%| F|  |TAMS 0x0000000605400000, 0x0000000605400000| Untracked 
|  22|0x0000000605800000, 0x0000000605800000, 0x0000000605c00000|  0%| F|  |TAMS 0x0000000605800000, 0x0000000605800000| Untracked 
|  23|0x0000000605c00000, 0x0000000605c00000, 0x0000000606000000|  0%| F|  |TAMS 0x0000000605c00000, 0x0000000605c00000| Untracked 
|  24|0x0000000606000000, 0x0000000606000000, 0x0000000606400000|  0%| F|  |TAMS 0x0000000606000000, 0x0000000606000000| Untracked 
|  25|0x0000000606400000, 0x0000000606400000, 0x0000000606800000|  0%| F|  |TAMS 0x0000000606400000, 0x0000000606400000| Untracked 
|  26|0x0000000606800000, 0x0000000606800000, 0x0000000606c00000|  0%| F|  |TAMS 0x0000000606800000, 0x0000000606800000| Untracked 
|  27|0x0000000606c00000, 0x0000000606c00000, 0x0000000607000000|  0%| F|  |TAMS 0x0000000606c00000, 0x0000000606c00000| Untracked 
|  28|0x0000000607000000, 0x0000000607000000, 0x0000000607400000|  0%| F|  |TAMS 0x0000000607000000, 0x0000000607000000| Untracked 
|  29|0x0000000607400000, 0x0000000607400000, 0x0000000607800000|  0%| F|  |TAMS 0x0000000607400000, 0x0000000607400000| Untracked 
|  30|0x0000000607800000, 0x0000000607800000, 0x0000000607c00000|  0%| F|  |TAMS 0x0000000607800000, 0x0000000607800000| Untracked 
|  31|0x0000000607c00000, 0x0000000607c00000, 0x0000000608000000|  0%| F|  |TAMS 0x0000000607c00000, 0x0000000607c00000| Untracked 
|  32|0x0000000608000000, 0x0000000608000000, 0x0000000608400000|  0%| F|  |TAMS 0x0000000608000000, 0x0000000608000000| Untracked 
|  33|0x0000000608400000, 0x0000000608400000, 0x0000000608800000|  0%| F|  |TAMS 0x0000000608400000, 0x0000000608400000| Untracked 
|  34|0x0000000608800000, 0x0000000608800000, 0x0000000608c00000|  0%| F|  |TAMS 0x0000000608800000, 0x0000000608800000| Untracked 
|  35|0x0000000608c00000, 0x0000000608c00000, 0x0000000609000000|  0%| F|  |TAMS 0x0000000608c00000, 0x0000000608c00000| Untracked 
|  36|0x0000000609000000, 0x0000000609000000, 0x0000000609400000|  0%| F|  |TAMS 0x0000000609000000, 0x0000000609000000| Untracked 
|  37|0x0000000609400000, 0x0000000609400000, 0x0000000609800000|  0%| F|  |TAMS 0x0000000609400000, 0x0000000609400000| Untracked 
|  38|0x0000000609800000, 0x0000000609800000, 0x0000000609c00000|  0%| F|  |TAMS 0x0000000609800000, 0x0000000609800000| Untracked 
|  39|0x0000000609c00000, 0x0000000609c00000, 0x000000060a000000|  0%| F|  |TAMS 0x0000000609c00000, 0x0000000609c00000| Untracked 
|  40|0x000000060a000000, 0x000000060a000000, 0x000000060a400000|  0%| F|  |TAMS 0x000000060a000000, 0x000000060a000000| Untracked 
|  41|0x000000060a400000, 0x000000060a400000, 0x000000060a800000|  0%| F|  |TAMS 0x000000060a400000, 0x000000060a400000| Untracked 
|  42|0x000000060a800000, 0x000000060a800000, 0x000000060ac00000|  0%| F|  |TAMS 0x000000060a800000, 0x000000060a800000| Untracked 
|  43|0x000000060ac00000, 0x000000060ac00000, 0x000000060b000000|  0%| F|  |TAMS 0x000000060ac00000, 0x000000060ac00000| Untracked 
|  44|0x000000060b000000, 0x000000060b000000, 0x000000060b400000|  0%| F|  |TAMS 0x000000060b000000, 0x000000060b000000| Untracked 
|  45|0x000000060b400000, 0x000000060b400000, 0x000000060b800000|  0%| F|  |TAMS 0x000000060b400000, 0x000000060b400000| Untracked 
|  46|0x000000060b800000, 0x000000060b800000, 0x000000060bc00000|  0%| F|  |TAMS 0x000000060b800000, 0x000000060b800000| Untracked 
|  47|0x000000060bc00000, 0x000000060bc00000, 0x000000060c000000|  0%| F|  |TAMS 0x000000060bc00000, 0x000000060bc00000| Untracked 
|  48|0x000000060c000000, 0x000000060c000000, 0x000000060c400000|  0%| F|  |TAMS 0x000000060c000000, 0x000000060c000000| Untracked 
|  49|0x000000060c400000, 0x000000060c400000, 0x000000060c800000|  0%| F|  |TAMS 0x000000060c400000, 0x000000060c400000| Untracked 
|  50|0x000000060c800000, 0x000000060c800000, 0x000000060cc00000|  0%| F|  |TAMS 0x000000060c800000, 0x000000060c800000| Untracked 
|  51|0x000000060cc00000, 0x000000060cc00000, 0x000000060d000000|  0%| F|  |TAMS 0x000000060cc00000, 0x000000060cc00000| Untracked 
|  52|0x000000060d000000, 0x000000060d000000, 0x000000060d400000|  0%| F|  |TAMS 0x000000060d000000, 0x000000060d000000| Untracked 
|  53|0x000000060d400000, 0x000000060d400000, 0x000000060d800000|  0%| F|  |TAMS 0x000000060d400000, 0x000000060d400000| Untracked 
|  54|0x000000060d800000, 0x000000060d800000, 0x000000060dc00000|  0%| F|  |TAMS 0x000000060d800000, 0x000000060d800000| Untracked 
|  55|0x000000060dc00000, 0x000000060dc00000, 0x000000060e000000|  0%| F|  |TAMS 0x000000060dc00000, 0x000000060dc00000| Untracked 
|  56|0x000000060e000000, 0x000000060e000000, 0x000000060e400000|  0%| F|  |TAMS 0x000000060e000000, 0x000000060e000000| Untracked 
|  57|0x000000060e400000, 0x000000060e400000, 0x000000060e800000|  0%| F|  |TAMS 0x000000060e400000, 0x000000060e400000| Untracked 
|  58|0x000000060e800000, 0x000000060e800000, 0x000000060ec00000|  0%| F|  |TAMS 0x000000060e800000, 0x000000060e800000| Untracked 
|  59|0x000000060ec00000, 0x000000060ec00000, 0x000000060f000000|  0%| F|  |TAMS 0x000000060ec00000, 0x000000060ec00000| Untracked 
|  60|0x000000060f000000, 0x000000060f000000, 0x000000060f400000|  0%| F|  |TAMS 0x000000060f000000, 0x000000060f000000| Untracked 
|  61|0x000000060f400000, 0x000000060f400000, 0x000000060f800000|  0%| F|  |TAMS 0x000000060f400000, 0x000000060f400000| Untracked 
|  62|0x000000060f800000, 0x000000060f800000, 0x000000060fc00000|  0%| F|  |TAMS 0x000000060f800000, 0x000000060f800000| Untracked 
|  63|0x000000060fc00000, 0x000000060fc00000, 0x0000000610000000|  0%| F|  |TAMS 0x000000060fc00000, 0x000000060fc00000| Untracked 
|  64|0x0000000610000000, 0x000000061013aec0, 0x0000000610400000| 30%| S|CS|TAMS 0x0000000610000000, 0x0000000610000000| Complete 
|  65|0x0000000610400000, 0x0000000610800000, 0x0000000610800000|100%| S|CS|TAMS 0x0000000610400000, 0x0000000610400000| Complete 
|  66|0x0000000610800000, 0x0000000610b999f8, 0x0000000610c00000| 90%| E|  |TAMS 0x0000000610800000, 0x0000000610800000| Complete 
|  67|0x0000000610c00000, 0x0000000611000000, 0x0000000611000000|100%| E|CS|TAMS 0x0000000610c00000, 0x0000000610c00000| Complete 
|  68|0x0000000611000000, 0x0000000611400000, 0x0000000611400000|100%| E|CS|TAMS 0x0000000611000000, 0x0000000611000000| Complete 
|  69|0x0000000611400000, 0x0000000611800000, 0x0000000611800000|100%| E|CS|TAMS 0x0000000611400000, 0x0000000611400000| Complete 
|  70|0x0000000611800000, 0x0000000611c00000, 0x0000000611c00000|100%| E|CS|TAMS 0x0000000611800000, 0x0000000611800000| Complete 
|  71|0x0000000611c00000, 0x0000000612000000, 0x0000000612000000|100%| E|CS|TAMS 0x0000000611c00000, 0x0000000611c00000| Complete 
|  72|0x0000000612000000, 0x0000000612400000, 0x0000000612400000|100%| E|CS|TAMS 0x0000000612000000, 0x0000000612000000| Complete 
|  73|0x0000000612400000, 0x0000000612800000, 0x0000000612800000|100%| E|CS|TAMS 0x0000000612400000, 0x0000000612400000| Complete 
|  74|0x0000000612800000, 0x0000000612c00000, 0x0000000612c00000|100%| E|CS|TAMS 0x0000000612800000, 0x0000000612800000| Complete 
|  75|0x0000000612c00000, 0x0000000613000000, 0x0000000613000000|100%| E|CS|TAMS 0x0000000612c00000, 0x0000000612c00000| Complete 
|  76|0x0000000613000000, 0x0000000613400000, 0x0000000613400000|100%| E|CS|TAMS 0x0000000613000000, 0x0000000613000000| Complete 
|  77|0x0000000613400000, 0x0000000613800000, 0x0000000613800000|100%| E|CS|TAMS 0x0000000613400000, 0x0000000613400000| Complete 
|  78|0x0000000613800000, 0x0000000613c00000, 0x0000000613c00000|100%| E|CS|TAMS 0x0000000613800000, 0x0000000613800000| Complete 

Card table byte_map: [0x00000276edd60000,0x00000276eed60000] _byte_map_base: 0x00000276ead60000

Marking Bits (Prev, Next): (CMBitMap*) 0x00000276c4b4b550, (CMBitMap*) 0x00000276c4b4b590
 Prev Bits: [0x00000276efd60000, 0x00000276f7d60000)
 Next Bits: [0x00000276f7d60000, 0x00000276ffd60000)

Polling page: 0x00000276c2a10000

Metaspace:

Usage:
  Non-class:     12.05 MB used.
      Class:      1.92 MB used.
       Both:     13.98 MB used.

Virtual space:
  Non-class space:       64.00 MB reserved,      12.19 MB ( 19%) committed,  1 nodes.
      Class space:        1.00 GB reserved,       2.06 MB ( <1%) committed,  1 nodes.
             Both:        1.06 GB reserved,      14.25 MB (  1%) committed. 

Chunk freelists:
   Non-Class:  3.64 MB
       Class:  13.94 MB
        Both:  17.58 MB

MaxMetaspaceSize: 4.00 GB
CompressedClassSpaceSize: 1.00 GB
Initial GC threshold: 21.00 MB
Current GC threshold: 21.00 MB
CDS: on
MetaspaceReclaimPolicy: balanced
 - commit_granule_bytes: 65536.
 - commit_granule_words: 8192.
 - virtual_space_node_default_size: 8388608.
 - enlarge_chunks_in_place: 1.
 - new_chunks_are_fully_committed: 0.
 - uncommit_free_chunks: 1.
 - use_allocation_guard: 0.
 - handle_deallocations: 1.


Internal statistics:

num_allocs_failed_limit: 0.
num_arena_births: 194.
num_arena_deaths: 0.
num_vsnodes_births: 2.
num_vsnodes_deaths: 0.
num_space_committed: 228.
num_space_uncommitted: 0.
num_chunks_returned_to_freelist: 0.
num_chunks_taken_from_freelist: 628.
num_chunk_merges: 0.
num_chunk_splits: 418.
num_chunks_enlarged: 310.
num_inconsistent_stats: 0.

CodeHeap 'non-profiled nmethods': size=259264Kb used=1252Kb max_used=1252Kb free=258011Kb
 bounds [0x00000276dc8c0000, 0x00000276dcb30000, 0x00000276ec5f0000]
CodeHeap 'profiled nmethods': size=259264Kb used=4831Kb max_used=4831Kb free=254432Kb
 bounds [0x00000276cc5f0000, 0x00000276ccab0000, 0x00000276dc320000]
CodeHeap 'non-nmethods': size=5760Kb used=1235Kb max_used=1258Kb free=4524Kb
 bounds [0x00000276dc320000, 0x00000276dc590000, 0x00000276dc8c0000]
 total_blobs=2937 nmethods=2409 adapters=440
 compilation: enabled
              stopped_count=0, restarted_count=0
 full_count=0

Compilation events (20 events):
Event: 9.005 Thread 0x00000276fff1d940 2391       3       java.util.Collections$EmptySet::iterator (4 bytes)
Event: 9.005 Thread 0x00000276fff1d940 nmethod 2391 0x00000276cca9f290 code [0x00000276cca9f420, 0x00000276cca9f598]
Event: 9.005 Thread 0x00000276fff1d940 2392       1       org.gradle.initialization.DefaultLegacyTypesSupport::getClassesToMixInGroovyObject (5 bytes)
Event: 9.006 Thread 0x00000276fff1d940 nmethod 2392 0x00000276dc9f7010 code [0x00000276dc9f71a0, 0x00000276dc9f7278]
Event: 9.006 Thread 0x00000276fff1d940 2393       1       org.gradle.initialization.DefaultLegacyTypesSupport::getSyntheticClasses (5 bytes)
Event: 9.006 Thread 0x00000276fff1d940 nmethod 2393 0x00000276dc9f7310 code [0x00000276dc9f74a0, 0x00000276dc9f7578]
Event: 9.009 Thread 0x0000027746244f40 nmethod 2387 0x00000276dc9f7610 code [0x00000276dc9f77a0, 0x00000276dc9f81d8]
Event: 9.009 Thread 0x00000276fff1d940 2394       3       java.util.Collections$EmptyMap::entrySet (4 bytes)
Event: 9.009 Thread 0x00000276fff1d940 nmethod 2394 0x00000276cca9f690 code [0x00000276cca9f820, 0x00000276cca9f998]
Event: 9.021 Thread 0x00000276fff1d940 2395       3       com.google.common.collect.RegularImmutableList::listIterator (15 bytes)
Event: 9.022 Thread 0x00000276fff1d940 nmethod 2395 0x00000276cca9fa90 code [0x00000276cca9fc40, 0x00000276cca9fd88]
Event: 9.079 Thread 0x0000027746244f40 2397       4       java.lang.StringConcatHelper::newArray (40 bytes)
Event: 9.079 Thread 0x0000027746244f40 nmethod 2397 0x00000276dc9f8a10 code [0x00000276dc9f8ba0, 0x00000276dc9f8cb8]
Event: 9.359 Thread 0x00000276fff1d940 2398       1       java.util.concurrent.atomic.AtomicInteger::get (5 bytes)
Event: 9.359 Thread 0x00000276fff1d940 nmethod 2398 0x00000276dc9f8d90 code [0x00000276dc9f8f20, 0x00000276dc9f8ff8]
Event: 10.010 Thread 0x00000276fff1d940 2399       3       java.util.concurrent.locks.AbstractQueuedSynchronizer::compareAndSetState (13 bytes)
Event: 10.042 Thread 0x00000276fff1d940 nmethod 2399 0x00000276cca9fe90 code [0x00000276ccaa0020, 0x00000276ccaa0158]
Event: 10.042 Thread 0x00000276fff1d940 2400       3       java.util.concurrent.locks.AbstractQueuedSynchronizer::release (19 bytes)
Event: 10.042 Thread 0x00000276fff1d940 nmethod 2400 0x00000276ccaa0210 code [0x00000276ccaa0400, 0x00000276ccaa0868]
Event: 10.043 Thread 0x00000276fff1d940 2401       3       java.util.concurrent.locks.ReentrantLock$Sync::tryRelease (51 bytes)

GC Heap History (6 events):
Event: 0.480 GC heap before
{Heap before GC invocations=0 (full 0):
 garbage-first heap   total 323584K, used 20480K [0x0000000600000000, 0x0000000800000000)
  region size 4096K, 5 young (20480K), 0 survivors (0K)
 Metaspace       used 1014K, committed 1152K, reserved 1114112K
  class space    used 73K, committed 128K, reserved 1048576K
}
Event: 0.482 GC heap after
{Heap after GC invocations=1 (full 0):
 garbage-first heap   total 323584K, used 1638K [0x0000000600000000, 0x0000000800000000)
  region size 4096K, 1 young (4096K), 1 survivors (4096K)
 Metaspace       used 1014K, committed 1152K, reserved 1114112K
  class space    used 73K, committed 128K, reserved 1048576K
}
Event: 1.306 GC heap before
{Heap before GC invocations=1 (full 0):
 garbage-first heap   total 323584K, used 46694K [0x0000000600000000, 0x0000000800000000)
  region size 4096K, 11 young (45056K), 1 survivors (4096K)
 Metaspace       used 4370K, committed 4544K, reserved 1114112K
  class space    used 545K, committed 640K, reserved 1048576K
}
Event: 1.311 GC heap after
{Heap after GC invocations=2 (full 0):
 garbage-first heap   total 323584K, used 11846K [0x0000000600000000, 0x0000000800000000)
  region size 4096K, 2 young (8192K), 2 survivors (8192K)
 Metaspace       used 4370K, committed 4544K, reserved 1114112K
  class space    used 545K, committed 640K, reserved 1048576K
}
Event: 6.947 GC heap before
{Heap before GC invocations=2 (full 0):
 garbage-first heap   total 323584K, used 56902K [0x0000000600000000, 0x0000000800000000)
  region size 4096K, 13 young (53248K), 2 survivors (8192K)
 Metaspace       used 5332K, committed 5504K, reserved 1114112K
  class space    used 707K, committed 768K, reserved 1048576K
}
Event: 6.951 GC heap after
{Heap after GC invocations=3 (full 0):
 garbage-first heap   total 323584K, used 16807K [0x0000000600000000, 0x0000000800000000)
  region size 4096K, 2 young (8192K), 2 survivors (8192K)
 Metaspace       used 5332K, committed 5504K, reserved 1114112K
  class space    used 707K, committed 768K, reserved 1048576K
}

Dll operation events (15 events):
Event: 0.015 Loaded shared library C:\Program Files\Eclipse Adoptium\jdk-17.0.15.6-hotspot\bin\java.dll
Event: 0.036 Loaded shared library C:\Program Files\Eclipse Adoptium\jdk-17.0.15.6-hotspot\bin\jsvml.dll
Event: 0.097 Loaded shared library C:\Program Files\Eclipse Adoptium\jdk-17.0.15.6-hotspot\bin\zip.dll
Event: 0.102 Loaded shared library C:\Program Files\Eclipse Adoptium\jdk-17.0.15.6-hotspot\bin\instrument.dll
Event: 0.109 Loaded shared library C:\Program Files\Eclipse Adoptium\jdk-17.0.15.6-hotspot\bin\net.dll
Event: 0.111 Loaded shared library C:\Program Files\Eclipse Adoptium\jdk-17.0.15.6-hotspot\bin\nio.dll
Event: 0.114 Loaded shared library C:\Program Files\Eclipse Adoptium\jdk-17.0.15.6-hotspot\bin\zip.dll
Event: 0.432 Loaded shared library C:\Program Files\Eclipse Adoptium\jdk-17.0.15.6-hotspot\bin\jimage.dll
Event: 0.599 Loaded shared library C:\Program Files\Eclipse Adoptium\jdk-17.0.15.6-hotspot\bin\verify.dll
Event: 0.782 Loaded shared library C:\Users\sangt\.gradle\native\1def1411415f61bf3af743bc5b6707747c0891f09f0c88961ee8f79bc544acac\windows-amd64\native-platform.dll
Event: 0.793 Loaded shared library C:\Users\sangt\.gradle\native\0.2.5\x86_64-windows-gnu\gradle-fileevents.dll
Event: 8.009 Loaded shared library C:\Program Files\Eclipse Adoptium\jdk-17.0.15.6-hotspot\bin\management.dll
Event: 8.013 Loaded shared library C:\Program Files\Eclipse Adoptium\jdk-17.0.15.6-hotspot\bin\management_ext.dll
Event: 8.226 Loaded shared library C:\Program Files\Eclipse Adoptium\jdk-17.0.15.6-hotspot\bin\extnet.dll
Event: 8.577 Loaded shared library C:\Program Files\Eclipse Adoptium\jdk-17.0.15.6-hotspot\bin\sunmscapi.dll

Deoptimization events (20 events):
Event: 8.692 Thread 0x00000277416a2830 DEOPT PACKING pc=0x00000276cc9f83ad sp=0x000000fc067fe8e0
Event: 8.692 Thread 0x00000277416a2830 DEOPT UNPACKING pc=0x00000276dc37ace3 sp=0x000000fc067fddf0 mode 0
Event: 8.836 Thread 0x00000277416a2830 Uncommon trap: trap_request=0xffffff45 fr.pc=0x00000276dc9cc420 relative=0x0000000000000420
Event: 8.836 Thread 0x00000277416a2830 Uncommon trap: reason=unstable_if action=reinterpret pc=0x00000276dc9cc420 method=java.util.HashMap.getNode(Ljava/lang/Object;)Ljava/util/HashMap$Node; @ 66 c2
Event: 8.836 Thread 0x00000277416a2830 DEOPT PACKING pc=0x00000276dc9cc420 sp=0x000000fc067fbf70
Event: 8.836 Thread 0x00000277416a2830 DEOPT UNPACKING pc=0x00000276dc37a1a3 sp=0x000000fc067fbec0 mode 2
Event: 8.836 Thread 0x00000277416a2830 Uncommon trap: trap_request=0xffffff45 fr.pc=0x00000276dc9032b4 relative=0x00000000000003f4
Event: 8.836 Thread 0x00000277416a2830 Uncommon trap: reason=unstable_if action=reinterpret pc=0x00000276dc9032b4 method=java.util.HashMap.getNode(Ljava/lang/Object;)Ljava/util/HashMap$Node; @ 66 c2
Event: 8.836 Thread 0x00000277416a2830 DEOPT PACKING pc=0x00000276dc9032b4 sp=0x000000fc067fbf30
Event: 8.836 Thread 0x00000277416a2830 DEOPT UNPACKING pc=0x00000276dc37a1a3 sp=0x000000fc067fbec0 mode 2
Event: 8.843 Thread 0x00000277416a2830 Uncommon trap: trap_request=0xffffff45 fr.pc=0x00000276dc98fd50 relative=0x00000000000002b0
Event: 8.843 Thread 0x00000277416a2830 Uncommon trap: reason=unstable_if action=reinterpret pc=0x00000276dc98fd50 method=java.util.concurrent.ConcurrentHashMap.get(Ljava/lang/Object;)Ljava/lang/Object; @ 152 c2
Event: 8.843 Thread 0x00000277416a2830 DEOPT PACKING pc=0x00000276dc98fd50 sp=0x000000fc067fb420
Event: 8.843 Thread 0x00000277416a2830 DEOPT UNPACKING pc=0x00000276dc37a1a3 sp=0x000000fc067fb388 mode 2
Event: 8.846 Thread 0x00000277416a2830 Uncommon trap: trap_request=0xffffff45 fr.pc=0x00000276dc993c3c relative=0x000000000000019c
Event: 8.846 Thread 0x00000277416a2830 Uncommon trap: reason=unstable_if action=reinterpret pc=0x00000276dc993c3c method=java.util.WeakHashMap.expungeStaleEntries()V @ 9 c2
Event: 8.846 Thread 0x00000277416a2830 DEOPT PACKING pc=0x00000276dc993c3c sp=0x000000fc067fb0e0
Event: 8.846 Thread 0x00000277416a2830 DEOPT UNPACKING pc=0x00000276dc37a1a3 sp=0x000000fc067fb078 mode 2
Event: 9.026 Thread 0x00000277416a2830 DEOPT PACKING pc=0x00000276cc9f83ad sp=0x000000fc067fcd60
Event: 9.026 Thread 0x00000277416a2830 DEOPT UNPACKING pc=0x00000276dc37ace3 sp=0x000000fc067fc270 mode 0

Classes loaded (20 events):
Event: 8.844 Loading class java/util/stream/MatchOps$MatchOp
Event: 8.844 Loading class java/util/stream/MatchOps$MatchOp done
Event: 8.845 Loading class java/util/stream/MatchOps$BooleanTerminalSink
Event: 8.845 Loading class java/util/stream/MatchOps$BooleanTerminalSink done
Event: 8.845 Loading class java/util/stream/MatchOps$1MatchSink
Event: 8.845 Loading class java/util/stream/MatchOps$1MatchSink done
Event: 8.867 Loading class java/lang/TypeNotPresentException
Event: 8.867 Loading class java/lang/TypeNotPresentException done
Event: 8.885 Loading class java/lang/invoke/MethodHandle$1
Event: 8.885 Loading class java/lang/invoke/MethodHandle$1 done
Event: 8.905 Loading class java/util/ConcurrentModificationException
Event: 8.905 Loading class java/util/ConcurrentModificationException done
Event: 8.922 Loading class sun/reflect/generics/scope/ConstructorScope
Event: 8.922 Loading class sun/reflect/generics/scope/ConstructorScope done
Event: 9.079 Loading class java/lang/management/MemoryType
Event: 10.042 Loading class java/lang/management/MemoryType done
Event: 10.042 Loading class java/lang/management/MemoryUsage
Event: 10.042 Loading class java/lang/management/MemoryUsage done
Event: 10.042 Loading class java/util/concurrent/LinkedBlockingDeque$Node
Event: 10.042 Loading class java/util/concurrent/LinkedBlockingDeque$Node done

Classes unloaded (0 events):
No events

Classes redefined (0 events):
No events

Internal exceptions (20 events):
Event: 8.037 Thread 0x00000276c4a9ee50 Exception <a 'java/lang/NoSuchMethodError'{0x000000061343e8d0}: 'java.lang.Object java.lang.invoke.DirectMethodHandle$Holder.invokeInterface(java.lang.Object, java.lang.Object)'> (0x000000061343e8d0) 
thrown [s\src\hotspot\share\interpreter\linkResolver.cpp, line 759]
Event: 8.158 Thread 0x00000276c4a9ee50 Exception <a 'java/lang/NoSuchMethodError'{0x000000061334b6a0}: 'java.lang.Object java.lang.invoke.DirectMethodHandle$Holder.invokeStaticInit(java.lang.Object, int, int, int, int)'> (0x000000061334b6a0) 
thrown [s\src\hotspot\share\interpreter\linkResolver.cpp, line 759]
Event: 8.214 Thread 0x00000276c4a9ee50 Exception <a 'java/lang/NoSuchMethodError'{0x00000006133fa2c8}: 'java.lang.Object java.lang.invoke.DirectMethodHandle$Holder.invokeStaticInit(java.lang.Object, java.lang.Object, int, int, int, int)'> (0x00000006133fa2c8) 
thrown [s\src\hotspot\share\interpreter\linkResolver.cpp, line 759]
Event: 8.493 Thread 0x00000276c4a9ee50 Exception <a 'java/lang/NoSuchMethodError'{0x0000000612ff8168}: 'void java.lang.invoke.DirectMethodHandle$Holder.invokeStatic(java.lang.Object, java.lang.Object, java.lang.Object)'> (0x0000000612ff8168) 
thrown [s\src\hotspot\share\interpreter\linkResolver.cpp, line 759]
Event: 8.520 Thread 0x00000276c4a9ee50 Exception <a 'java/io/IOException'{0x0000000612919da8}> (0x0000000612919da8) 
thrown [s\src\hotspot\share\prims\jni.cpp, line 516]
Event: 8.524 Thread 0x00000276c4a9ee50 Implicit null exception at 0x00000276dc90d2f2 to 0x00000276dc90d940
Event: 8.529 Thread 0x00000276c4a9ee50 Exception <a 'java/lang/NoSuchMethodError'{0x000000061297aeb8}: 'java.lang.Object java.lang.invoke.DirectMethodHandle$Holder.newInvokeSpecial(java.lang.Object, java.lang.Object, java.lang.Object, java.lang.Object, java.lang.Object)'> (0x000000061297aeb8) 
thrown [s\src\hotspot\share\interpreter\linkResolver.cpp, line 759]
Event: 8.668 Thread 0x0000027746e62440 Exception <a 'java/lang/NoSuchMethodError'{0x000000061262d7f8}: static Lorg/gradle/tooling/internal/provider/serialization/ClassLoaderDetails;.<clinit>()V> (0x000000061262d7f8) 
thrown [s\src\hotspot\share\prims\jni.cpp, line 1112]
Event: 8.670 Thread 0x0000027746e62440 Exception <a 'java/lang/NoSuchMethodError'{0x0000000612647ba0}: static Lorg/gradle/internal/classloader/ClassLoaderSpec;.<clinit>()V> (0x0000000612647ba0) 
thrown [s\src\hotspot\share\prims\jni.cpp, line 1112]
Event: 8.670 Thread 0x0000027746e62440 Exception <a 'java/lang/NoSuchMethodError'{0x0000000612651360}: static Lorg/gradle/tooling/internal/provider/serialization/WellKnownClassLoaderRegistry$KnownClassLoaderSpec;.<clinit>()V> (0x0000000612651360) 
thrown [s\src\hotspot\share\prims\jni.cpp, line 1112]
Event: 8.672 Thread 0x0000027746e62440 Exception <a 'java/lang/NoSuchMethodError'{0x00000006126685d8}: static Lorg/gradle/tooling/internal/provider/serialization/ClientOwnedClassLoaderSpec;.<clinit>()V> (0x00000006126685d8) 
thrown [s\src\hotspot\share\prims\jni.cpp, line 1112]
Event: 8.689 Thread 0x0000027746fa2980 Exception <a 'java/lang/NoSuchMethodError'{0x00000006127e7068}: 'void java.lang.invoke.DirectMethodHandle$Holder.invokeSpecial(java.lang.Object, java.lang.Object, java.lang.Object)'> (0x00000006127e7068) 
thrown [s\src\hotspot\share\interpreter\linkResolver.cpp, line 759]
Event: 8.748 Thread 0x00000277416a2830 Exception <a 'java/lang/NoSuchMethodError'{0x0000000611ed1cf8}: 'long java.lang.invoke.DirectMethodHandle$Holder.invokeInterface(java.lang.Object, java.lang.Object)'> (0x0000000611ed1cf8) 
thrown [s\src\hotspot\share\interpreter\linkResolver.cpp, line 759]
Event: 8.814 Thread 0x00000277416a2830 Exception <a 'java/lang/NoSuchMethodError'{0x0000000611b52508}: 'void java.lang.invoke.DirectMethodHandle$Holder.invokeStatic(java.lang.Object, java.lang.Object)'> (0x0000000611b52508) 
thrown [s\src\hotspot\share\interpreter\linkResolver.cpp, line 759]
Event: 8.848 Thread 0x00000277416a2830 Exception <a 'java/lang/NoSuchMethodError'{0x0000000611569fd8}: 'int java.lang.invoke.DirectMethodHandle$Holder.invokeVirtual(java.lang.Object, java.lang.Object, java.lang.Object)'> (0x0000000611569fd8) 
thrown [s\src\hotspot\share\interpreter\linkResolver.cpp, line 759]
Event: 8.891 Thread 0x00000277416a2830 Exception <a 'java/lang/NoSuchMethodError'{0x00000006117fd3a0}: 'java.lang.Object java.lang.invoke.DirectMethodHandle$Holder.newInvokeSpecial(java.lang.Object, java.lang.Object, java.lang.Object, java.lang.Object, java.lang.Object, java.lang.Object)'> (0x00000006117fd3a0) 
thrown [s\src\hotspot\share\interpreter\linkResolver.cpp, line 759]
Event: 8.939 Thread 0x00000277416a2830 Exception <a 'java/lang/NoSuchMethodError'{0x00000006113061b0}: 'void java.lang.invoke.DelegatingMethodHandle$Holder.reinvoke_L(java.lang.Object, java.lang.Object, java.lang.Object, java.lang.Object, java.lang.Object, java.lang.Object, java.lang.Object, java.lang.Object, java.lang.Object, java.lang.Object)'> (0x00000006113061b0) 
thrown [s\src\hotspot\share\interpreter\linkResolver.cpp, line 759]
Event: 8.939 Thread 0x00000277416a2830 Exception <a 'java/lang/NoSuchMethodError'{0x000000061130e620}: 'java.lang.Object java.lang.invoke.DirectMethodHandle$Holder.invokeSpecial(java.lang.Object, java.lang.Object, java.lang.Object, java.lang.Object, java.lang.Object, java.lang.Object, java.lang.Object, java.lang.Object, java.lang.Object, java.lang.Object)'> (0x000000061130e620) 
thrown [s\src\hotspot\share\interpreter\linkResolver.cpp, line 759]
Event: 8.939 Thread 0x00000277416a2830 Exception <a 'java/lang/NoSuchMethodError'{0x0000000611312ef0}: 'java.lang.Object java.lang.invoke.Invokers$Holder.invoker(java.lang.Object, java.lang.Object, java.lang.Object, java.lang.Object, java.lang.Object, java.lang.Object, java.lang.Object, java.lang.Object, java.lang.Object, java.lang.Object)'> (0x0000000611312ef0) 
thrown [s\src\hotspot\share\interpreter\linkResolver.cpp, line 759]
Event: 8.939 Thread 0x00000277416a2830 Exception <a 'java/lang/NoSuchMethodError'{0x0000000611318af8}: 'java.lang.Object java.lang.invoke.DirectMethodHandle$Holder.invokeSpecial(java.lang.Object, java.lang.Object, java.lang.Object, java.lang.Object, java.lang.Object, java.lang.Object, java.lang.Object, java.lang.Object, java.lang.Object, java.lang.Object, java.lang.Object)'> (0x0000000611318af8) 
thrown [s\src\hotspot\share\interpreter\linkResolver.cpp, line 759]

VM Operations (20 events):
Event: 8.032 Executing VM operation: HandshakeAllThreads
Event: 8.032 Executing VM operation: HandshakeAllThreads done
Event: 8.086 Executing VM operation: HandshakeAllThreads
Event: 8.086 Executing VM operation: HandshakeAllThreads done
Event: 8.147 Executing VM operation: HandshakeAllThreads
Event: 8.147 Executing VM operation: HandshakeAllThreads done
Event: 8.168 Executing VM operation: HandshakeAllThreads
Event: 8.168 Executing VM operation: HandshakeAllThreads done
Event: 8.207 Executing VM operation: HandshakeAllThreads
Event: 8.207 Executing VM operation: HandshakeAllThreads done
Event: 8.491 Executing VM operation: HandshakeAllThreads
Event: 8.491 Executing VM operation: HandshakeAllThreads done
Event: 8.584 Executing VM operation: HandshakeAllThreads
Event: 8.584 Executing VM operation: HandshakeAllThreads done
Event: 8.601 Executing VM operation: HandshakeAllThreads
Event: 8.601 Executing VM operation: HandshakeAllThreads done
Event: 8.845 Executing VM operation: ICBufferFull
Event: 8.845 Executing VM operation: ICBufferFull done
Event: 9.856 Executing VM operation: Cleanup
Event: 10.042 Executing VM operation: Cleanup done

Memory protections (0 events):
No events

Nmethod flushes (0 events):
No events

Events (20 events):
Event: 0.050 Thread 0x00000276c4a9ee50 Thread added: 0x00000276fff1d940
Event: 0.051 Thread 0x00000276c4a9ee50 Thread added: 0x00000276fff31760
Event: 0.070 Thread 0x00000276c4a9ee50 Thread added: 0x00000276ffee3650
Event: 0.124 Thread 0x00000276c4a9ee50 Thread added: 0x0000027741238b70
Event: 0.244 Thread 0x00000276fff14010 Thread added: 0x00000277412eecb0
Event: 0.427 Thread 0x00000276fff1d940 Thread added: 0x0000027741375300
Event: 1.452 Thread 0x0000027741375300 Thread exited: 0x0000027741375300
Event: 3.727 Thread 0x00000277412eecb0 Thread exited: 0x00000277412eecb0
Event: 8.026 Thread 0x00000276fff1d940 Thread added: 0x0000027746244f40
Event: 8.064 Thread 0x00000276c4a9ee50 Thread added: 0x0000027741b347b0
Event: 8.462 Thread 0x00000276c4a9ee50 Thread added: 0x000002774689c010
Event: 8.535 Thread 0x00000276c4a9ee50 Thread added: 0x00000277417887e0
Event: 8.611 Thread 0x000002774689c010 Thread added: 0x0000027746fa2980
Event: 8.615 Thread 0x0000027746fa2980 Thread added: 0x0000027746e62440
Event: 8.684 Thread 0x0000027746fa2980 Thread added: 0x00000277416a2320
Event: 8.690 Thread 0x0000027746fa2980 Thread added: 0x00000277416a2830
Event: 8.698 Thread 0x00000277416a2830 Thread added: 0x00000277416a1900
Event: 8.701 Thread 0x00000277416a2830 Thread added: 0x00000277416a1e10
Event: 8.703 Thread 0x00000277416a2830 Thread added: 0x00000277416a3c70
Event: 10.042 Thread 0x0000027746244f40 Thread exited: 0x0000027746244f40


Dynamic libraries:
0x00007ff714ad0000 - 0x00007ff714ade000 	C:\Program Files\Eclipse Adoptium\jdk-17.0.15.6-hotspot\bin\java.exe
0x00007ffdfe420000 - 0x00007ffdfe688000 	C:\WINDOWS\SYSTEM32\ntdll.dll
0x00007ffdfde70000 - 0x00007ffdfdf39000 	C:\WINDOWS\System32\KERNEL32.DLL
0x00007ffdfbca0000 - 0x00007ffdfc092000 	C:\WINDOWS\System32\KERNELBASE.dll
0x00007ffdfb5b0000 - 0x00007ffdfb6fb000 	C:\WINDOWS\System32\ucrtbase.dll
0x00007ffdce4f0000 - 0x00007ffdce50e000 	C:\Program Files\Eclipse Adoptium\jdk-17.0.15.6-hotspot\bin\VCRUNTIME140.dll
0x00007ffddba70000 - 0x00007ffddba87000 	C:\Program Files\Eclipse Adoptium\jdk-17.0.15.6-hotspot\bin\jli.dll
0x00007ffdfd410000 - 0x00007ffdfd5d5000 	C:\WINDOWS\System32\USER32.dll
0x00007ffdd7dc0000 - 0x00007ffdd8053000 	C:\WINDOWS\WinSxS\amd64_microsoft.windows.common-controls_6595b64144ccf1df_6.0.26100.6725_none_3e085828e334708b\COMCTL32.dll
0x00007ffdfb9b0000 - 0x00007ffdfb9d7000 	C:\WINDOWS\System32\win32u.dll
0x00007ffdfd710000 - 0x00007ffdfd7b9000 	C:\WINDOWS\System32\msvcrt.dll
0x00007ffdfd6e0000 - 0x00007ffdfd70b000 	C:\WINDOWS\System32\GDI32.dll
0x00007ffdfb880000 - 0x00007ffdfb9ad000 	C:\WINDOWS\System32\gdi32full.dll
0x00007ffdfba80000 - 0x00007ffdfbb23000 	C:\WINDOWS\System32\msvcp_win.dll
0x00007ffdfe390000 - 0x00007ffdfe3bf000 	C:\WINDOWS\System32\IMM32.DLL
0x00007ffdf6170000 - 0x00007ffdf617c000 	C:\Program Files\Eclipse Adoptium\jdk-17.0.15.6-hotspot\bin\vcruntime140_1.dll
0x00007ffdaebb0000 - 0x00007ffdaec3d000 	C:\Program Files\Eclipse Adoptium\jdk-17.0.15.6-hotspot\bin\msvcp140.dll
0x00007ffd84d20000 - 0x00007ffd8598b000 	C:\Program Files\Eclipse Adoptium\jdk-17.0.15.6-hotspot\bin\server\jvm.dll
0x00007ffdfdf60000 - 0x00007ffdfe014000 	C:\WINDOWS\System32\ADVAPI32.dll
0x00007ffdfc410000 - 0x00007ffdfc4b6000 	C:\WINDOWS\System32\sechost.dll
0x00007ffdfe020000 - 0x00007ffdfe138000 	C:\WINDOWS\System32\RPCRT4.dll
0x00007ffdfc390000 - 0x00007ffdfc404000 	C:\WINDOWS\System32\WS2_32.dll
0x00007ffdfae20000 - 0x00007ffdfae7e000 	C:\WINDOWS\SYSTEM32\POWRPROF.dll
0x00007ffdf0d90000 - 0x00007ffdf0d9b000 	C:\WINDOWS\SYSTEM32\VERSION.dll
0x00007ffdee290000 - 0x00007ffdee2c5000 	C:\WINDOWS\SYSTEM32\WINMM.dll
0x00007ffdfae00000 - 0x00007ffdfae14000 	C:\WINDOWS\SYSTEM32\UMPDC.dll
0x00007ffdfa380000 - 0x00007ffdfa39b000 	C:\WINDOWS\SYSTEM32\kernel.appcore.dll
0x00007ffdf3c90000 - 0x00007ffdf3c9a000 	C:\Program Files\Eclipse Adoptium\jdk-17.0.15.6-hotspot\bin\jimage.dll
0x00007ffdf8970000 - 0x00007ffdf8bb2000 	C:\WINDOWS\SYSTEM32\DBGHELP.DLL
0x00007ffdfc530000 - 0x00007ffdfc8ab000 	C:\WINDOWS\System32\combase.dll
0x00007ffdfc280000 - 0x00007ffdfc357000 	C:\WINDOWS\System32\OLEAUT32.dll
0x00007ffdd6b50000 - 0x00007ffdd6b8c000 	C:\WINDOWS\SYSTEM32\dbgcore.DLL
0x00007ffdfb9e0000 - 0x00007ffdfba78000 	C:\WINDOWS\System32\bcryptPrimitives.dll
0x00007ffdf3bb0000 - 0x00007ffdf3bbe000 	C:\Program Files\Eclipse Adoptium\jdk-17.0.15.6-hotspot\bin\instrument.dll
0x00007ffdb23c0000 - 0x00007ffdb23e5000 	C:\Program Files\Eclipse Adoptium\jdk-17.0.15.6-hotspot\bin\java.dll
0x00007ffd91c70000 - 0x00007ffd91d47000 	C:\Program Files\Eclipse Adoptium\jdk-17.0.15.6-hotspot\bin\jsvml.dll
0x00007ffdfc930000 - 0x00007ffdfd07c000 	C:\WINDOWS\System32\SHELL32.dll
0x00007ffdfbb30000 - 0x00007ffdfbc9b000 	C:\WINDOWS\System32\wintypes.dll
0x00007ffdf91f0000 - 0x00007ffdf9a4d000 	C:\WINDOWS\SYSTEM32\windows.storage.dll
0x00007ffdfd5e0000 - 0x00007ffdfd6d2000 	C:\WINDOWS\System32\SHCORE.dll
0x00007ffdfc8b0000 - 0x00007ffdfc912000 	C:\WINDOWS\System32\shlwapi.dll
0x00007ffdfb4d0000 - 0x00007ffdfb4f9000 	C:\WINDOWS\SYSTEM32\profapi.dll
0x00007ffdc1a60000 - 0x00007ffdc1a78000 	C:\Program Files\Eclipse Adoptium\jdk-17.0.15.6-hotspot\bin\zip.dll
0x00007ffdbcbf0000 - 0x00007ffdbcc09000 	C:\Program Files\Eclipse Adoptium\jdk-17.0.15.6-hotspot\bin\net.dll
0x00007ffdf44b0000 - 0x00007ffdf45cf000 	C:\WINDOWS\SYSTEM32\WINHTTP.dll
0x00007ffdfa8f0000 - 0x00007ffdfa95b000 	C:\WINDOWS\system32\mswsock.dll
0x00007ffdb6bb0000 - 0x00007ffdb6bc6000 	C:\Program Files\Eclipse Adoptium\jdk-17.0.15.6-hotspot\bin\nio.dll
0x00007ffddb4e0000 - 0x00007ffddb4f0000 	C:\Program Files\Eclipse Adoptium\jdk-17.0.15.6-hotspot\bin\verify.dll
0x00007ffdf3e40000 - 0x00007ffdf3e67000 	C:\Users\sangt\.gradle\native\1def1411415f61bf3af743bc5b6707747c0891f09f0c88961ee8f79bc544acac\windows-amd64\native-platform.dll
0x0000000054a60000 - 0x0000000054ad3000 	C:\Users\sangt\.gradle\native\0.2.5\x86_64-windows-gnu\gradle-fileevents.dll
0x00007ffdf60e0000 - 0x00007ffdf60ea000 	C:\Program Files\Eclipse Adoptium\jdk-17.0.15.6-hotspot\bin\management.dll
0x00007ffdf60a0000 - 0x00007ffdf60ab000 	C:\Program Files\Eclipse Adoptium\jdk-17.0.15.6-hotspot\bin\management_ext.dll
0x00007ffdfd400000 - 0x00007ffdfd408000 	C:\WINDOWS\System32\PSAPI.DLL
0x00007ffdfaba0000 - 0x00007ffdfabbb000 	C:\WINDOWS\SYSTEM32\CRYPTSP.dll
0x00007ffdfa2e0000 - 0x00007ffdfa31b000 	C:\WINDOWS\system32\rsaenh.dll
0x00007ffdfa990000 - 0x00007ffdfa9bb000 	C:\WINDOWS\SYSTEM32\USERENV.dll
0x00007ffdfb4a0000 - 0x00007ffdfb4c6000 	C:\WINDOWS\SYSTEM32\bcrypt.dll
0x00007ffdfabc0000 - 0x00007ffdfabcc000 	C:\WINDOWS\SYSTEM32\CRYPTBASE.dll
0x00007ffdf9d50000 - 0x00007ffdf9d84000 	C:\WINDOWS\SYSTEM32\IPHLPAPI.DLL
0x00007ffdfc920000 - 0x00007ffdfc92a000 	C:\WINDOWS\System32\NSI.dll
0x00007ffdf4650000 - 0x00007ffdf466e000 	C:\WINDOWS\SYSTEM32\dhcpcsvc6.DLL
0x00007ffdf4480000 - 0x00007ffdf44a3000 	C:\WINDOWS\SYSTEM32\dhcpcsvc.DLL
0x00007ffdf9e40000 - 0x00007ffdf9f66000 	C:\WINDOWS\SYSTEM32\DNSAPI.dll
0x00007ffdf6090000 - 0x00007ffdf6099000 	C:\Program Files\Eclipse Adoptium\jdk-17.0.15.6-hotspot\bin\extnet.dll
0x00007ffdf3bd0000 - 0x00007ffdf3bde000 	C:\Program Files\Eclipse Adoptium\jdk-17.0.15.6-hotspot\bin\sunmscapi.dll
0x00007ffdfb700000 - 0x00007ffdfb877000 	C:\WINDOWS\System32\CRYPT32.dll
0x00007ffdfaee0000 - 0x00007ffdfaf10000 	C:\WINDOWS\SYSTEM32\ncrypt.dll
0x00007ffdfae90000 - 0x00007ffdfaecf000 	C:\WINDOWS\SYSTEM32\NTASN1.dll
0x00007ffdc1bf0000 - 0x00007ffdc1bf8000 	C:\WINDOWS\system32\wshunix.dll

dbghelp: loaded successfully - version: 4.0.5 - missing functions: none
symbol engine: initialized successfully - sym options: 0x614 - pdb path: .;C:\Program Files\Eclipse Adoptium\jdk-17.0.15.6-hotspot\bin;C:\WINDOWS\SYSTEM32;C:\WINDOWS\WinSxS\amd64_microsoft.windows.common-controls_6595b64144ccf1df_6.0.26100.6725_none_3e085828e334708b;C:\Program Files\Eclipse Adoptium\jdk-17.0.15.6-hotspot\bin\server;C:\Users\sangt\.gradle\native\1def1411415f61bf3af743bc5b6707747c0891f09f0c88961ee8f79bc544acac\windows-amd64;C:\Users\sangt\.gradle\native\0.2.5\x86_64-windows-gnu

VM Arguments:
jvm_args: --add-opens=java.base/java.lang=ALL-UNNAMED --add-opens=java.base/java.lang.invoke=ALL-UNNAMED --add-opens=java.base/java.util=ALL-UNNAMED --add-opens=java.prefs/java.util.prefs=ALL-UNNAMED --add-exports=jdk.compiler/com.sun.tools.javac.api=ALL-UNNAMED --add-exports=jdk.compiler/com.sun.tools.javac.util=ALL-UNNAMED --add-opens=java.base/java.util=ALL-UNNAMED --add-opens=java.prefs/java.util.prefs=ALL-UNNAMED --add-opens=java.base/java.nio.charset=ALL-UNNAMED --add-opens=java.base/java.net=ALL-UNNAMED --add-opens=java.base/java.util.concurrent.atomic=ALL-UNNAMED --add-opens=java.xml/javax.xml.namespace=ALL-UNNAMED -XX:MaxMetaspaceSize=4G -XX:ReservedCodeCacheSize=512m -XX:+HeapDumpOnOutOfMemoryError -Xmx8G -Dfile.encoding=UTF-8 -Duser.country=US -Duser.language=en -Duser.variant -javaagent:C:\Users\sangt\.gradle\wrapper\dists\gradle-8.12-all\ejduaidbjup3bmmkhw3rie4zb\gradle-8.12\lib\agents\gradle-instrumentation-agent-8.12.jar 
java_command: org.gradle.launcher.daemon.bootstrap.GradleDaemon 8.12
java_class_path (initial): C:\Users\sangt\.gradle\wrapper\dists\gradle-8.12-all\ejduaidbjup3bmmkhw3rie4zb\gradle-8.12\lib\gradle-daemon-main-8.12.jar
Launcher Type: SUN_STANDARD

[Global flags]
     intx CICompilerCount                          = 4                                         {product} {ergonomic}
     uint ConcGCThreads                            = 3                                         {product} {ergonomic}
     uint G1ConcRefinementThreads                  = 10                                        {product} {ergonomic}
   size_t G1HeapRegionSize                         = 4194304                                   {product} {ergonomic}
    uintx GCDrainStackTargetSize                   = 64                                        {product} {ergonomic}
     bool HeapDumpOnOutOfMemoryError               = true                                   {manageable} {command line}
   size_t InitialHeapSize                          = 331350016                                 {product} {ergonomic}
   size_t MarkStackSize                            = 4194304                                   {product} {ergonomic}
   size_t MaxHeapSize                              = 8589934592                                {product} {command line}
   size_t MaxMetaspaceSize                         = 4294967296                                {product} {command line}
   size_t MaxNewSize                               = 5150605312                                {product} {ergonomic}
   size_t MinHeapDeltaBytes                        = 4194304                                   {product} {ergonomic}
   size_t MinHeapSize                              = 8388608                                   {product} {ergonomic}
    uintx NonNMethodCodeHeapSize                   = 5839372                                {pd product} {ergonomic}
    uintx NonProfiledCodeHeapSize                  = 265515770                              {pd product} {ergonomic}
    uintx ProfiledCodeHeapSize                     = 265515770                              {pd product} {ergonomic}
    uintx ReservedCodeCacheSize                    = 536870912                              {pd product} {command line}
     bool SegmentedCodeCache                       = true                                      {product} {ergonomic}
   size_t SoftMaxHeapSize                          = 8589934592                             {manageable} {ergonomic}
   double SweeperThreshold                         = 0.234375                                  {product} {ergonomic}
     bool UseCompressedClassPointers               = true                           {product lp64_product} {ergonomic}
     bool UseCompressedOops                        = true                           {product lp64_product} {ergonomic}
     bool UseG1GC                                  = true                                      {product} {ergonomic}
     bool UseLargePagesIndividualAllocation        = false                                  {pd product} {ergonomic}

Logging:
Log output configuration:
 #0: stdout all=warning uptime,level,tags
 #1: stderr all=off uptime,level,tags

Environment Variables:
PATH=C:\Program Files\Eclipse Adoptium\jdk-17.0.15.6-hotspot\bin;C:\Python313\Scripts\;C:\Python313\;C:\Program Files\Common Files\Oracle\Java\javapath;C:\windows\system32;C:\windows;C:\windows\System32\Wbem;C:\windows\System32\WindowsPowerShell\v1.0\;C:\windows\System32\OpenSSH\;C:\Program Files (x86)\NVIDIA Corporation\PhysX\Common;C:\Program Files\NVIDIA Corporation\NVIDIA NvDLISR;C:\WINDOWS\system32;C:\WINDOWS;C:\WINDOWS\System32\Wbem;C:\WINDOWS\System32\WindowsPowerShell\v1.0\;C:\WINDOWS\System32\OpenSSH\;C:\Program Files\HP\HP One Agent;C:\WINDOWS\system32;C:\WINDOWS;C:\WINDOWS\System32\Wbem;C:\WINDOWS\System32\WindowsPowerShell\v1.0\;C:\WINDOWS\System32\OpenSSH\;C:\Program Files\nodejs\;C:\ProgramData\chocolatey\bin;C:\Program Files\MySQL\MySQL Server 9.2\bin;C:\Users\sangt\AppData\Local\Microsoft\WindowsApps;C:\Users\sangt\AppData\Roaming\npm;C:\Users\sangt\Downloads\flutter_windows_3.29.3-stable\flutter\bin;C:\Program Files\dotnet\;C:\Users\sangt\AppData\Local\Android\Sdk\platform-tools;C:\Program Files\Git\cmd;C:\Users\sangt\AppData\Local\Android\Sdk\flutter\bin;D:\;C:\Program Files\Docker\Docker\resources\bin;C:\Users\sangt\AppData\Local\Microsoft\WindowsApps;C:\Users\sangt\AppData\Roaming\npm;E:\Microsoft VS Code\bin;C:\tools\dart-sdk\bin;C:\Users\sangt\AppData\Local\Pub\Cache\bin;C:\Users\sangt\.dotnet\tools;C:\Users\sangt\AppData\Local\Android\Sdk\flutter\bin;C:\Users\sangt\AppData\Local\Android\Sdk\platform-tools;C:\Users\sangt\AppData\Local\Android\Sdk\emulator;C:\Users\sangt\AppData\Local\Android\Sdk\tools;C:\Users\sangt\AppData\Local\Android\Sdk\tools\bin;;C:\Program Files\JetBrains\WebStorm 2025.1.1\bin;
USERNAME=sangtran
OS=Windows_NT
PROCESSOR_IDENTIFIER=Intel64 Family 6 Model 141 Stepping 1, GenuineIntel
TMP=C:\Users\sangt\AppData\Local\Temp
TEMP=C:\Users\sangt\AppData\Local\Temp



Periodic native trim disabled


---------------  S Y S T E M  ---------------

OS:
 Windows 11 , 64 bit Build 26100 (10.0.26100.6725)
OS uptime: 0 days 1:16 hours
Hyper-V role detected

CPU: total 12 (initial active 12) (6 cores per cpu, 2 threads per core) family 6 model 141 stepping 1 microcode 0x4e, cx8, cmov, fxsr, ht, mmx, 3dnowpref, sse, sse2, sse3, ssse3, sse4.1, sse4.2, popcnt, lzcnt, tsc, tscinvbit, avx, avx2, aes, erms, clmul, bmi1, bmi2, adx, avx512f, avx512dq, avx512cd, avx512bw, avx512vl, sha, fma, vzeroupper, avx512_vpopcntdq, avx512_vpclmulqdq, avx512_vaes, avx512_vnni, clflush, clflushopt, clwb, avx512_vbmi2, avx512_vbmi, hv
Processor Information for all 12 processors :
  Max Mhz: 2688, Current Mhz: 2688, Mhz Limit: 2688

Memory: 4k page, system-wide physical 20117M (1485M free)
TotalPageFile size 28309M (AvailPageFile size 7M)
current process WorkingSet (physical memory assigned to process): 159M, peak: 159M
current process commit charge ("private bytes"): 462M, peak: 464M

vm_info: OpenJDK 64-Bit Server VM (17.0.15+6) for windows-amd64 JRE (17.0.15+6), built on Apr 15 2025 21:25:47 by "admin" with MS VC++ 17.7 (VS2022)

END.
